# Serial capture started at 2026-04-03T17:31:16.547841
# Port: COM16, Baudrate: 115200
# Format: [HH:MM:SS.mmm] <original line>
#===========================================================
[17:31:19.492] UPLINK | OK | TTN received
[17:31:19.494] Total uplinks sent: 90
[17:31:19.504] ════════════════════════════════════════════════════
[17:31:19.505] 
[17:31:19.537] [RADIO] Switched back to MESH_LISTEN mode
[17:31:19.601] [BCN] TX | rank=0 | queue=0%
[17:31:19.616] [DROP] Packet too short (0 bytes)
[17:31:19.722] [BCN] RX from 0x4 | rank=1 | rssi=-102
[17:31:19.836] [BCN] RX from 0x3 | rank=2 | rssi=-84
[17:31:21.373] ────────────────────────────────────────────────────
[17:31:21.378] RX_MESH | src=0x4 | seq=0 | hops=0 | rssi=-101
[17:31:21.381] LATENCY | src=0x4 | send_ts=1775208680 | recv_ts=1775208682 | one-way ~2387 ms
[17:31:21.470] ACK | to=0x4 | seq=0
[17:31:21.480] AGG | Added to buffer | count=1/7
[17:31:21.491] ────────────────────────────────────────────────────
[17:31:23.515] ────────────────────────────────────────────────────
[17:31:23.521] RX_MESH | src=0x4 | seq=1 | hops=0 | rssi=-101
[17:31:23.523] LATENCY | src=0x4 | send_ts=1775208681 | recv_ts=1775208684 | one-way ~3529 ms
[17:31:23.627] ACK | to=0x4 | seq=1
[17:31:23.637] AGG | Added to buffer | count=2/7
[17:31:23.648] ────────────────────────────────────────────────────
[17:31:25.293] [BCN] RX from 0x3 | rank=2 | rssi=-83
[17:31:25.390] ────────────────────────────────────────────────────
[17:31:25.395] RX_MESH | src=0x4 | seq=2 | hops=0 | rssi=-101
[17:31:25.398] LATENCY | src=0x4 | send_ts=1775208683 | recv_ts=1775208686 | one-way ~3404 ms
[17:31:25.496] ACK | to=0x4 | seq=2
[17:31:25.506] AGG | Added to buffer | count=3/7
[17:31:25.517] ────────────────────────────────────────────────────
[17:31:25.707] ────────────────────────────────────────────────────
[17:31:25.712] RX_MESH | src=0x4 | seq=3 | hops=0 | rssi=-101
[17:31:25.716] LATENCY | src=0x4 | send_ts=1775208685 | recv_ts=1775208686 | one-way ~1721 ms
[17:31:25.815] ACK | to=0x4 | seq=3
[17:31:25.825] AGG | Added to buffer | count=4/7
[17:31:25.835] ────────────────────────────────────────────────────
[17:31:26.828] ────────────────────────────────────────────────────
[17:31:26.833] RX_MESH | src=0x4 | seq=4 | hops=0 | rssi=-106
[17:31:26.837] LATENCY | src=0x4 | send_ts=1775208686 | recv_ts=1775208687 | one-way ~1842 ms
[17:31:26.903] ACK | to=0x4 | seq=4
[17:31:26.913] AGG | Added to buffer | count=5/7
[17:31:26.925] ────────────────────────────────────────────────────
[17:31:28.693] ────────────────────────────────────────────────────
[17:31:28.698] RX_MESH | src=0x4 | seq=5 | hops=0 | rssi=-104
[17:31:28.702] LATENCY | src=0x4 | send_ts=1775208687 | recv_ts=1775208689 | one-way ~2707 ms
[17:31:28.778] ACK | to=0x4 | seq=5
[17:31:28.787] AGG | Added to buffer | count=6/7
[17:31:28.799] ────────────────────────────────────────────────────
[17:31:28.858] [BCN] RX from 0x4 | rank=1 | rssi=-103
[17:31:29.665] [BCN] TX | rank=0 | queue=85%
[17:31:30.678] ────────────────────────────────────────────────────
[17:31:30.683] RX_MESH | src=0x4 | seq=6 | hops=0 | rssi=-102
[17:31:30.686] LATENCY | src=0x4 | send_ts=1775208689 | recv_ts=1775208691 | one-way ~2692 ms
[17:31:30.775] ACK | to=0x4 | seq=6
[17:31:30.785] AGG | Added to buffer | count=7/7
[17:31:30.801] ────────────────────────────────────────────────────
[17:31:30.801] 
[17:31:30.803] [FLUSH] Trigger detected, switching to LoRaWAN mode
[17:31:30.803] 
[17:31:30.817] ════════════════════════════════════════════════════
[17:31:30.818] FLUSH | records=7 | bytes=136
[17:31:37.293] UPLINK | OK | TTN received
[17:31:37.295] Total uplinks sent: 91
[17:31:37.306] ════════════════════════════════════════════════════
[17:31:37.307] 
[17:31:37.339] [RADIO] Switched back to MESH_LISTEN mode
[17:31:39.302] [BCN] RX from 0x3 | rank=2 | rssi=-84
[17:31:39.677] LBT | Channel busy, attempt 1/3, backing off 102 ms
[17:31:39.841] [BCN] TX | rank=0 | queue=0%
[17:31:41.002] ────────────────────────────────────────────────────
[17:31:41.007] RX_MESH | src=0x3 | seq=6 | hops=1 | rssi=-117
[17:31:41.010] LATENCY | src=0x3 | send_ts=1775208700 | recv_ts=1775208702 | one-way ~2016 ms
[17:31:41.087] ACK | to=0x4 | seq=6
[17:31:41.096] AGG | Added to buffer | count=1/7
[17:31:41.107] ────────────────────────────────────────────────────
[17:31:43.068] ────────────────────────────────────────────────────
[17:31:43.073] RX_MESH | src=0x3 | seq=7 | hops=1 | rssi=-114
[17:31:43.076] LATENCY | src=0x3 | send_ts=1775208701 | recv_ts=1775208704 | one-way ~3082 ms
[17:31:43.153] ACK | to=0x4 | seq=7
[17:31:43.162] AGG | Added to buffer | count=2/7
[17:31:43.173] ────────────────────────────────────────────────────
[17:31:43.921] ────────────────────────────────────────────────────
[17:31:43.926] RX_MESH | src=0x3 | seq=8 | hops=1 | rssi=-107
[17:31:43.929] LATENCY | src=0x3 | send_ts=1775208703 | recv_ts=1775208704 | one-way ~1935 ms
[17:31:44.009] ACK | to=0x4 | seq=8
[17:31:44.019] AGG | Added to buffer | count=3/7
[17:31:44.030] ────────────────────────────────────────────────────
[17:31:44.733] [DROP] Duplicate | src=0x3 seq=7
[17:31:44.818] ACK | to=0x4 | seq=7
[17:31:45.116] [DROP] Duplicate | src=0x3 seq=6
[17:31:45.205] ACK | to=0x4 | seq=6
[17:31:45.415] ────────────────────────────────────────────────────
[17:31:45.420] RX_MESH | src=0x3 | seq=5 | hops=1 | rssi=-108
[17:31:45.425] LATENCY | src=0x3 | send_ts=1775208700 | recv_ts=1775208706 | one-way ~6429 ms
[17:31:45.504] ACK | to=0x4 | seq=5
[17:31:45.513] AGG | Added to buffer | count=4/7
[17:31:45.524] ────────────────────────────────────────────────────
[17:31:45.714] ────────────────────────────────────────────────────
[17:31:45.719] RX_MESH | src=0x3 | seq=4 | hops=1 | rssi=-107
[17:31:45.722] LATENCY | src=0x3 | send_ts=1775208699 | recv_ts=1775208706 | one-way ~7728 ms
[17:31:45.826] ACK | to=0x4 | seq=4
[17:31:45.836] AGG | Added to buffer | count=5/7
[17:31:45.846] ────────────────────────────────────────────────────
[17:31:46.137] ────────────────────────────────────────────────────
[17:31:46.142] RX_MESH | src=0x3 | seq=2 | hops=1 | rssi=-107
[17:31:46.145] LATENCY | src=0x3 | send_ts=1775208692 | recv_ts=1775208707 | one-way ~15151 ms
[17:31:46.228] ACK | to=0x4 | seq=2
[17:31:46.237] AGG | Added to buffer | count=6/7
[17:31:46.248] ────────────────────────────────────────────────────
[17:31:46.538] ────────────────────────────────────────────────────
[17:31:46.543] RX_MESH | src=0x4 | seq=7 | hops=0 | rssi=-106
[17:31:46.546] LATENCY | src=0x4 | send_ts=1775208691 | recv_ts=1775208707 | one-way ~16552 ms
[17:31:46.651] ACK | to=0x4 | seq=7
[17:31:46.660] AGG | Added to buffer | count=7/7
[17:31:46.676] ────────────────────────────────────────────────────
[17:31:46.676] 
[17:31:46.678] [FLUSH] Trigger detected, switching to LoRaWAN mode
[17:31:46.678] 
[17:31:46.692] ════════════════════════════════════════════════════
[17:31:46.694] FLUSH | records=7 | bytes=136
[17:31:53.169] UPLINK | OK | TTN received
[17:31:53.170] Total uplinks sent: 92
[17:31:53.182] ════════════════════════════════════════════════════
[17:31:53.183] 
[17:31:53.214] [RADIO] Switched back to MESH_LISTEN mode
[17:31:53.278] [BCN] TX | rank=0 | queue=0%
[17:31:53.293] [DROP] Packet too short (0 bytes)
[17:31:53.994] ────────────────────────────────────────────────────
[17:31:53.999] RX_MESH | src=0x3 | seq=9 | hops=1 | rssi=-108
[17:31:54.003] LATENCY | src=0x3 | send_ts=1775208704 | recv_ts=1775208714 | one-way ~10008 ms
[17:31:54.090] ACK | to=0x4 | seq=9
[17:31:54.099] AGG | Added to buffer | count=1/7
[17:31:54.110] ────────────────────────────────────────────────────
[17:31:54.300] ────────────────────────────────────────────────────
[17:31:54.305] RX_MESH | src=0x4 | seq=8 | hops=0 | rssi=-106
[17:31:54.308] LATENCY | src=0x4 | send_ts=1775208707 | recv_ts=1775208715 | one-way ~8314 ms
[17:31:54.378] ACK | to=0x4 | seq=8
[17:31:54.387] AGG | Added to buffer | count=2/7
[17:31:54.398] ────────────────────────────────────────────────────
[17:31:54.904] ────────────────────────────────────────────────────
[17:31:54.909] RX_MESH | src=0x4 | seq=9 | hops=0 | rssi=-107
[17:31:54.912] LATENCY | src=0x4 | send_ts=1775208714 | recv_ts=1775208715 | one-way ~1918 ms
[17:31:54.979] ACK | to=0x4 | seq=9
[17:31:54.988] AGG | Added to buffer | count=3/7
[17:31:55.000] ────────────────────────────────────────────────────
[17:31:55.397] [BCN] RX from 0x3 | rank=2 | rssi=-84
[17:31:55.577] ────────────────────────────────────────────────────
[17:31:55.583] RX_MESH | src=0x4 | seq=10 | hops=0 | rssi=-107
[17:31:55.586] LATENCY | src=0x4 | send_ts=1775208715 | recv_ts=1775208716 | one-way ~1591 ms
[17:31:55.656] ACK | to=0x4 | seq=10
[17:31:55.665] AGG | Added to buffer | count=4/7
[17:31:55.676] ────────────────────────────────────────────────────
[17:31:56.540] ────────────────────────────────────────────────────
[17:31:56.545] RX_MESH | src=0x4 | seq=11 | hops=0 | rssi=-107
[17:31:56.549] LATENCY | src=0x4 | send_ts=1775208716 | recv_ts=1775208717 | one-way ~1554 ms
[17:31:56.586] LBT | Channel busy, attempt 1/3, backing off 114 ms
[17:31:56.710] LBT | Channel busy, attempt 2/3, backing off 203 ms
[17:31:56.968] ACK | to=0x4 | seq=11
[17:31:56.977] AGG | Added to buffer | count=5/7
[17:31:56.988] ────────────────────────────────────────────────────
[17:31:58.485] ────────────────────────────────────────────────────
[17:31:58.491] RX_MESH | src=0x3 | seq=12 | hops=1 | rssi=-104
[17:31:58.497] LATENCY | src=0x3 | send_ts=1775208715 | recv_ts=1775208719 | one-way ~4499 ms
[17:31:58.560] ACK | to=0x4 | seq=12
[17:31:58.569] AGG | Added to buffer | count=6/7
[17:31:58.581] ────────────────────────────────────────────────────
[17:32:00.537] [DROP] Duplicate | src=0x4 seq=11
[17:32:00.621] ACK | to=0x4 | seq=11
[17:32:00.702] [BCN] RX from 0x4 | rank=1 | rssi=-103
[17:32:02.160] ────────────────────────────────────────────────────
[17:32:02.166] RX_MESH | src=0x4 | seq=12 | hops=0 | rssi=-104
[17:32:02.169] LATENCY | src=0x4 | send_ts=1775208721 | recv_ts=1775208723 | one-way ~2174 ms
[17:32:02.258] ACK | to=0x4 | seq=12
[17:32:02.268] AGG | Added to buffer | count=7/7
[17:32:02.284] ────────────────────────────────────────────────────
[17:32:02.285] 
[17:32:02.287] [FLUSH] Trigger detected, switching to LoRaWAN mode
[17:32:02.287] 
[17:32:02.301] ════════════════════════════════════════════════════
[17:32:02.303] FLUSH | records=7 | bytes=136
[17:32:08.776] UPLINK | OK | TTN received
[17:32:08.777] Total uplinks sent: 93
[17:32:08.789] ════════════════════════════════════════════════════
[17:32:08.789] 
[17:32:08.821] [RADIO] Switched back to MESH_LISTEN mode
[17:32:08.885] [BCN] TX | rank=0 | queue=0%
[17:32:08.902] [DROP] Packet too short (0 bytes)
[17:32:10.231] ────────────────────────────────────────────────────
[17:32:10.237] RX_MESH | src=0x3 | seq=17 | hops=1 | rssi=-105
[17:32:10.239] LATENCY | src=0x3 | send_ts=1775208729 | recv_ts=1775208731 | one-way ~2245 ms
[17:32:10.308] ACK | to=0x4 | seq=17
[17:32:10.317] AGG | Added to buffer | count=1/7
[17:32:10.329] ────────────────────────────────────────────────────
[17:32:10.588] ────────────────────────────────────────────────────
[17:32:10.594] RX_MESH | src=0x3 | seq=16 | hops=1 | rssi=-106
[17:32:10.597] LATENCY | src=0x3 | send_ts=1775208729 | recv_ts=1775208731 | one-way ~2602 ms
[17:32:10.681] ACK | to=0x4 | seq=16
[17:32:10.690] AGG | Added to buffer | count=2/7
[17:32:10.702] ────────────────────────────────────────────────────
[17:32:12.305] ────────────────────────────────────────────────────
[17:32:12.310] RX_MESH | src=0x3 | seq=18 | hops=1 | rssi=-112
[17:32:12.314] LATENCY | src=0x3 | send_ts=1775208730 | recv_ts=1775208733 | one-way ~3319 ms
[17:32:12.394] ACK | to=0x4 | seq=18
[17:32:12.403] AGG | Added to buffer | count=3/7
[17:32:12.414] ────────────────────────────────────────────────────
[17:32:13.970] [DROP] Duplicate | src=0x3 seq=18
[17:32:14.038] ACK | to=0x4 | seq=18
[17:32:14.348] ────────────────────────────────────────────────────
[17:32:14.353] RX_MESH | src=0x3 | seq=15 | hops=1 | rssi=-107
[17:32:14.357] LATENCY | src=0x3 | send_ts=1775208727 | recv_ts=1775208735 | one-way ~8362 ms
[17:32:14.452] ACK | to=0x4 | seq=15
[17:32:14.461] AGG | Added to buffer | count=4/7
[17:32:14.473] ────────────────────────────────────────────────────
[17:32:14.762] ────────────────────────────────────────────────────
[17:32:14.767] RX_MESH | src=0x3 | seq=14 | hops=1 | rssi=-103
[17:32:14.771] LATENCY | src=0x3 | send_ts=1775208724 | recv_ts=1775208735 | one-way ~11776 ms
[17:32:14.873] ACK | to=0x4 | seq=14
[17:32:14.882] AGG | Added to buffer | count=5/7
[17:32:14.904] ────────────────────────────────────────────────────
[17:32:15.184] ────────────────────────────────────────────────────
[17:32:15.190] RX_MESH | src=0x4 | seq=13 | hops=0 | rssi=-106
[17:32:15.193] LATENCY | src=0x4 | send_ts=1775208722 | recv_ts=1775208736 | one-way ~14198 ms
[17:32:15.268] ACK | to=0x4 | seq=13
[17:32:15.277] AGG | Added to buffer | count=6/7
[17:32:15.289] ────────────────────────────────────────────────────
[17:32:15.349] [BCN] RX from 0x4 | rank=1 | rssi=-103
[17:32:17.352] ────────────────────────────────────────────────────
[17:32:17.358] RX_MESH | src=0x4 | seq=14 | hops=0 | rssi=-105
[17:32:17.361] LATENCY | src=0x4 | send_ts=1775208735 | recv_ts=1775208738 | one-way ~3366 ms
[17:32:17.438] ACK | to=0x4 | seq=14
[17:32:17.447] AGG | Added to buffer | count=7/7
[17:32:17.463] ────────────────────────────────────────────────────
[17:32:17.464] 
[17:32:17.466] [FLUSH] Trigger detected, switching to LoRaWAN mode
[17:32:17.467] 
[17:32:17.480] ════════════════════════════════════════════════════
[17:32:17.481] FLUSH | records=7 | bytes=136
[17:32:23.956] UPLINK | OK | TTN received
[17:32:23.958] Total uplinks sent: 94
[17:32:23.969] ════════════════════════════════════════════════════
[17:32:23.970] 
[17:32:24.002] [RADIO] Switched back to MESH_LISTEN mode
[17:32:24.066] [BCN] TX | rank=0 | queue=0%
[17:32:24.080] [DROP] Packet too short (0 bytes)
[17:32:25.787] ────────────────────────────────────────────────────
[17:32:25.793] RX_MESH | src=0x3 | seq=23 | hops=1 | rssi=-108
[17:32:25.796] LATENCY | src=0x3 | send_ts=1775208742 | recv_ts=1775208746 | one-way ~4801 ms
[17:32:25.886] ACK | to=0x4 | seq=23
[17:32:25.895] AGG | Added to buffer | count=1/7
[17:32:25.907] ────────────────────────────────────────────────────
[17:32:26.464] ────────────────────────────────────────────────────
[17:32:26.469] RX_MESH | src=0x3 | seq=24 | hops=1 | rssi=-107
[17:32:26.472] LATENCY | src=0x3 | send_ts=1775208746 | recv_ts=1775208747 | one-way ~1477 ms
[17:32:26.552] ACK | to=0x4 | seq=24
[17:32:26.561] AGG | Added to buffer | count=2/7
[17:32:26.573] ────────────────────────────────────────────────────
[17:32:27.454] [DROP] Duplicate | src=0x3 seq=23
[17:32:27.527] ACK | to=0x4 | seq=23
[17:32:28.295] [BCN] RX from 0x3 | rank=2 | rssi=-83
[17:32:29.600] ────────────────────────────────────────────────────
[17:32:29.606] RX_MESH | src=0x3 | seq=26 | hops=1 | rssi=-112
[17:32:29.609] LATENCY | src=0x3 | send_ts=1775208748 | recv_ts=1775208750 | one-way ~2614 ms
[17:32:29.700] ACK | to=0x4 | seq=26
[17:32:29.709] AGG | Added to buffer | count=3/7
[17:32:29.722] ────────────────────────────────────────────────────
[17:32:30.140] ────────────────────────────────────────────────────
[17:32:30.145] RX_MESH | src=0x3 | seq=25 | hops=1 | rssi=-109
[17:32:30.149] LATENCY | src=0x3 | send_ts=1775208746 | recv_ts=1775208751 | one-way ~5154 ms
[17:32:30.227] ACK | to=0x4 | seq=25
[17:32:30.236] AGG | Added to buffer | count=4/7
[17:32:30.247] ────────────────────────────────────────────────────
[17:32:30.844] ────────────────────────────────────────────────────
[17:32:30.850] RX_MESH | src=0x3 | seq=21 | hops=1 | rssi=-109
[17:32:30.853] LATENCY | src=0x3 | send_ts=1775208740 | recv_ts=1775208751 | one-way ~11858 ms
[17:32:30.951] ACK | to=0x4 | seq=21
[17:32:30.960] AGG | Added to buffer | count=5/7
[17:32:30.972] ────────────────────────────────────────────────────
[17:32:31.161] ────────────────────────────────────────────────────
[17:32:31.167] RX_MESH | src=0x3 | seq=20 | hops=1 | rssi=-108
[17:32:31.171] LATENCY | src=0x3 | send_ts=1775208738 | recv_ts=1775208752 | one-way ~14175 ms
[17:32:31.245] ACK | to=0x4 | seq=20
[17:32:31.254] AGG | Added to buffer | count=6/7
[17:32:31.266] ────────────────────────────────────────────────────
[17:32:31.453] ────────────────────────────────────────────────────
[17:32:31.460] RX_MESH | src=0x4 | seq=15 | hops=0 | rssi=-109
[17:32:31.462] LATENCY | src=0x4 | send_ts=1775208737 | recv_ts=1775208752 | one-way ~15467 ms
[17:32:31.556] ACK | to=0x4 | seq=15
[17:32:31.566] AGG | Added to buffer | count=7/7
[17:32:31.581] ────────────────────────────────────────────────────
[17:32:31.583] 
[17:32:31.586] [FLUSH] Trigger detected, switching to LoRaWAN mode
[17:32:31.586] 
[17:32:31.597] ════════════════════════════════════════════════════
[17:32:31.599] FLUSH | records=7 | bytes=136
[17:32:38.074] UPLINK | OK | TTN received
[17:32:38.075] Total uplinks sent: 95
[17:32:38.087] ════════════════════════════════════════════════════
[17:32:38.088] 
[17:32:38.120] [RADIO] Switched back to MESH_LISTEN mode
[17:32:38.183] [BCN] TX | rank=0 | queue=0%
[17:32:38.198] [DROP] Packet too short (0 bytes)
[17:32:38.571] ────────────────────────────────────────────────────
[17:32:38.576] RX_MESH | src=0x3 | seq=28 | hops=1 | rssi=-101
[17:32:38.580] LATENCY | src=0x3 | send_ts=1775208754 | recv_ts=1775208759 | one-way ~5585 ms
[17:32:38.622] LBT | Channel busy, attempt 1/3, backing off 117 ms
[17:32:38.794] ACK | to=0x4 | seq=28
[17:32:38.804] AGG | Added to buffer | count=1/7
[17:32:38.815] ────────────────────────────────────────────────────
[17:32:38.960] [BCN] RX from 0x3 | rank=2 | rssi=-83
[17:32:39.220] ────────────────────────────────────────────────────
[17:32:39.225] RX_MESH | src=0x3 | seq=29 | hops=1 | rssi=-101
[17:32:39.228] LATENCY | src=0x3 | send_ts=1775208755 | recv_ts=1775208760 | one-way ~5233 ms
[17:32:39.333] ACK | to=0x4 | seq=29
[17:32:39.341] AGG | Added to buffer | count=2/7
[17:32:39.354] ────────────────────────────────────────────────────
[17:32:40.559] ────────────────────────────────────────────────────
[17:32:40.565] RX_MESH | src=0x3 | seq=27 | hops=1 | rssi=-105
[17:32:40.570] LATENCY | src=0x3 | send_ts=1775208750 | recv_ts=1775208761 | one-way ~11573 ms
[17:32:40.658] ACK | to=0x4 | seq=27
[17:32:40.668] AGG | Added to buffer | count=3/7
[17:32:40.679] ────────────────────────────────────────────────────
[17:32:40.867] ────────────────────────────────────────────────────
[17:32:40.872] RX_MESH | src=0x4 | seq=16 | hops=0 | rssi=-106
[17:32:40.876] LATENCY | src=0x4 | send_ts=1775208751 | recv_ts=1775208761 | one-way ~10881 ms
[17:32:40.918] LBT | Channel busy, attempt 1/3, backing off 114 ms
[17:32:41.086] ACK | to=0x4 | seq=16
[17:32:41.095] AGG | Added to buffer | count=4/7
[17:32:41.107] ────────────────────────────────────────────────────
[17:32:42.809] ────────────────────────────────────────────────────
[17:32:42.815] RX_MESH | src=0x3 | seq=30 | hops=1 | rssi=-104
[17:32:42.818] LATENCY | src=0x3 | send_ts=1775208759 | recv_ts=1775208763 | one-way ~4823 ms
[17:32:42.921] ACK | to=0x4 | seq=30
[17:32:42.931] AGG | Added to buffer | count=5/7
[17:32:42.942] ────────────────────────────────────────────────────
[17:32:43.218] [DROP] Duplicate | src=0x4 seq=16
[17:32:43.311] ACK | to=0x4 | seq=16
[17:32:43.393] [BCN] RX from 0x4 | rank=1 | rssi=-104
[17:32:44.455] ────────────────────────────────────────────────────
[17:32:44.460] RX_MESH | src=0x4 | seq=17 | hops=0 | rssi=-102
[17:32:44.464] LATENCY | src=0x4 | send_ts=1775208763 | recv_ts=1775208765 | one-way ~2468 ms
[17:32:44.531] ACK | to=0x4 | seq=17
[17:32:44.541] AGG | Added to buffer | count=6/7
[17:32:44.552] ────────────────────────────────────────────────────
[17:32:45.737] ────────────────────────────────────────────────────
[17:32:45.742] RX_MESH | src=0x4 | seq=18 | hops=0 | rssi=-110
[17:32:45.745] LATENCY | src=0x4 | send_ts=1775208764 | recv_ts=1775208766 | one-way ~2750 ms
[17:32:45.816] ACK | to=0x4 | seq=18
[17:32:45.826] AGG | Added to buffer | count=7/7
[17:32:45.841] ────────────────────────────────────────────────────
[17:32:45.842] 
[17:32:45.844] [FLUSH] Trigger detected, switching to LoRaWAN mode
[17:32:45.844] 
[17:32:45.858] ════════════════════════════════════════════════════
[17:32:45.860] FLUSH | records=7 | bytes=136
[17:32:52.335] UPLINK | OK | TTN received
[17:32:52.336] Total uplinks sent: 96
[17:32:52.347] ════════════════════════════════════════════════════
[17:32:52.348] 
[17:32:52.380] [RADIO] Switched back to MESH_LISTEN mode
[17:32:52.443] [BCN] TX | rank=0 | queue=0%
[17:32:52.458] [DROP] Packet too short (0 bytes)
[17:32:53.492] ────────────────────────────────────────────────────
[17:32:53.497] RX_MESH | src=0x3 | seq=32 | hops=1 | rssi=-105
[17:32:53.500] LATENCY | src=0x3 | send_ts=1775208768 | recv_ts=1775208774 | one-way ~6505 ms
[17:32:53.600] ACK | to=0x4 | seq=32
[17:32:53.610] AGG | Added to buffer | count=1/7
[17:32:53.621] ────────────────────────────────────────────────────
[17:32:53.911] ────────────────────────────────────────────────────
[17:32:53.917] RX_MESH | src=0x4 | seq=19 | hops=0 | rssi=-104
[17:32:53.920] LATENCY | src=0x4 | send_ts=1775208766 | recv_ts=1775208774 | one-way ~8925 ms
[17:32:54.018] ACK | to=0x4 | seq=19
[17:32:54.028] AGG | Added to buffer | count=2/7
[17:32:54.040] ────────────────────────────────────────────────────
[17:32:54.101] [BCN] RX from 0x4 | rank=1 | rssi=-105
[17:32:55.927] ────────────────────────────────────────────────────
[17:32:55.933] RX_MESH | src=0x4 | seq=20 | hops=0 | rssi=-109
[17:32:55.936] LATENCY | src=0x4 | send_ts=1775208774 | recv_ts=1775208776 | one-way ~2941 ms
[17:32:56.039] ACK | to=0x4 | seq=20
[17:32:56.048] AGG | Added to buffer | count=3/7
[17:32:56.058] ────────────────────────────────────────────────────
[17:32:57.681] ────────────────────────────────────────────────────
[17:32:57.686] RX_MESH | src=0x4 | seq=21 | hops=0 | rssi=-109
[17:32:57.689] LATENCY | src=0x4 | send_ts=1775208776 | recv_ts=1775208778 | one-way ~2694 ms
[17:32:57.763] ACK | to=0x4 | seq=21
[17:32:57.773] AGG | Added to buffer | count=4/7
[17:32:57.784] ────────────────────────────────────────────────────
[17:32:59.511] ────────────────────────────────────────────────────
[17:32:59.516] RX_MESH | src=0x4 | seq=22 | hops=0 | rssi=-117
[17:32:59.520] LATENCY | src=0x4 | send_ts=1775208778 | recv_ts=1775208780 | one-way ~2524 ms
[17:32:59.587] ACK | to=0x4 | seq=22
[17:32:59.595] AGG | Added to buffer | count=5/7
[17:32:59.608] ────────────────────────────────────────────────────
[17:33:00.702] [BCN] RX from 0x3 | rank=2 | rssi=-83
[17:33:02.254] ────────────────────────────────────────────────────
[17:33:02.259] RX_MESH | src=0x3 | seq=35 | hops=1 | rssi=-112
[17:33:02.262] LATENCY | src=0x3 | send_ts=1775208781 | recv_ts=1775208783 | one-way ~2267 ms
[17:33:02.335] ACK | to=0x4 | seq=35
[17:33:02.345] AGG | Added to buffer | count=6/7
[17:33:02.356] ────────────────────────────────────────────────────
[17:33:02.507] [BCN] TX | rank=0 | queue=85%
[17:33:03.371] ────────────────────────────────────────────────────
[17:33:03.376] RX_MESH | src=0x3 | seq=36 | hops=1 | rssi=-110
[17:33:03.380] LATENCY | src=0x3 | send_ts=1775208782 | recv_ts=1775208784 | one-way ~2384 ms
[17:33:03.465] ACK | to=0x4 | seq=36
[17:33:03.475] AGG | Added to buffer | count=7/7
[17:33:03.491] ────────────────────────────────────────────────────
[17:33:03.492] 
[17:33:03.496] [FLUSH] Trigger detected, switching to LoRaWAN mode
[17:33:03.496] 
[17:33:03.507] ════════════════════════════════════════════════════
[17:33:03.508] FLUSH | records=7 | bytes=136
[17:33:09.984] UPLINK | OK | TTN received
[17:33:09.985] Total uplinks sent: 97
[17:33:09.996] ════════════════════════════════════════════════════
[17:33:09.997] 
[17:33:10.029] [RADIO] Switched back to MESH_LISTEN mode
[17:33:10.116] ────────────────────────────────────────────────────
[17:33:10.121] RX_MESH | src=0x3 | seq=42 | hops=1 | rssi=-104
[17:33:10.124] LATENCY | src=0x3 | send_ts=1775208789 | recv_ts=1775208791 | one-way ~2129 ms
[17:33:10.197] ACK | to=0x4 | seq=42
[17:33:10.205] AGG | Added to buffer | count=1/7
[17:33:10.218] ────────────────────────────────────────────────────
[17:33:11.714] ────────────────────────────────────────────────────
[17:33:11.719] RX_MESH | src=0x3 | seq=44 | hops=1 | rssi=-102
[17:33:11.722] LATENCY | src=0x3 | send_ts=1775208791 | recv_ts=1775208792 | one-way ~1727 ms
[17:33:11.799] ACK | to=0x4 | seq=44
[17:33:11.809] AGG | Added to buffer | count=2/7
[17:33:11.820] ────────────────────────────────────────────────────
[17:33:12.521] LBT | Channel busy, attempt 1/3, backing off 133 ms
[17:33:12.714] [BCN] TX | rank=0 | queue=28%
[17:33:13.088] ────────────────────────────────────────────────────
[17:33:13.094] RX_MESH | src=0x3 | seq=45 | hops=1 | rssi=-101
[17:33:13.096] LATENCY | src=0x3 | send_ts=1775208792 | recv_ts=1775208794 | one-way ~2101 ms
[17:33:13.188] ACK | to=0x4 | seq=45
[17:33:13.198] AGG | Added to buffer | count=3/7
[17:33:13.209] ────────────────────────────────────────────────────
[17:33:14.219] ────────────────────────────────────────────────────
[17:33:14.224] RX_MESH | src=0x3 | seq=46 | hops=1 | rssi=-101
[17:33:14.227] LATENCY | src=0x3 | send_ts=1775208793 | recv_ts=1775208795 | one-way ~2232 ms
[17:33:14.298] ACK | to=0x4 | seq=46
[17:33:14.307] AGG | Added to buffer | count=4/7
[17:33:14.320] ────────────────────────────────────────────────────
[17:33:14.610] ────────────────────────────────────────────────────
[17:33:14.614] RX_MESH | src=0x3 | seq=43 | hops=1 | rssi=-102
[17:33:14.618] LATENCY | src=0x3 | send_ts=1775208790 | recv_ts=1775208795 | one-way ~5622 ms
[17:33:14.700] ACK | to=0x4 | seq=43
[17:33:14.709] AGG | Added to buffer | count=5/7
[17:33:14.721] ────────────────────────────────────────────────────
[17:33:14.910] ────────────────────────────────────────────────────
[17:33:14.915] RX_MESH | src=0x3 | seq=41 | hops=1 | rssi=-102
[17:33:14.918] LATENCY | src=0x3 | send_ts=1775208789 | recv_ts=1775208795 | one-way ~6923 ms
[17:33:14.987] ACK | to=0x4 | seq=41
[17:33:14.996] AGG | Added to buffer | count=6/7
[17:33:15.007] ────────────────────────────────────────────────────
[17:33:15.196] ────────────────────────────────────────────────────
[17:33:15.202] RX_MESH | src=0x3 | seq=40 | hops=1 | rssi=-103
[17:33:15.206] LATENCY | src=0x3 | send_ts=1775208787 | recv_ts=1775208796 | one-way ~9210 ms
[17:33:15.292] ACK | to=0x4 | seq=40
[17:33:15.301] AGG | Added to buffer | count=7/7
[17:33:15.318] ────────────────────────────────────────────────────
[17:33:15.319] 
[17:33:15.321] [FLUSH] Trigger detected, switching to LoRaWAN mode
[17:33:15.321] 
[17:33:15.334] ════════════════════════════════════════════════════
[17:33:15.336] FLUSH | records=7 | bytes=136
[17:33:21.811] UPLINK | OK | TTN received
[17:33:21.812] Total uplinks sent: 98
[17:33:21.823] ════════════════════════════════════════════════════
[17:33:21.824] 
[17:33:21.856] [RADIO] Switched back to MESH_LISTEN mode
[17:33:22.777] [BCN] TX | rank=0 | queue=0%
[17:33:22.905] ────────────────────────────────────────────────────
[17:33:22.910] RX_MESH | src=0x3 | seq=51 | hops=1 | rssi=-102
[17:33:22.914] LATENCY | src=0x3 | send_ts=1775208798 | recv_ts=1775208803 | one-way ~5918 ms
[17:33:22.999] ACK | to=0x4 | seq=51
[17:33:23.009] AGG | Added to buffer | count=1/7
[17:33:23.021] ────────────────────────────────────────────────────
[17:33:23.209] ────────────────────────────────────────────────────
[17:33:23.217] RX_MESH | src=0x3 | seq=50 | hops=1 | rssi=-102
[17:33:23.219] LATENCY | src=0x3 | send_ts=1775208797 | recv_ts=1775208804 | one-way ~7222 ms
[17:33:23.315] ACK | to=0x4 | seq=50
[17:33:23.323] AGG | Added to buffer | count=2/7
[17:33:23.335] ────────────────────────────────────────────────────
[17:33:23.524] ────────────────────────────────────────────────────
[17:33:23.529] RX_MESH | src=0x3 | seq=49 | hops=1 | rssi=-104
[17:33:23.532] LATENCY | src=0x3 | send_ts=1775208797 | recv_ts=1775208804 | one-way ~7537 ms
[17:33:23.624] ACK | to=0x4 | seq=49
[17:33:23.634] AGG | Added to buffer | count=3/7
[17:33:23.646] ────────────────────────────────────────────────────
[17:33:23.834] ────────────────────────────────────────────────────
[17:33:23.839] RX_MESH | src=0x3 | seq=48 | hops=1 | rssi=-103
[17:33:23.842] LATENCY | src=0x3 | send_ts=1775208796 | recv_ts=1775208804 | one-way ~8847 ms
[17:33:23.876] LBT | Channel busy, attempt 1/3, backing off 117 ms
[17:33:24.049] ACK | to=0x4 | seq=48
[17:33:24.058] AGG | Added to buffer | count=4/7
[17:33:24.069] ────────────────────────────────────────────────────
[17:33:24.258] ────────────────────────────────────────────────────
[17:33:24.263] RX_MESH | src=0x3 | seq=47 | hops=1 | rssi=-101
[17:33:24.267] LATENCY | src=0x3 | send_ts=1775208794 | recv_ts=1775208805 | one-way ~11271 ms
[17:33:24.354] ACK | to=0x4 | seq=47
[17:33:24.363] AGG | Added to buffer | count=5/7
[17:33:24.374] ────────────────────────────────────────────────────
[17:33:24.663] ────────────────────────────────────────────────────
[17:33:24.669] RX_MESH | src=0x3 | seq=39 | hops=1 | rssi=-102
[17:33:24.672] LATENCY | src=0x3 | send_ts=1775208785 | recv_ts=1775208805 | one-way ~20676 ms
[17:33:24.746] ACK | to=0x4 | seq=39
[17:33:24.756] AGG | Added to buffer | count=6/7
[17:33:24.767] ────────────────────────────────────────────────────
[17:33:25.058] ────────────────────────────────────────────────────
[17:33:25.063] RX_MESH | src=0x3 | seq=38 | hops=1 | rssi=-104
[17:33:25.067] LATENCY | src=0x3 | send_ts=1775208784 | recv_ts=1775208806 | one-way ~22071 ms
[17:33:25.150] ACK | to=0x4 | seq=38
[17:33:25.159] AGG | Added to buffer | count=7/7
[17:33:25.174] ────────────────────────────────────────────────────
[17:33:25.175] 
[17:33:25.177] [FLUSH] Trigger detected, switching to LoRaWAN mode
[17:33:25.177] 
[17:33:25.191] ════════════════════════════════════════════════════
[17:33:25.192] FLUSH | records=7 | bytes=136
[17:33:31.668] UPLINK | OK | TTN received
[17:33:31.669] Total uplinks sent: 99
[17:33:31.680] ════════════════════════════════════════════════════
[17:33:31.681] 
[17:33:31.713] [RADIO] Switched back to MESH_LISTEN mode
[17:33:32.402] ────────────────────────────────────────────────────
[17:33:32.407] RX_MESH | src=0x3 | seq=53 | hops=1 | rssi=-99
[17:33:32.410] LATENCY | src=0x3 | send_ts=1775208806 | recv_ts=1775208813 | one-way ~7415 ms
[17:33:32.480] ACK | to=0x4 | seq=53
[17:33:32.489] AGG | Added to buffer | count=1/7
[17:33:32.501] ────────────────────────────────────────────────────
[17:33:32.841] [BCN] TX | rank=0 | queue=14%
[17:33:32.997] ────────────────────────────────────────────────────
[17:33:33.002] RX_MESH | src=0x4 | seq=22 | hops=0 | rssi=-98
[17:33:33.006] LATENCY | src=0x4 | send_ts=1775208778 | recv_ts=1775208813 | one-way ~35010 ms
[17:33:33.107] ACK | to=0x4 | seq=22
[17:33:33.116] AGG | Added to buffer | count=2/7
[17:33:33.128] ────────────────────────────────────────────────────
[17:33:33.340] [BCN] RX from 0x4 | rank=1 | rssi=-98
[17:33:34.277] ────────────────────────────────────────────────────
[17:33:34.282] RX_MESH | src=0x4 | seq=23 | hops=0 | rssi=-101
[17:33:34.286] LATENCY | src=0x4 | send_ts=1775208813 | recv_ts=1775208815 | one-way ~2290 ms
[17:33:34.382] ACK | to=0x4 | seq=23
[17:33:34.391] AGG | Added to buffer | count=3/7
[17:33:34.404] ────────────────────────────────────────────────────
[17:33:34.923] ────────────────────────────────────────────────────
[17:33:34.928] RX_MESH | src=0x4 | seq=24 | hops=0 | rssi=-101
[17:33:34.932] LATENCY | src=0x4 | send_ts=1775208814 | recv_ts=1775208815 | one-way ~1936 ms
[17:33:35.035] ACK | to=0x4 | seq=24
[17:33:35.045] AGG | Added to buffer | count=4/7
[17:33:35.056] ────────────────────────────────────────────────────
[17:33:35.265] ────────────────────────────────────────────────────
[17:33:35.270] RX_MESH | src=0x4 | seq=25 | hops=0 | rssi=-102
[17:33:35.275] LATENCY | src=0x4 | send_ts=1775208815 | recv_ts=1775208816 | one-way ~1278 ms
[17:33:35.351] ACK | to=0x4 | seq=25
[17:33:35.360] AGG | Added to buffer | count=5/7
[17:33:35.371] ────────────────────────────────────────────────────
[17:33:38.307] [BCN] RX from 0x3 | rank=2 | rssi=-88
[17:33:39.253] ────────────────────────────────────────────────────
[17:33:39.258] RX_MESH | src=0x4 | seq=26 | hops=0 | rssi=-98
[17:33:39.261] LATENCY | src=0x4 | send_ts=1775208815 | recv_ts=1775208820 | one-way ~5266 ms
[17:33:39.335] ACK | to=0x4 | seq=26
[17:33:39.345] AGG | Added to buffer | count=6/7
[17:33:39.357] ────────────────────────────────────────────────────
[17:33:40.353] ────────────────────────────────────────────────────
[17:33:40.358] RX_MESH | src=0x4 | seq=27 | hops=0 | rssi=-99
[17:33:40.361] LATENCY | src=0x4 | send_ts=1775208819 | recv_ts=1775208821 | one-way ~2366 ms
[17:33:40.465] ACK | to=0x4 | seq=27
[17:33:40.474] AGG | Added to buffer | count=7/7
[17:33:40.490] ────────────────────────────────────────────────────
[17:33:40.490] 
[17:33:40.492] [FLUSH] Trigger detected, switching to LoRaWAN mode
[17:33:40.492] 
[17:33:40.506] ════════════════════════════════════════════════════
[17:33:40.508] FLUSH | records=7 | bytes=136
[17:33:46.983] UPLINK | OK | TTN received
[17:33:46.985] Total uplinks sent: 100
[17:33:46.995] ════════════════════════════════════════════════════
[17:33:46.997] 
[17:33:47.028] [RADIO] Switched back to MESH_LISTEN mode
[17:33:47.041] LBT | Channel busy, attempt 1/3, backing off 137 ms
[17:33:47.238] [BCN] TX | rank=0 | queue=0%
[17:33:47.253] [DROP] Packet too short (0 bytes)
[17:33:49.152] ────────────────────────────────────────────────────
[17:33:49.157] RX_MESH | src=0x4 | seq=28 | hops=0 | rssi=-101
[17:33:49.161] LATENCY | src=0x4 | send_ts=1775208820 | recv_ts=1775208830 | one-way ~10165 ms
[17:33:49.252] ACK | to=0x4 | seq=28
[17:33:49.261] AGG | Added to buffer | count=1/7
[17:33:49.273] ────────────────────────────────────────────────────
[17:33:49.334] [BCN] RX from 0x4 | rank=1 | rssi=-101
[17:33:50.536] [BCN] RX from 0x3 | rank=2 | rssi=-88
[17:33:50.824] ────────────────────────────────────────────────────
[17:33:50.829] RX_MESH | src=0x4 | seq=29 | hops=0 | rssi=-101
[17:33:50.833] LATENCY | src=0x4 | send_ts=1775208829 | recv_ts=1775208831 | one-way ~2837 ms
[17:33:50.903] ACK | to=0x4 | seq=29
[17:33:50.912] AGG | Added to buffer | count=2/7
[17:33:50.924] ────────────────────────────────────────────────────
[17:33:51.735] ────────────────────────────────────────────────────
[17:33:51.740] RX_MESH | src=0x4 | seq=30 | hops=0 | rssi=-102
[17:33:51.745] LATENCY | src=0x4 | send_ts=1775208831 | recv_ts=1775208832 | one-way ~1748 ms
[17:33:51.844] ACK | to=0x4 | seq=30
[17:33:51.854] AGG | Added to buffer | count=3/7
[17:33:51.865] ────────────────────────────────────────────────────
[17:33:53.402] [DROP] Duplicate | src=0x4 seq=30
[17:33:53.474] ACK | to=0x4 | seq=30
[17:33:54.501] ────────────────────────────────────────────────────
[17:33:54.506] RX_MESH | src=0x4 | seq=31 | hops=0 | rssi=-109
[17:33:54.509] LATENCY | src=0x4 | send_ts=1775208833 | recv_ts=1775208835 | one-way ~2513 ms
[17:33:54.596] ACK | to=0x4 | seq=31
[17:33:54.605] AGG | Added to buffer | count=4/7
[17:33:54.617] ────────────────────────────────────────────────────
[17:33:55.594] ────────────────────────────────────────────────────
[17:33:55.599] RX_MESH | src=0x4 | seq=32 | hops=0 | rssi=-104
[17:33:55.603] LATENCY | src=0x4 | send_ts=1775208834 | recv_ts=1775208836 | one-way ~2607 ms
[17:33:55.672] ACK | to=0x4 | seq=32
[17:33:55.681] AGG | Added to buffer | count=5/7
[17:33:55.692] ────────────────────────────────────────────────────
[17:33:57.251] LBT | Channel busy, attempt 1/3, backing off 104 ms
[17:33:57.365] LBT | Channel busy, attempt 2/3, backing off 235 ms
[17:33:57.661] [BCN] TX | rank=0 | queue=71%
[17:33:59.086] ────────────────────────────────────────────────────
[17:33:59.091] RX_MESH | src=0x4 | seq=33 | hops=0 | rssi=-99
[17:33:59.095] LATENCY | src=0x4 | send_ts=1775208836 | recv_ts=1775208840 | one-way ~4099 ms
[17:33:59.164] ACK | to=0x4 | seq=33
[17:33:59.174] AGG | Added to buffer | count=6/7
[17:33:59.186] ────────────────────────────────────────────────────
[17:33:59.355] ────────────────────────────────────────────────────
[17:33:59.360] RX_MESH | src=0x3 | seq=58 | hops=0 | rssi=-87
[17:33:59.364] LATENCY | src=0x3 | send_ts=1775208837 | recv_ts=1775208840 | one-way ~3368 ms
[17:33:59.430] ACK | to=0x3 | seq=58
[17:33:59.439] AGG | Added to buffer | count=7/7
[17:33:59.455] ────────────────────────────────────────────────────
[17:33:59.457] 
[17:33:59.458] [FLUSH] Trigger detected, switching to LoRaWAN mode
[17:33:59.458] 
[17:33:59.471] ════════════════════════════════════════════════════
[17:33:59.472] FLUSH | records=7 | bytes=136
[17:34:05.948] UPLINK | OK | TTN received
[17:34:05.949] Total uplinks sent: 101
[17:34:05.961] ════════════════════════════════════════════════════
[17:34:05.961] 
[17:34:05.993] [RADIO] Switched back to MESH_LISTEN mode
[17:34:06.166] ────────────────────────────────────────────────────
[17:34:06.171] RX_MESH | src=0x3 | seq=60 | hops=0 | rssi=-90
[17:34:06.175] LATENCY | src=0x3 | send_ts=1775208845 | recv_ts=1775208847 | one-way ~2179 ms
[17:34:06.257] ACK | to=0x3 | seq=60
[17:34:06.267] AGG | Added to buffer | count=1/7
[17:34:06.277] ────────────────────────────────────────────────────
[17:34:06.562] [BCN] RX from 0x4 | rank=1 | rssi=-100
[17:34:07.187] ────────────────────────────────────────────────────
[17:34:07.191] RX_MESH | src=0x4 | seq=35 | hops=0 | rssi=-101
[17:34:07.195] LATENCY | src=0x4 | send_ts=1775208846 | recv_ts=1775208848 | one-way ~2199 ms
[17:34:07.270] ACK | to=0x4 | seq=35
[17:34:07.279] AGG | Added to buffer | count=2/7
[17:34:07.290] ────────────────────────────────────────────────────
[17:34:07.726] [BCN] TX | rank=0 | queue=28%
[17:34:07.904] ────────────────────────────────────────────────────
[17:34:07.908] RX_MESH | src=0x3 | seq=61 | hops=0 | rssi=-89
[17:34:07.911] LATENCY | src=0x3 | send_ts=1775208846 | recv_ts=1775208848 | one-way ~2916 ms
[17:34:08.000] ACK | to=0x3 | seq=61
[17:34:08.010] AGG | Added to buffer | count=3/7
[17:34:08.021] ────────────────────────────────────────────────────
[17:34:08.223] ────────────────────────────────────────────────────
[17:34:08.228] RX_MESH | src=0x3 | seq=62 | hops=0 | rssi=-90
[17:34:08.232] LATENCY | src=0x3 | send_ts=1775208848 | recv_ts=1775208849 | one-way ~1236 ms
[17:34:08.315] ACK | to=0x3 | seq=62
[17:34:08.324] AGG | Added to buffer | count=4/7
[17:34:08.336] ────────────────────────────────────────────────────
[17:34:08.609] ────────────────────────────────────────────────────
[17:34:08.614] RX_MESH | src=0x3 | seq=63 | hops=0 | rssi=-89
[17:34:08.618] LATENCY | src=0x3 | send_ts=1775208849 | recv_ts=1775208849 | one-way ~622 ms
[17:34:08.704] ACK | to=0x3 | seq=63
[17:34:08.713] AGG | Added to buffer | count=5/7
[17:34:08.725] ────────────────────────────────────────────────────
[17:34:08.987] ────────────────────────────────────────────────────
[17:34:08.992] RX_MESH | src=0x4 | seq=36 | hops=0 | rssi=-103
[17:34:08.995] LATENCY | src=0x4 | send_ts=1775208847 | recv_ts=1775208849 | one-way ~2000 ms
[17:34:09.071] ACK | to=0x4 | seq=36
[17:34:09.081] AGG | Added to buffer | count=6/7
[17:34:09.091] ────────────────────────────────────────────────────
[17:34:10.205] ────────────────────────────────────────────────────
[17:34:10.211] RX_MESH | src=0x3 | seq=64 | hops=0 | rssi=-89
[17:34:10.216] LATENCY | src=0x3 | send_ts=1775208849 | recv_ts=1775208851 | one-way ~2218 ms
[17:34:10.304] ACK | to=0x3 | seq=64
[17:34:10.313] AGG | Added to buffer | count=7/7
[17:34:10.329] ────────────────────────────────────────────────────
[17:34:10.329] 
[17:34:10.335] [FLUSH] Trigger detected, switching to LoRaWAN mode
[17:34:10.336] 
[17:34:10.345] ════════════════════════════════════════════════════
[17:34:10.348] FLUSH | records=7 | bytes=136
[17:34:16.822] UPLINK | OK | TTN received
[17:34:16.823] Total uplinks sent: 102
[17:34:16.835] ════════════════════════════════════════════════════
[17:34:16.836] 
[17:34:16.868] [RADIO] Switched back to MESH_LISTEN mode
[17:34:17.266] [BCN] RX from 0x3 | rank=1 | rssi=-89
[17:34:17.791] [BCN] TX | rank=0 | queue=0%
[17:34:18.286] ────────────────────────────────────────────────────
[17:34:18.291] RX_MESH | src=0x3 | seq=66 | hops=0 | rssi=-88
[17:34:18.296] LATENCY | src=0x3 | send_ts=1775208857 | recv_ts=1775208859 | one-way ~2299 ms
[17:34:18.383] ACK | to=0x3 | seq=66
[17:34:18.392] AGG | Added to buffer | count=1/7
[17:34:18.404] ────────────────────────────────────────────────────
[17:34:20.038] ────────────────────────────────────────────────────
[17:34:20.043] RX_MESH | src=0x3 | seq=67 | hops=0 | rssi=-85
[17:34:20.047] LATENCY | src=0x3 | send_ts=1775208858 | recv_ts=1775208861 | one-way ~3051 ms
[17:34:20.134] ACK | to=0x3 | seq=67
[17:34:20.143] AGG | Added to buffer | count=2/7
[17:34:20.154] ────────────────────────────────────────────────────
[17:34:20.538] [BCN] RX from 0x4 | rank=1 | rssi=-99
[17:34:21.495] ────────────────────────────────────────────────────
[17:34:21.501] RX_MESH | src=0x3 | seq=68 | hops=0 | rssi=-86
[17:34:21.504] LATENCY | src=0x3 | send_ts=1775208860 | recv_ts=1775208862 | one-way ~2508 ms
[17:34:21.584] ACK | to=0x3 | seq=68
[17:34:21.593] AGG | Added to buffer | count=3/7
[17:34:21.605] ────────────────────────────────────────────────────
[17:34:21.909] ────────────────────────────────────────────────────
[17:34:21.915] RX_MESH | src=0x4 | seq=39 | hops=0 | rssi=-99
[17:34:21.920] LATENCY | src=0x4 | send_ts=1775208860 | recv_ts=1775208862 | one-way ~2922 ms
[17:34:22.004] ACK | to=0x4 | seq=39
[17:34:22.013] AGG | Added to buffer | count=4/7
[17:34:22.024] ────────────────────────────────────────────────────
[17:34:22.782] ────────────────────────────────────────────────────
[17:34:22.787] RX_MESH | src=0x4 | seq=40 | hops=0 | rssi=-98
[17:34:22.791] LATENCY | src=0x4 | send_ts=1775208862 | recv_ts=1775208863 | one-way ~1795 ms
[17:34:22.890] ACK | to=0x4 | seq=40
[17:34:22.899] AGG | Added to buffer | count=5/7
[17:34:22.911] ────────────────────────────────────────────────────
[17:34:22.999] ────────────────────────────────────────────────────
[17:34:23.005] RX_MESH | src=0x3 | seq=69 | hops=0 | rssi=-88
[17:34:23.008] LATENCY | src=0x3 | send_ts=1775208862 | recv_ts=1775208864 | one-way ~2012 ms
[17:34:23.085] ACK | to=0x3 | seq=69
[17:34:23.094] AGG | Added to buffer | count=6/7
[17:34:23.106] ────────────────────────────────────────────────────
[17:34:24.433] ────────────────────────────────────────────────────
[17:34:24.438] RX_MESH | src=0x4 | seq=41 | hops=0 | rssi=-98
[17:34:24.441] LATENCY | src=0x4 | send_ts=1775208863 | recv_ts=1775208865 | one-way ~2445 ms
[17:34:24.542] ACK | to=0x4 | seq=41
[17:34:24.551] AGG | Added to buffer | count=7/7
[17:34:24.567] ────────────────────────────────────────────────────
[17:34:24.568] 
[17:34:24.569] [FLUSH] Trigger detected, switching to LoRaWAN mode
[17:34:24.570] 
[17:34:24.584] ════════════════════════════════════════════════════
[17:34:24.586] FLUSH | records=7 | bytes=136
[17:34:31.060] UPLINK | OK | TTN received
[17:34:31.062] Total uplinks sent: 103
[17:34:31.073] ════════════════════════════════════════════════════
[17:34:31.073] 
[17:34:31.106] [RADIO] Switched back to MESH_LISTEN mode
[17:34:31.170] [BCN] TX | rank=0 | queue=0%
[17:34:31.184] [DROP] Packet too short (0 bytes)
[17:34:31.375] [BCN] RX from 0x4 | rank=1 | rssi=-105
[17:34:31.867] ────────────────────────────────────────────────────
[17:34:31.872] RX_MESH | src=0x3 | seq=71 | hops=0 | rssi=-89
[17:34:31.875] LATENCY | src=0x3 | send_ts=1775208870 | recv_ts=1775208872 | one-way ~2879 ms
[17:34:31.966] ACK | to=0x3 | seq=71
[17:34:31.975] AGG | Added to buffer | count=1/7
[17:34:31.987] ────────────────────────────────────────────────────
[17:34:33.243] ────────────────────────────────────────────────────
[17:34:33.248] RX_MESH | src=0x4 | seq=43 | hops=0 | rssi=-101
[17:34:33.251] LATENCY | src=0x4 | send_ts=1775208871 | recv_ts=1775208874 | one-way ~3255 ms
[17:34:33.335] ACK | to=0x4 | seq=43
[17:34:33.344] AGG | Added to buffer | count=2/7
[17:34:33.356] ────────────────────────────────────────────────────
[17:34:34.909] [DROP] Duplicate | src=0x4 seq=43
[17:34:34.997] ACK | to=0x4 | seq=43
[17:34:35.183] ────────────────────────────────────────────────────
[17:34:35.189] RX_MESH | src=0x3 | seq=72 | hops=0 | rssi=-89
[17:34:35.192] LATENCY | src=0x3 | send_ts=1775208872 | recv_ts=1775208876 | one-way ~4196 ms
[17:34:35.265] ACK | to=0x3 | seq=72
[17:34:35.274] AGG | Added to buffer | count=3/7
[17:34:35.286] ────────────────────────────────────────────────────
[17:34:35.677] ────────────────────────────────────────────────────
[17:34:35.683] RX_MESH | src=0x4 | seq=44 | hops=0 | rssi=-102
[17:34:35.686] LATENCY | src=0x4 | send_ts=1775208875 | recv_ts=1775208876 | one-way ~1690 ms
[17:34:35.780] ACK | to=0x4 | seq=44
[17:34:35.789] AGG | Added to buffer | count=4/7
[17:34:35.801] ────────────────────────────────────────────────────
[17:34:36.755] ────────────────────────────────────────────────────
[17:34:36.760] RX_MESH | src=0x3 | seq=73 | hops=0 | rssi=-89
[17:34:36.763] LATENCY | src=0x3 | send_ts=1775208875 | recv_ts=1775208877 | one-way ~2767 ms
[17:34:36.857] ACK | to=0x3 | seq=73
[17:34:36.867] AGG | Added to buffer | count=5/7
[17:34:36.878] ────────────────────────────────────────────────────
[17:34:37.757] ────────────────────────────────────────────────────
[17:34:37.762] RX_MESH | src=0x3 | seq=74 | hops=0 | rssi=-89
[17:34:37.765] LATENCY | src=0x3 | send_ts=1775208877 | recv_ts=1775208878 | one-way ~1769 ms
[17:34:37.786] LBT | Channel busy, attempt 1/3, backing off 116 ms
[17:34:37.957] ACK | to=0x3 | seq=74
[17:34:37.967] AGG | Added to buffer | count=6/7
[17:34:37.978] ────────────────────────────────────────────────────
[17:34:39.509] ────────────────────────────────────────────────────
[17:34:39.515] RX_MESH | src=0x3 | seq=75 | hops=0 | rssi=-90
[17:34:39.518] LATENCY | src=0x3 | send_ts=1775208878 | recv_ts=1775208880 | one-way ~2522 ms
[17:34:39.598] ACK | to=0x3 | seq=75
[17:34:39.607] AGG | Added to buffer | count=7/7
[17:34:39.623] ────────────────────────────────────────────────────
[17:34:39.624] 
[17:34:39.626] [FLUSH] Trigger detected, switching to LoRaWAN mode
[17:34:39.626] 
[17:34:39.640] ════════════════════════════════════════════════════
[17:34:39.641] FLUSH | records=7 | bytes=136
[17:34:46.117] UPLINK | OK | TTN received
[17:34:46.118] Total uplinks sent: 104
[17:34:46.129] ════════════════════════════════════════════════════
[17:34:46.130] 
[17:34:46.161] [RADIO] Switched back to MESH_LISTEN mode
[17:34:46.225] [BCN] TX | rank=0 | queue=0%
[17:34:46.241] [DROP] Packet too short (0 bytes)
[17:34:46.517] [BCN] RX from 0x3 | rank=1 | rssi=-89
[17:34:46.917] ────────────────────────────────────────────────────
[17:34:46.921] RX_MESH | src=0x3 | seq=77 | hops=0 | rssi=-88
[17:34:46.925] LATENCY | src=0x3 | send_ts=1775208887 | recv_ts=1775208887 | one-way ~929 ms
[17:34:47.016] ACK | to=0x3 | seq=77
[17:34:47.025] AGG | Added to buffer | count=1/7
[17:34:47.037] ────────────────────────────────────────────────────
[17:34:47.891] ────────────────────────────────────────────────────
[17:34:47.897] RX_MESH | src=0x4 | seq=46 | hops=0 | rssi=-106
[17:34:47.901] LATENCY | src=0x4 | send_ts=1775208883 | recv_ts=1775208888 | one-way ~5904 ms
[17:34:47.966] ACK | to=0x4 | seq=46
[17:34:47.975] AGG | Added to buffer | count=2/7
[17:34:47.987] ────────────────────────────────────────────────────
[17:34:48.650] ────────────────────────────────────────────────────
[17:34:48.654] RX_MESH | src=0x3 | seq=78 | hops=0 | rssi=-88
[17:34:48.658] LATENCY | src=0x3 | send_ts=1775208887 | recv_ts=1775208889 | one-way ~2662 ms
[17:34:48.735] ACK | to=0x3 | seq=78
[17:34:48.745] AGG | Added to buffer | count=3/7
[17:34:48.757] ────────────────────────────────────────────────────
[17:34:49.402] ────────────────────────────────────────────────────
[17:34:49.406] RX_MESH | src=0x3 | seq=79 | hops=0 | rssi=-88
[17:34:49.410] LATENCY | src=0x3 | send_ts=1775208889 | recv_ts=1775208890 | one-way ~1413 ms
[17:34:49.485] ACK | to=0x3 | seq=79
[17:34:49.493] AGG | Added to buffer | count=4/7
[17:34:49.505] ────────────────────────────────────────────────────
[17:34:49.671] ────────────────────────────────────────────────────
[17:34:49.676] RX_MESH | src=0x4 | seq=47 | hops=0 | rssi=-105
[17:34:49.680] LATENCY | src=0x4 | send_ts=1775208888 | recv_ts=1775208890 | one-way ~2683 ms
[17:34:49.766] ACK | to=0x4 | seq=47
[17:34:49.775] AGG | Added to buffer | count=5/7
[17:34:49.787] ────────────────────────────────────────────────────
[17:34:50.840] ────────────────────────────────────────────────────
[17:34:50.845] RX_MESH | src=0x4 | seq=48 | hops=0 | rssi=-103
[17:34:50.848] LATENCY | src=0x4 | send_ts=1775208890 | recv_ts=1775208891 | one-way ~1852 ms
[17:34:50.871] LBT | Channel busy, attempt 1/3, backing off 135 ms
[17:34:51.015] LBT | Channel busy, attempt 2/3, backing off 232 ms
[17:34:51.302] ACK | to=0x4 | seq=48
[17:34:51.311] AGG | Added to buffer | count=6/7
[17:34:51.324] ────────────────────────────────────────────────────
[17:34:52.849] [DROP] Duplicate | src=0x3 seq=79
[17:34:52.917] ACK | to=0x3 | seq=79
[17:34:53.363] ────────────────────────────────────────────────────
[17:34:53.369] RX_MESH | src=0x3 | seq=80 | hops=0 | rssi=-94
[17:34:53.372] LATENCY | src=0x3 | send_ts=1775208893 | recv_ts=1775208894 | one-way ~1376 ms
[17:34:53.447] ACK | to=0x3 | seq=80
[17:34:53.457] AGG | Added to buffer | count=7/7
[17:34:53.472] ────────────────────────────────────────────────────
[17:34:53.474] 
[17:34:53.477] [FLUSH] Trigger detected, switching to LoRaWAN mode
[17:34:53.477] 
[17:34:53.488] ════════════════════════════════════════════════════
[17:34:53.489] FLUSH | records=7 | bytes=136
[17:34:59.965] UPLINK | OK | TTN received
[17:34:59.967] Total uplinks sent: 105
[17:34:59.978] ════════════════════════════════════════════════════
[17:34:59.978] 
[17:35:00.010] [RADIO] Switched back to MESH_LISTEN mode
[17:35:00.023] LBT | Channel busy, attempt 1/3, backing off 118 ms
[17:35:00.202] [BCN] TX | rank=0 | queue=0%
[17:35:00.217] [DROP] Packet too short (0 bytes)
[17:35:03.520] ────────────────────────────────────────────────────
[17:35:03.525] RX_MESH | src=0x3 | seq=82 | hops=0 | rssi=-90
[17:35:03.528] LATENCY | src=0x3 | send_ts=1775208900 | recv_ts=1775208904 | one-way ~4532 ms
[17:35:03.633] ACK | to=0x3 | seq=82
[17:35:03.642] AGG | Added to buffer | count=1/7
[17:35:03.654] ────────────────────────────────────────────────────
[17:35:04.686] ────────────────────────────────────────────────────
[17:35:04.697] RX_MESH | src=0x4 | seq=51 | hops=0 | rssi=-104
[17:35:04.699] LATENCY | src=0x4 | send_ts=1775208904 | recv_ts=1775208905 | one-way ~1699 ms
[17:35:04.773] ACK | to=0x4 | seq=51
[17:35:04.782] AGG | Added to buffer | count=2/7
[17:35:04.794] ────────────────────────────────────────────────────
[17:35:05.253] ────────────────────────────────────────────────────
[17:35:05.259] RX_MESH | src=0x3 | seq=83 | hops=0 | rssi=-89
[17:35:05.262] LATENCY | src=0x3 | send_ts=1775208904 | recv_ts=1775208906 | one-way ~2266 ms
[17:35:05.331] ACK | to=0x3 | seq=83
[17:35:05.340] AGG | Added to buffer | count=3/7
[17:35:05.352] ────────────────────────────────────────────────────
[17:35:05.733] ────────────────────────────────────────────────────
[17:35:05.738] RX_MESH | src=0x4 | seq=52 | hops=0 | rssi=-106
[17:35:05.742] LATENCY | src=0x4 | send_ts=1775208905 | recv_ts=1775208906 | one-way ~1746 ms
[17:35:05.838] ACK | to=0x4 | seq=52
[17:35:05.847] AGG | Added to buffer | count=4/7
[17:35:05.858] ────────────────────────────────────────────────────
[17:35:06.472] ────────────────────────────────────────────────────
[17:35:06.478] RX_MESH | src=0x3 | seq=84 | hops=0 | rssi=-87
[17:35:06.481] LATENCY | src=0x3 | send_ts=1775208905 | recv_ts=1775208907 | one-way ~2485 ms
[17:35:06.583] ACK | to=0x3 | seq=84
[17:35:06.592] AGG | Added to buffer | count=5/7
[17:35:06.604] ────────────────────────────────────────────────────
[17:35:07.237] ────────────────────────────────────────────────────
[17:35:07.243] RX_MESH | src=0x4 | seq=53 | hops=0 | rssi=-110
[17:35:07.246] LATENCY | src=0x4 | send_ts=1775208906 | recv_ts=1775208908 | one-way ~2250 ms
[17:35:07.318] ACK | to=0x4 | seq=53
[17:35:07.327] AGG | Added to buffer | count=6/7
[17:35:07.339] ────────────────────────────────────────────────────
[17:35:07.399] [BCN] RX from 0x4 | rank=1 | rssi=-110
[17:35:07.582] ────────────────────────────────────────────────────
[17:35:07.588] RX_MESH | src=0x4 | seq=54 | hops=0 | rssi=-111
[17:35:07.591] LATENCY | src=0x4 | send_ts=1775208907 | recv_ts=1775208908 | one-way ~1595 ms
[17:35:07.664] ACK | to=0x4 | seq=54
[17:35:07.673] AGG | Added to buffer | count=7/7
[17:35:07.689] ────────────────────────────────────────────────────
[17:35:07.690] 
[17:35:07.691] [FLUSH] Trigger detected, switching to LoRaWAN mode
[17:35:07.692] 
[17:35:07.706] ════════════════════════════════════════════════════
[17:35:07.706] FLUSH | records=7 | bytes=136
