# Serial capture started at 2026-04-03T17:24:42.613896
# Port: COM16, Baudrate: 115200
# Format: [HH:MM:SS.mmm] <original line>
#===========================================================
[17:24:46.995] UPLINK | OK | TTN received
[17:24:46.996] Total uplinks sent: 66
[17:24:47.007] ════════════════════════════════════════════════════
[17:24:47.008] 
[17:24:47.040] [RADIO] Switched back to MESH_LISTEN mode
[17:24:47.104] [BCN] TX | rank=0 | queue=0%
[17:24:47.119] [DROP] Packet too short (0 bytes)
[17:24:48.014] ────────────────────────────────────────────────────
[17:24:48.019] RX_MESH | src=0x4 | seq=42 | hops=0 | rssi=-100
[17:24:48.023] LATENCY | src=0x4 | send_ts=1775208287 | recv_ts=1775208289 | one-way ~2031 ms
[17:24:48.114] ACK | to=0x4 | seq=42
[17:24:48.123] AGG | Added to buffer | count=1/7
[17:24:48.134] ────────────────────────────────────────────────────
[17:24:48.440] ────────────────────────────────────────────────────
[17:24:48.445] RX_MESH | src=0x3 | seq=21 | hops=0 | rssi=-86
[17:24:48.449] LATENCY | src=0x3 | send_ts=1775208286 | recv_ts=1775208289 | one-way ~3457 ms
[17:24:48.552] ACK | to=0x3 | seq=21
[17:24:48.561] AGG | Added to buffer | count=2/7
[17:24:48.573] ────────────────────────────────────────────────────
[17:24:48.633] [BCN] RX from 0x3 | rank=1 | rssi=-86
[17:24:50.501] ────────────────────────────────────────────────────
[17:24:50.507] RX_MESH | src=0x4 | seq=43 | hops=0 | rssi=-101
[17:24:50.510] LATENCY | src=0x4 | send_ts=1775208289 | recv_ts=1775208291 | one-way ~2518 ms
[17:24:50.580] ACK | to=0x4 | seq=43
[17:24:50.588] AGG | Added to buffer | count=3/7
[17:24:50.600] ────────────────────────────────────────────────────
[17:24:50.755] ────────────────────────────────────────────────────
[17:24:50.759] RX_MESH | src=0x3 | seq=22 | hops=0 | rssi=-85
[17:24:50.762] LATENCY | src=0x3 | send_ts=1775208288 | recv_ts=1775208291 | one-way ~3771 ms
[17:24:50.832] ACK | to=0x3 | seq=22
[17:24:50.842] AGG | Added to buffer | count=4/7
[17:24:50.852] ────────────────────────────────────────────────────
[17:24:52.333] ────────────────────────────────────────────────────
[17:24:52.338] RX_MESH | src=0x3 | seq=23 | hops=0 | rssi=-85
[17:24:52.342] LATENCY | src=0x3 | send_ts=1775208291 | recv_ts=1775208293 | one-way ~2350 ms
[17:24:52.413] ACK | to=0x3 | seq=23
[17:24:52.422] AGG | Added to buffer | count=5/7
[17:24:52.433] ────────────────────────────────────────────────────
[17:24:52.520] ────────────────────────────────────────────────────
[17:24:52.525] RX_MESH | src=0x4 | seq=44 | hops=0 | rssi=-100
[17:24:52.529] LATENCY | src=0x4 | send_ts=1775208291 | recv_ts=1775208293 | one-way ~2537 ms
[17:24:52.620] ACK | to=0x4 | seq=44
[17:24:52.629] AGG | Added to buffer | count=6/7
[17:24:52.641] ────────────────────────────────────────────────────
[17:24:53.315] ────────────────────────────────────────────────────
[17:24:53.320] RX_MESH | src=0x4 | seq=45 | hops=0 | rssi=-100
[17:24:53.323] LATENCY | src=0x4 | send_ts=1775208293 | recv_ts=1775208294 | one-way ~1331 ms
[17:24:53.402] ACK | to=0x4 | seq=45
[17:24:53.411] AGG | Added to buffer | count=7/7
[17:24:53.427] ────────────────────────────────────────────────────
[17:24:53.428] 
[17:24:53.430] [FLUSH] Trigger detected, switching to LoRaWAN mode
[17:24:53.430] 
[17:24:53.444] ════════════════════════════════════════════════════
[17:24:53.445] FLUSH | records=7 | bytes=136
[17:24:59.920] UPLINK | OK | TTN received
[17:24:59.921] Total uplinks sent: 67
[17:24:59.932] ════════════════════════════════════════════════════
[17:24:59.933] 
[17:24:59.965] [RADIO] Switched back to MESH_LISTEN mode
[17:25:00.029] [BCN] TX | rank=0 | queue=0%
[17:25:00.044] [DROP] Packet too short (0 bytes)
[17:25:01.212] ────────────────────────────────────────────────────
[17:25:01.217] RX_MESH | src=0x4 | seq=47 | hops=0 | rssi=-98
[17:25:01.220] LATENCY | src=0x4 | send_ts=1775208300 | recv_ts=1775208302 | one-way ~2228 ms
[17:25:01.295] ACK | to=0x4 | seq=47
[17:25:01.305] AGG | Added to buffer | count=1/7
[17:25:01.316] ────────────────────────────────────────────────────
[17:25:01.421] ────────────────────────────────────────────────────
[17:25:01.427] RX_MESH | src=0x4 | seq=48 | hops=0 | rssi=-98
[17:25:01.430] LATENCY | src=0x4 | send_ts=1775208302 | recv_ts=1775208302 | one-way ~438 ms
[17:25:01.503] ACK | to=0x4 | seq=48
[17:25:01.512] AGG | Added to buffer | count=2/7
[17:25:01.524] ────────────────────────────────────────────────────
[17:25:03.432] ────────────────────────────────────────────────────
[17:25:03.437] RX_MESH | src=0x4 | seq=49 | hops=0 | rssi=-101
[17:25:03.441] LATENCY | src=0x4 | send_ts=1775208303 | recv_ts=1775208304 | one-way ~1449 ms
[17:25:03.462] LBT | Channel busy, attempt 1/3, backing off 100 ms
[17:25:03.617] ACK | to=0x4 | seq=49
[17:25:03.626] AGG | Added to buffer | count=3/7
[17:25:03.637] ────────────────────────────────────────────────────
[17:25:05.394] [BCN] RX from 0x3 | rank=2 | rssi=-84
[17:25:05.501] ────────────────────────────────────────────────────
[17:25:05.506] RX_MESH | src=0x4 | seq=50 | hops=0 | rssi=-103
[17:25:05.510] LATENCY | src=0x4 | send_ts=1775208304 | recv_ts=1775208306 | one-way ~2518 ms
[17:25:05.585] ACK | to=0x4 | seq=50
[17:25:05.594] AGG | Added to buffer | count=4/7
[17:25:05.605] ────────────────────────────────────────────────────
[17:25:06.295] ────────────────────────────────────────────────────
[17:25:06.300] RX_MESH | src=0x4 | seq=51 | hops=0 | rssi=-100
[17:25:06.305] LATENCY | src=0x4 | send_ts=1775208306 | recv_ts=1775208307 | one-way ~1312 ms
[17:25:06.370] ACK | to=0x4 | seq=51
[17:25:06.379] AGG | Added to buffer | count=5/7
[17:25:06.391] ────────────────────────────────────────────────────
[17:25:07.698] ────────────────────────────────────────────────────
[17:25:07.703] RX_MESH | src=0x4 | seq=52 | hops=0 | rssi=-101
[17:25:07.707] LATENCY | src=0x4 | send_ts=1775208307 | recv_ts=1775208308 | one-way ~1715 ms
[17:25:07.800] ACK | to=0x4 | seq=52
[17:25:07.809] AGG | Added to buffer | count=6/7
[17:25:07.820] ────────────────────────────────────────────────────
[17:25:08.911] ────────────────────────────────────────────────────
[17:25:08.917] RX_MESH | src=0x4 | seq=53 | hops=0 | rssi=-100
[17:25:08.920] LATENCY | src=0x4 | send_ts=1775208308 | recv_ts=1775208309 | one-way ~1928 ms
[17:25:09.019] ACK | to=0x4 | seq=53
[17:25:09.028] AGG | Added to buffer | count=7/7
[17:25:09.044] ────────────────────────────────────────────────────
[17:25:09.045] 
[17:25:09.046] [FLUSH] Trigger detected, switching to LoRaWAN mode
[17:25:09.046] 
[17:25:09.060] ════════════════════════════════════════════════════
[17:25:09.061] FLUSH | records=7 | bytes=136
[17:25:15.537] UPLINK | OK | TTN received
[17:25:15.538] Total uplinks sent: 68
[17:25:15.549] ════════════════════════════════════════════════════
[17:25:15.552] 
[17:25:15.582] [RADIO] Switched back to MESH_LISTEN mode
[17:25:15.646] [BCN] TX | rank=0 | queue=0%
[17:25:15.661] [DROP] Packet too short (0 bytes)
[17:25:15.768] [BCN] RX from 0x3 | rank=1 | rssi=-88
[17:25:16.195] [BCN] RX from 0x4 | rank=1 | rssi=-96
[17:25:16.544] ────────────────────────────────────────────────────
[17:25:16.549] RX_MESH | src=0x4 | seq=55 | hops=0 | rssi=-97
[17:25:16.553] LATENCY | src=0x4 | send_ts=1775208317 | recv_ts=1775208317 | one-way ~561 ms
[17:25:16.629] ACK | to=0x4 | seq=55
[17:25:16.638] AGG | Added to buffer | count=1/7
[17:25:16.649] ────────────────────────────────────────────────────
[17:25:16.832] ────────────────────────────────────────────────────
[17:25:16.838] RX_MESH | src=0x3 | seq=26 | hops=0 | rssi=-90
[17:25:16.841] LATENCY | src=0x3 | send_ts=1775208315 | recv_ts=1775208317 | one-way ~2849 ms
[17:25:16.943] ACK | to=0x3 | seq=26
[17:25:16.952] AGG | Added to buffer | count=2/7
[17:25:16.964] ────────────────────────────────────────────────────
[17:25:17.600] ────────────────────────────────────────────────────
[17:25:17.605] RX_MESH | src=0x3 | seq=27 | hops=0 | rssi=-90
[17:25:17.609] LATENCY | src=0x3 | send_ts=1775208317 | recv_ts=1775208318 | one-way ~1617 ms
[17:25:17.653] LBT | Channel busy, attempt 1/3, backing off 121 ms
[17:25:17.829] ACK | to=0x3 | seq=27
[17:25:17.838] AGG | Added to buffer | count=3/7
[17:25:17.850] ────────────────────────────────────────────────────
[17:25:19.367] ────────────────────────────────────────────────────
[17:25:19.372] RX_MESH | src=0x4 | seq=56 | hops=0 | rssi=-98
[17:25:19.376] LATENCY | src=0x4 | send_ts=1775208318 | recv_ts=1775208320 | one-way ~2384 ms
[17:25:19.471] ACK | to=0x4 | seq=56
[17:25:19.480] AGG | Added to buffer | count=4/7
[17:25:19.492] ────────────────────────────────────────────────────
[17:25:20.150] ────────────────────────────────────────────────────
[17:25:20.155] RX_MESH | src=0x4 | seq=57 | hops=0 | rssi=-97
[17:25:20.159] LATENCY | src=0x4 | send_ts=1775208320 | recv_ts=1775208321 | one-way ~1167 ms
[17:25:20.241] ACK | to=0x4 | seq=57
[17:25:20.250] AGG | Added to buffer | count=5/7
[17:25:20.262] ────────────────────────────────────────────────────
[17:25:20.478] ────────────────────────────────────────────────────
[17:25:20.495] RX_MESH | src=0x3 | seq=28 | hops=0 | rssi=-89
[17:25:20.498] LATENCY | src=0x3 | send_ts=1775208318 | recv_ts=1775208321 | one-way ~3495 ms
[17:25:20.588] ACK | to=0x3 | seq=28
[17:25:20.597] AGG | Added to buffer | count=6/7
[17:25:20.609] ────────────────────────────────────────────────────
[17:25:20.669] [BCN] RX from 0x3 | rank=1 | rssi=-89
[17:25:20.868] ────────────────────────────────────────────────────
[17:25:20.874] RX_MESH | src=0x4 | seq=58 | hops=0 | rssi=-97
[17:25:20.877] LATENCY | src=0x4 | send_ts=1775208321 | recv_ts=1775208321 | one-way ~885 ms
[17:25:20.957] ACK | to=0x4 | seq=58
[17:25:20.966] AGG | Added to buffer | count=7/7
[17:25:20.982] ────────────────────────────────────────────────────
[17:25:20.983] 
[17:25:20.984] [FLUSH] Trigger detected, switching to LoRaWAN mode
[17:25:20.984] 
[17:25:20.999] ════════════════════════════════════════════════════
[17:25:21.000] FLUSH | records=7 | bytes=136
[17:25:27.475] UPLINK | OK | TTN received
[17:25:27.476] Total uplinks sent: 69
[17:25:27.488] ════════════════════════════════════════════════════
[17:25:27.488] 
[17:25:27.521] [RADIO] Switched back to MESH_LISTEN mode
[17:25:27.584] [BCN] TX | rank=0 | queue=0%
[17:25:27.599] [DROP] Packet too short (0 bytes)
[17:25:28.210] ────────────────────────────────────────────────────
[17:25:28.217] RX_MESH | src=0x4 | seq=60 | hops=0 | rssi=-97
[17:25:28.219] LATENCY | src=0x4 | send_ts=1775208328 | recv_ts=1775208329 | one-way ~1227 ms
[17:25:28.246] LBT | Channel busy, attempt 1/3, backing off 147 ms
[17:25:28.448] ACK | to=0x4 | seq=60
[17:25:28.457] AGG | Added to buffer | count=1/7
[17:25:28.468] ────────────────────────────────────────────────────
[17:25:29.597] ────────────────────────────────────────────────────
[17:25:29.603] RX_MESH | src=0x4 | seq=61 | hops=0 | rssi=-97
[17:25:29.607] LATENCY | src=0x4 | send_ts=1775208329 | recv_ts=1775208330 | one-way ~1614 ms
[17:25:29.683] ACK | to=0x4 | seq=61
[17:25:29.692] AGG | Added to buffer | count=2/7
[17:25:29.704] ────────────────────────────────────────────────────
[17:25:29.981] ────────────────────────────────────────────────────
[17:25:29.987] RX_MESH | src=0x3 | seq=30 | hops=0 | rssi=-89
[17:25:29.990] LATENCY | src=0x3 | send_ts=1775208326 | recv_ts=1775208330 | one-way ~4998 ms
[17:25:30.084] ACK | to=0x3 | seq=30
[17:25:30.093] AGG | Added to buffer | count=3/7
[17:25:30.105] ────────────────────────────────────────────────────
[17:25:30.652] ────────────────────────────────────────────────────
[17:25:30.658] RX_MESH | src=0x4 | seq=62 | hops=0 | rssi=-97
[17:25:30.661] LATENCY | src=0x4 | send_ts=1775208330 | recv_ts=1775208331 | one-way ~1669 ms
[17:25:30.755] ACK | to=0x4 | seq=62
[17:25:30.764] AGG | Added to buffer | count=4/7
[17:25:30.776] ────────────────────────────────────────────────────
[17:25:31.104] ────────────────────────────────────────────────────
[17:25:31.109] RX_MESH | src=0x4 | seq=63 | hops=0 | rssi=-97
[17:25:31.112] LATENCY | src=0x4 | send_ts=1775208331 | recv_ts=1775208332 | one-way ~1120 ms
[17:25:31.213] ACK | to=0x4 | seq=63
[17:25:31.222] AGG | Added to buffer | count=5/7
[17:25:31.234] ────────────────────────────────────────────────────
[17:25:31.794] ────────────────────────────────────────────────────
[17:25:31.799] RX_MESH | src=0x3 | seq=31 | hops=0 | rssi=-89
[17:25:31.802] LATENCY | src=0x3 | send_ts=1775208330 | recv_ts=1775208332 | one-way ~2810 ms
[17:25:31.905] ACK | to=0x3 | seq=31
[17:25:31.914] AGG | Added to buffer | count=6/7
[17:25:31.926] ────────────────────────────────────────────────────
[17:25:31.987] [BCN] RX from 0x3 | rank=1 | rssi=-87
[17:25:32.511] ────────────────────────────────────────────────────
[17:25:32.516] RX_MESH | src=0x4 | seq=64 | hops=0 | rssi=-97
[17:25:32.519] LATENCY | src=0x4 | send_ts=1775208332 | recv_ts=1775208333 | one-way ~1527 ms
[17:25:32.607] ACK | to=0x4 | seq=64
[17:25:32.616] AGG | Added to buffer | count=7/7
[17:25:32.632] ────────────────────────────────────────────────────
[17:25:32.634] 
[17:25:32.635] [FLUSH] Trigger detected, switching to LoRaWAN mode
[17:25:32.635] 
[17:25:32.649] ════════════════════════════════════════════════════
[17:25:32.650] FLUSH | records=7 | bytes=136
[17:25:39.125] UPLINK | OK | TTN received
[17:25:39.126] Total uplinks sent: 70
[17:25:39.138] ════════════════════════════════════════════════════
[17:25:39.138] 
[17:25:39.171] [RADIO] Switched back to MESH_LISTEN mode
[17:25:39.234] [BCN] TX | rank=0 | queue=0%
[17:25:39.250] [DROP] Packet too short (0 bytes)
[17:25:40.160] [BCN] RX from 0x4 | rank=1 | rssi=-109
[17:25:41.338] ────────────────────────────────────────────────────
[17:25:41.343] RX_MESH | src=0x4 | seq=66 | hops=0 | rssi=-106
[17:25:41.346] LATENCY | src=0x4 | send_ts=1775208341 | recv_ts=1775208342 | one-way ~1354 ms
[17:25:41.451] ACK | to=0x4 | seq=66
[17:25:41.461] AGG | Added to buffer | count=1/7
[17:25:41.472] ────────────────────────────────────────────────────
[17:25:41.745] ────────────────────────────────────────────────────
[17:25:41.751] RX_MESH | src=0x3 | seq=33 | hops=0 | rssi=-85
[17:25:41.754] LATENCY | src=0x3 | send_ts=1775208339 | recv_ts=1775208342 | one-way ~3762 ms
[17:25:41.810] LBT | Channel busy, attempt 1/3, backing off 112 ms
[17:25:41.977] ACK | to=0x3 | seq=33
[17:25:41.986] AGG | Added to buffer | count=2/7
[17:25:41.998] ────────────────────────────────────────────────────
[17:25:42.059] [BCN] RX from 0x3 | rank=1 | rssi=-84
[17:25:43.558] ────────────────────────────────────────────────────
[17:25:43.564] RX_MESH | src=0x4 | seq=67 | hops=0 | rssi=-108
[17:25:43.567] LATENCY | src=0x4 | send_ts=1775208342 | recv_ts=1775208344 | one-way ~2575 ms
[17:25:43.667] ACK | to=0x4 | seq=67
[17:25:43.676] AGG | Added to buffer | count=3/7
[17:25:43.688] ────────────────────────────────────────────────────
[17:25:43.863] ────────────────────────────────────────────────────
[17:25:43.869] RX_MESH | src=0x3 | seq=34 | hops=0 | rssi=-85
[17:25:43.872] LATENCY | src=0x3 | send_ts=1775208342 | recv_ts=1775208344 | one-way ~2880 ms
[17:25:43.960] ACK | to=0x3 | seq=34
[17:25:43.969] AGG | Added to buffer | count=4/7
[17:25:43.981] ────────────────────────────────────────────────────
[17:25:44.873] ────────────────────────────────────────────────────
[17:25:44.878] RX_MESH | src=0x3 | seq=35 | hops=0 | rssi=-85
[17:25:44.881] LATENCY | src=0x3 | send_ts=1775208344 | recv_ts=1775208345 | one-way ~1889 ms
[17:25:44.974] ACK | to=0x3 | seq=35
[17:25:44.983] AGG | Added to buffer | count=5/7
[17:25:44.995] ────────────────────────────────────────────────────
[17:25:45.377] ────────────────────────────────────────────────────
[17:25:45.383] RX_MESH | src=0x4 | seq=68 | hops=0 | rssi=-109
[17:25:45.386] LATENCY | src=0x4 | send_ts=1775208344 | recv_ts=1775208346 | one-way ~2394 ms
[17:25:45.491] ACK | to=0x4 | seq=68
[17:25:45.500] AGG | Added to buffer | count=6/7
[17:25:45.512] ────────────────────────────────────────────────────
[17:25:46.902] ────────────────────────────────────────────────────
[17:25:46.907] RX_MESH | src=0x4 | seq=69 | hops=0 | rssi=-110
[17:25:46.910] LATENCY | src=0x4 | send_ts=1775208346 | recv_ts=1775208347 | one-way ~1918 ms
[17:25:46.998] ACK | to=0x4 | seq=69
[17:25:47.008] AGG | Added to buffer | count=7/7
[17:25:47.023] ────────────────────────────────────────────────────
[17:25:47.024] 
[17:25:47.026] [FLUSH] Trigger detected, switching to LoRaWAN mode
[17:25:47.026] 
[17:25:47.040] ════════════════════════════════════════════════════
[17:25:47.042] FLUSH | records=7 | bytes=136
[17:25:53.516] UPLINK | OK | TTN received
[17:25:53.517] Total uplinks sent: 71
[17:25:53.529] ════════════════════════════════════════════════════
[17:25:53.530] 
[17:25:53.562] [RADIO] Switched back to MESH_LISTEN mode
[17:25:53.575] LBT | Channel busy, attempt 1/3, backing off 137 ms
[17:25:53.772] [BCN] TX | rank=0 | queue=0%
[17:25:53.786] [DROP] Packet too short (0 bytes)
[17:25:54.307] ────────────────────────────────────────────────────
[17:25:54.313] RX_MESH | src=0x4 | seq=71 | hops=0 | rssi=-108
[17:25:54.316] LATENCY | src=0x4 | send_ts=1775208354 | recv_ts=1775208355 | one-way ~1324 ms
[17:25:54.405] ACK | to=0x4 | seq=71
[17:25:54.414] AGG | Added to buffer | count=1/7
[17:25:54.426] ────────────────────────────────────────────────────
[17:25:54.799] ────────────────────────────────────────────────────
[17:25:54.804] RX_MESH | src=0x3 | seq=37 | hops=0 | rssi=-84
[17:25:54.807] LATENCY | src=0x3 | send_ts=1775208351 | recv_ts=1775208355 | one-way ~4815 ms
[17:25:54.859] LBT | Channel busy, attempt 1/3, backing off 101 ms
[17:25:55.015] ACK | to=0x3 | seq=37
[17:25:55.025] AGG | Added to buffer | count=2/7
[17:25:55.036] ────────────────────────────────────────────────────
[17:25:55.096] [BCN] RX from 0x3 | rank=1 | rssi=-85
[17:25:56.566] ────────────────────────────────────────────────────
[17:25:56.571] RX_MESH | src=0x3 | seq=38 | hops=0 | rssi=-85
[17:25:56.574] LATENCY | src=0x3 | send_ts=1775208355 | recv_ts=1775208357 | one-way ~2582 ms
[17:25:56.654] ACK | to=0x3 | seq=38
[17:25:56.663] AGG | Added to buffer | count=3/7
[17:25:56.675] ────────────────────────────────────────────────────
[17:25:58.233] [DROP] Duplicate | src=0x3 seq=38
[17:25:58.310] ACK | to=0x3 | seq=38
[17:26:00.012] [DROP] Duplicate | src=0x3 seq=38
[17:26:00.092] ACK | to=0x3 | seq=38
[17:26:01.981] ────────────────────────────────────────────────────
[17:26:01.986] RX_MESH | src=0x4 | seq=73 | hops=0 | rssi=-113
[17:26:01.990] LATENCY | src=0x4 | send_ts=1775208361 | recv_ts=1775208362 | one-way ~1997 ms
[17:26:02.069] ACK | to=0x4 | seq=73
[17:26:02.078] AGG | Added to buffer | count=4/7
[17:26:02.090] ────────────────────────────────────────────────────
[17:26:02.264] ────────────────────────────────────────────────────
[17:26:02.270] RX_MESH | src=0x3 | seq=39 | hops=0 | rssi=-85
[17:26:02.274] LATENCY | src=0x3 | send_ts=1775208360 | recv_ts=1775208363 | one-way ~3281 ms
[17:26:02.341] ACK | to=0x3 | seq=39
[17:26:02.350] AGG | Added to buffer | count=5/7
[17:26:02.362] ────────────────────────────────────────────────────
[17:26:03.309] ────────────────────────────────────────────────────
[17:26:03.314] RX_MESH | src=0x3 | seq=40 | hops=0 | rssi=-84
[17:26:03.317] LATENCY | src=0x3 | send_ts=1775208362 | recv_ts=1775208364 | one-way ~2325 ms
[17:26:03.397] ACK | to=0x3 | seq=40
[17:26:03.407] AGG | Added to buffer | count=6/7
[17:26:03.418] ────────────────────────────────────────────────────
[17:26:03.836] [BCN] TX | rank=0 | queue=85%
[17:26:05.116] ────────────────────────────────────────────────────
[17:26:05.121] RX_MESH | src=0x4 | seq=74 | hops=0 | rssi=-106
[17:26:05.125] LATENCY | src=0x4 | send_ts=1775208363 | recv_ts=1775208366 | one-way ~3132 ms
[17:26:05.216] ACK | to=0x4 | seq=74
[17:26:05.226] AGG | Added to buffer | count=7/7
[17:26:05.242] ────────────────────────────────────────────────────
[17:26:05.242] 
[17:26:05.245] [FLUSH] Trigger detected, switching to LoRaWAN mode
[17:26:05.246] 
[17:26:05.258] ════════════════════════════════════════════════════
[17:26:05.259] FLUSH | records=7 | bytes=136
[17:26:11.734] UPLINK | OK | TTN received
[17:26:11.735] Total uplinks sent: 72
[17:26:11.747] ════════════════════════════════════════════════════
[17:26:11.748] 
[17:26:11.780] [RADIO] Switched back to MESH_LISTEN mode
[17:26:12.655] ────────────────────────────────────────────────────
[17:26:12.660] RX_MESH | src=0x4 | seq=76 | hops=0 | rssi=-110
[17:26:12.663] LATENCY | src=0x4 | send_ts=1775208372 | recv_ts=1775208373 | one-way ~1671 ms
[17:26:12.762] ACK | to=0x4 | seq=76
[17:26:12.772] AGG | Added to buffer | count=1/7
[17:26:12.783] ────────────────────────────────────────────────────
[17:26:13.491] ────────────────────────────────────────────────────
[17:26:13.496] RX_MESH | src=0x3 | seq=41 | hops=0 | rssi=-86
[17:26:13.499] LATENCY | src=0x3 | send_ts=1775208368 | recv_ts=1775208374 | one-way ~6507 ms
[17:26:13.575] ACK | to=0x3 | seq=41
[17:26:13.584] AGG | Added to buffer | count=2/7
[17:26:13.595] ────────────────────────────────────────────────────
[17:26:13.900] [BCN] TX | rank=0 | queue=28%
[17:26:14.082] ────────────────────────────────────────────────────
[17:26:14.087] RX_MESH | src=0x3 | seq=42 | hops=0 | rssi=-86
[17:26:14.091] LATENCY | src=0x3 | send_ts=1775208373 | recv_ts=1775208375 | one-way ~2098 ms
[17:26:14.162] ACK | to=0x3 | seq=42
[17:26:14.172] AGG | Added to buffer | count=3/7
[17:26:14.183] ────────────────────────────────────────────────────
[17:26:14.605] ────────────────────────────────────────────────────
[17:26:14.611] RX_MESH | src=0x4 | seq=77 | hops=0 | rssi=-104
[17:26:14.615] LATENCY | src=0x4 | send_ts=1775208373 | recv_ts=1775208375 | one-way ~2622 ms
[17:26:14.715] ACK | to=0x4 | seq=77
[17:26:14.725] AGG | Added to buffer | count=4/7
[17:26:14.737] ────────────────────────────────────────────────────
[17:26:14.916] ────────────────────────────────────────────────────
[17:26:14.921] RX_MESH | src=0x3 | seq=43 | hops=0 | rssi=-87
[17:26:14.924] LATENCY | src=0x3 | send_ts=1775208374 | recv_ts=1775208375 | one-way ~1932 ms
[17:26:15.000] ACK | to=0x3 | seq=43
[17:26:15.009] AGG | Added to buffer | count=5/7
[17:26:15.020] ────────────────────────────────────────────────────
[17:26:15.381] ────────────────────────────────────────────────────
[17:26:15.386] RX_MESH | src=0x4 | seq=78 | hops=0 | rssi=-103
[17:26:15.389] LATENCY | src=0x4 | send_ts=1775208375 | recv_ts=1775208376 | one-way ~1397 ms
[17:26:15.479] ACK | to=0x4 | seq=78
[17:26:15.489] AGG | Added to buffer | count=6/7
[17:26:15.500] ────────────────────────────────────────────────────
[17:26:15.560] [BCN] RX from 0x4 | rank=1 | rssi=-103
[17:26:16.164] ────────────────────────────────────────────────────
[17:26:16.169] RX_MESH | src=0x3 | seq=44 | hops=0 | rssi=-87
[17:26:16.172] LATENCY | src=0x3 | send_ts=1775208375 | recv_ts=1775208377 | one-way ~2180 ms
[17:26:16.246] ACK | to=0x3 | seq=44
[17:26:16.256] AGG | Added to buffer | count=7/7
[17:26:16.271] ────────────────────────────────────────────────────
[17:26:16.272] 
[17:26:16.273] [FLUSH] Trigger detected, switching to LoRaWAN mode
[17:26:16.274] 
[17:26:16.288] ════════════════════════════════════════════════════
[17:26:16.291] FLUSH | records=7 | bytes=136
[17:26:22.765] UPLINK | OK | TTN received
[17:26:22.766] Total uplinks sent: 73
[17:26:22.777] ════════════════════════════════════════════════════
[17:26:22.778] 
[17:26:22.810] [RADIO] Switched back to MESH_LISTEN mode
[17:26:23.125] [BCN] RX from 0x3 | rank=1 | rssi=-85
[17:26:23.430] ────────────────────────────────────────────────────
[17:26:23.435] RX_MESH | src=0x3 | seq=46 | hops=0 | rssi=-84
[17:26:23.438] LATENCY | src=0x3 | send_ts=1775208383 | recv_ts=1775208384 | one-way ~1446 ms
[17:26:23.539] ACK | to=0x3 | seq=46
[17:26:23.548] AGG | Added to buffer | count=1/7
[17:26:23.560] ────────────────────────────────────────────────────
[17:26:23.965] [BCN] TX | rank=0 | queue=14%
[17:26:24.138] ────────────────────────────────────────────────────
[17:26:24.143] RX_MESH | src=0x4 | seq=80 | hops=0 | rssi=-102
[17:26:24.146] LATENCY | src=0x4 | send_ts=1775208383 | recv_ts=1775208385 | one-way ~2154 ms
[17:26:24.245] ACK | to=0x4 | seq=80
[17:26:24.255] AGG | Added to buffer | count=2/7
[17:26:24.266] ────────────────────────────────────────────────────
[17:26:24.598] ────────────────────────────────────────────────────
[17:26:24.604] RX_MESH | src=0x4 | seq=81 | hops=0 | rssi=-103
[17:26:24.607] LATENCY | src=0x4 | send_ts=1775208385 | recv_ts=1775208385 | one-way ~614 ms
[17:26:24.709] ACK | to=0x4 | seq=81
[17:26:24.718] AGG | Added to buffer | count=3/7
[17:26:24.729] ────────────────────────────────────────────────────
[17:26:24.915] ────────────────────────────────────────────────────
[17:26:24.921] RX_MESH | src=0x3 | seq=47 | hops=0 | rssi=-84
[17:26:24.924] LATENCY | src=0x3 | send_ts=1775208384 | recv_ts=1775208385 | one-way ~1931 ms
[17:26:25.009] ACK | to=0x3 | seq=47
[17:26:25.018] AGG | Added to buffer | count=4/7
[17:26:25.029] ────────────────────────────────────────────────────
[17:26:26.926] ────────────────────────────────────────────────────
[17:26:26.931] RX_MESH | src=0x3 | seq=48 | hops=0 | rssi=-84
[17:26:26.934] LATENCY | src=0x3 | send_ts=1775208385 | recv_ts=1775208387 | one-way ~2942 ms
[17:26:26.984] LBT | Channel busy, attempt 1/3, backing off 121 ms
[17:26:27.161] ACK | to=0x3 | seq=48
[17:26:27.170] AGG | Added to buffer | count=5/7
[17:26:27.181] ────────────────────────────────────────────────────
[17:26:27.477] ────────────────────────────────────────────────────
[17:26:27.482] RX_MESH | src=0x3 | seq=49 | hops=0 | rssi=-84
[17:26:27.486] LATENCY | src=0x3 | send_ts=1775208387 | recv_ts=1775208388 | one-way ~1493 ms
[17:26:27.566] ACK | to=0x3 | seq=49
[17:26:27.575] AGG | Added to buffer | count=6/7
[17:26:27.587] ────────────────────────────────────────────────────
[17:26:28.681] ────────────────────────────────────────────────────
[17:26:28.687] RX_MESH | src=0x4 | seq=82 | hops=0 | rssi=-102
[17:26:28.690] LATENCY | src=0x4 | send_ts=1775208386 | recv_ts=1775208389 | one-way ~3697 ms
[17:26:28.761] ACK | to=0x4 | seq=82
[17:26:28.770] AGG | Added to buffer | count=7/7
[17:26:28.786] ────────────────────────────────────────────────────
[17:26:28.786] 
[17:26:28.788] [FLUSH] Trigger detected, switching to LoRaWAN mode
[17:26:28.788] 
[17:26:28.802] ════════════════════════════════════════════════════
[17:26:28.804] FLUSH | records=7 | bytes=136
[17:26:35.279] UPLINK | OK | TTN received
[17:26:35.280] Total uplinks sent: 74
[17:26:35.291] ════════════════════════════════════════════════════
[17:26:35.292] 
[17:26:35.324] [RADIO] Switched back to MESH_LISTEN mode
[17:26:35.388] [BCN] TX | rank=0 | queue=0%
[17:26:35.403] [DROP] Packet too short (0 bytes)
[17:26:36.264] ────────────────────────────────────────────────────
[17:26:36.269] RX_MESH | src=0x3 | seq=51 | hops=0 | rssi=-84
[17:26:36.273] LATENCY | src=0x3 | send_ts=1775208394 | recv_ts=1775208397 | one-way ~3280 ms
[17:26:36.352] ACK | to=0x3 | seq=51
[17:26:36.361] AGG | Added to buffer | count=1/7
[17:26:36.373] ────────────────────────────────────────────────────
[17:26:36.533] ────────────────────────────────────────────────────
[17:26:36.538] RX_MESH | src=0x4 | seq=84 | hops=0 | rssi=-103
[17:26:36.541] LATENCY | src=0x4 | send_ts=1775208396 | recv_ts=1775208397 | one-way ~1549 ms
[17:26:36.615] ACK | to=0x4 | seq=84
[17:26:36.624] AGG | Added to buffer | count=2/7
[17:26:36.635] ────────────────────────────────────────────────────
[17:26:37.096] ────────────────────────────────────────────────────
[17:26:37.101] RX_MESH | src=0x4 | seq=85 | hops=0 | rssi=-104
[17:26:37.105] LATENCY | src=0x4 | send_ts=1775208397 | recv_ts=1775208398 | one-way ~1112 ms
[17:26:37.203] ACK | to=0x4 | seq=85
[17:26:37.212] AGG | Added to buffer | count=3/7
[17:26:37.224] ────────────────────────────────────────────────────
[17:26:38.232] ────────────────────────────────────────────────────
[17:26:38.237] RX_MESH | src=0x3 | seq=52 | hops=0 | rssi=-84
[17:26:38.241] LATENCY | src=0x3 | send_ts=1775208396 | recv_ts=1775208399 | one-way ~3248 ms
[17:26:38.312] ACK | to=0x3 | seq=52
[17:26:38.321] AGG | Added to buffer | count=4/7
[17:26:38.332] ────────────────────────────────────────────────────
[17:26:38.831] ────────────────────────────────────────────────────
[17:26:38.837] RX_MESH | src=0x3 | seq=53 | hops=0 | rssi=-84
[17:26:38.840] LATENCY | src=0x3 | send_ts=1775208398 | recv_ts=1775208399 | one-way ~1847 ms
[17:26:38.915] ACK | to=0x3 | seq=53
[17:26:38.924] AGG | Added to buffer | count=5/7
[17:26:38.935] ────────────────────────────────────────────────────
[17:26:39.020] ────────────────────────────────────────────────────
[17:26:39.025] RX_MESH | src=0x4 | seq=86 | hops=0 | rssi=-104
[17:26:39.029] LATENCY | src=0x4 | send_ts=1775208398 | recv_ts=1775208400 | one-way ~2036 ms
[17:26:39.113] ACK | to=0x4 | seq=86
[17:26:39.122] AGG | Added to buffer | count=6/7
[17:26:39.133] ────────────────────────────────────────────────────
[17:26:39.195] [BCN] RX from 0x4 | rank=1 | rssi=-105
[17:26:39.586] ────────────────────────────────────────────────────
[17:26:39.591] RX_MESH | src=0x3 | seq=54 | hops=0 | rssi=-84
[17:26:39.595] LATENCY | src=0x3 | send_ts=1775208399 | recv_ts=1775208400 | one-way ~1602 ms
[17:26:39.663] ACK | to=0x3 | seq=54
[17:26:39.672] AGG | Added to buffer | count=7/7
[17:26:39.688] ────────────────────────────────────────────────────
[17:26:39.689] 
[17:26:39.690] [FLUSH] Trigger detected, switching to LoRaWAN mode
[17:26:39.692] 
[17:26:39.705] ════════════════════════════════════════════════════
[17:26:39.706] FLUSH | records=7 | bytes=136
[17:26:45.013] UPLINK | FAILED | code 1
[17:26:45.019] Total uplinks sent: 74
[17:26:45.026] ════════════════════════════════════════════════════
[17:26:45.026] 
[17:26:45.058] [RADIO] Switched back to MESH_LISTEN mode
[17:26:45.167] ────────────────────────────────────────────────────
[17:26:45.172] RX_MESH | src=0x3 | seq=55 | hops=0 | rssi=-85
[17:26:45.175] LATENCY | src=0x3 | send_ts=1775208400 | recv_ts=1775208406 | one-way ~6183 ms
[17:26:45.256] ACK | to=0x3 | seq=55
[17:26:45.265] AGG | Added to buffer | count=1/7
[17:26:45.277] ────────────────────────────────────────────────────
[17:26:45.338] [BCN] RX from 0x3 | rank=1 | rssi=-85
[17:26:45.450] [BCN] TX | rank=0 | queue=14%
[17:26:45.978] ────────────────────────────────────────────────────
[17:26:45.983] RX_MESH | src=0x4 | seq=88 | hops=0 | rssi=-105
[17:26:45.987] LATENCY | src=0x4 | send_ts=1775208406 | recv_ts=1775208406 | one-way ~994 ms
[17:26:46.074] ACK | to=0x4 | seq=88
[17:26:46.083] AGG | Added to buffer | count=2/7
[17:26:46.094] ────────────────────────────────────────────────────
[17:26:46.853] ────────────────────────────────────────────────────
[17:26:46.858] RX_MESH | src=0x4 | seq=89 | hops=0 | rssi=-106
[17:26:46.862] LATENCY | src=0x4 | send_ts=1775208407 | recv_ts=1775208407 | one-way ~869 ms
[17:26:46.935] ACK | to=0x4 | seq=89
[17:26:46.944] AGG | Added to buffer | count=3/7
[17:26:46.956] ────────────────────────────────────────────────────
[17:26:47.409] ────────────────────────────────────────────────────
[17:26:47.414] RX_MESH | src=0x3 | seq=56 | hops=0 | rssi=-85
[17:26:47.417] LATENCY | src=0x3 | send_ts=1775208405 | recv_ts=1775208408 | one-way ~3425 ms
[17:26:47.519] ACK | to=0x3 | seq=56
[17:26:47.528] AGG | Added to buffer | count=4/7
[17:26:47.539] ────────────────────────────────────────────────────
[17:26:48.142] ────────────────────────────────────────────────────
[17:26:48.148] RX_MESH | src=0x3 | seq=57 | hops=0 | rssi=-85
[17:26:48.151] LATENCY | src=0x3 | send_ts=1775208407 | recv_ts=1775208409 | one-way ~2158 ms
[17:26:48.233] ACK | to=0x3 | seq=57
[17:26:48.242] AGG | Added to buffer | count=5/7
[17:26:48.255] ────────────────────────────────────────────────────
[17:26:48.388] ────────────────────────────────────────────────────
[17:26:48.392] RX_MESH | src=0x4 | seq=90 | hops=0 | rssi=-104
[17:26:48.395] LATENCY | src=0x4 | send_ts=1775208408 | recv_ts=1775208409 | one-way ~1403 ms
[17:26:48.488] ACK | to=0x4 | seq=90
[17:26:48.497] AGG | Added to buffer | count=6/7
[17:26:48.509] ────────────────────────────────────────────────────
[17:26:48.668] ────────────────────────────────────────────────────
[17:26:48.672] RX_MESH | src=0x3 | seq=58 | hops=0 | rssi=-84
[17:26:48.675] LATENCY | src=0x3 | send_ts=1775208408 | recv_ts=1775208409 | one-way ~1683 ms
[17:26:48.708] LBT | Channel busy, attempt 1/3, backing off 147 ms
[17:26:48.909] ACK | to=0x3 | seq=58
[17:26:48.919] AGG | Added to buffer | count=7/7
[17:26:48.935] ────────────────────────────────────────────────────
[17:26:48.935] 
[17:26:48.937] [FLUSH] Trigger detected, switching to LoRaWAN mode
[17:26:48.937] 
[17:26:48.951] ════════════════════════════════════════════════════
[17:26:48.952] FLUSH | records=7 | bytes=136
[17:27:01.902] UPLINK | OK | TTN received
[17:27:01.904] Total uplinks sent: 75
[17:27:01.915] ════════════════════════════════════════════════════
[17:27:01.915] 
[17:27:01.947] [RADIO] Switched back to MESH_LISTEN mode
[17:27:02.011] [BCN] TX | rank=0 | queue=0%
[17:27:02.026] [DROP] Packet too short (0 bytes)
[17:27:02.133] [BCN] RX from 0x4 | rank=1 | rssi=-105
[17:27:03.744] ────────────────────────────────────────────────────
[17:27:03.750] RX_MESH | src=0x4 | seq=93 | hops=0 | rssi=-106
[17:27:03.755] LATENCY | src=0x4 | send_ts=1775208423 | recv_ts=1775208424 | one-way ~1760 ms
[17:27:03.855] ACK | to=0x4 | seq=93
[17:27:03.864] AGG | Added to buffer | count=1/7
[17:27:03.876] ────────────────────────────────────────────────────
[17:27:05.411] [DROP] Duplicate | src=0x4 seq=93
[17:27:05.514] ACK | to=0x4 | seq=93
[17:27:05.596] [BCN] RX from 0x4 | rank=1 | rssi=-105
[17:27:05.693] ────────────────────────────────────────────────────
[17:27:05.698] RX_MESH | src=0x3 | seq=61 | hops=0 | rssi=-84
[17:27:05.701] LATENCY | src=0x3 | send_ts=1775208422 | recv_ts=1775208426 | one-way ~4709 ms
[17:27:05.783] ACK | to=0x3 | seq=61
[17:27:05.792] AGG | Added to buffer | count=2/7
[17:27:05.803] ────────────────────────────────────────────────────
[17:27:05.865] [BCN] RX from 0x3 | rank=1 | rssi=-84
[17:27:06.056] ────────────────────────────────────────────────────
[17:27:06.061] RX_MESH | src=0x3 | seq=62 | hops=0 | rssi=-85
[17:27:06.064] LATENCY | src=0x3 | send_ts=1775208426 | recv_ts=1775208427 | one-way ~1072 ms
[17:27:06.146] ACK | to=0x3 | seq=62
[17:27:06.155] AGG | Added to buffer | count=3/7
[17:27:06.167] ────────────────────────────────────────────────────
[17:27:07.723] [DROP] Duplicate | src=0x3 seq=62
[17:27:07.818] ACK | to=0x3 | seq=62
[17:27:07.922] ────────────────────────────────────────────────────
[17:27:07.927] RX_MESH | src=0x4 | seq=94 | hops=0 | rssi=-106
[17:27:07.931] LATENCY | src=0x4 | send_ts=1775208426 | recv_ts=1775208428 | one-way ~2938 ms
[17:27:08.004] ACK | to=0x4 | seq=94
[17:27:08.013] AGG | Added to buffer | count=4/7
[17:27:08.025] ────────────────────────────────────────────────────
[17:27:08.196] ────────────────────────────────────────────────────
[17:27:08.201] RX_MESH | src=0x4 | seq=95 | hops=0 | rssi=-107
[17:27:08.205] LATENCY | src=0x4 | send_ts=1775208428 | recv_ts=1775208429 | one-way ~1212 ms
[17:27:08.298] ACK | to=0x4 | seq=95
[17:27:08.307] AGG | Added to buffer | count=5/7
[17:27:08.318] ────────────────────────────────────────────────────
[17:27:08.774] ────────────────────────────────────────────────────
[17:27:08.779] RX_MESH | src=0x3 | seq=63 | hops=0 | rssi=-84
[17:27:08.783] LATENCY | src=0x3 | send_ts=1775208428 | recv_ts=1775208429 | one-way ~1790 ms
[17:27:08.877] ACK | to=0x3 | seq=63
[17:27:08.886] AGG | Added to buffer | count=6/7
[17:27:08.897] ────────────────────────────────────────────────────
[17:27:09.179] ────────────────────────────────────────────────────
[17:27:09.184] RX_MESH | src=0x4 | seq=96 | hops=0 | rssi=-106
[17:27:09.188] LATENCY | src=0x4 | send_ts=1775208429 | recv_ts=1775208430 | one-way ~1195 ms
[17:27:09.282] ACK | to=0x4 | seq=96
[17:27:09.291] AGG | Added to buffer | count=7/7
[17:27:09.307] ────────────────────────────────────────────────────
[17:27:09.308] 
[17:27:09.309] [FLUSH] Trigger detected, switching to LoRaWAN mode
[17:27:09.310] 
[17:27:09.324] ════════════════════════════════════════════════════
[17:27:09.326] FLUSH | records=7 | bytes=136
[17:27:22.274] UPLINK | OK | TTN received
[17:27:22.275] Total uplinks sent: 76
[17:27:22.286] ════════════════════════════════════════════════════
[17:27:22.288] 
[17:27:22.319] [RADIO] Switched back to MESH_LISTEN mode
[17:27:22.332] LBT | Channel busy, attempt 1/3, backing off 125 ms
[17:27:22.518] [BCN] TX | rank=0 | queue=0%
[17:27:22.532] [DROP] Packet too short (0 bytes)
[17:27:22.639] [BCN] RX from 0x3 | rank=1 | rssi=-85
[17:27:23.714] ────────────────────────────────────────────────────
[17:27:23.720] RX_MESH | src=0x3 | seq=66 | hops=0 | rssi=-84
[17:27:23.723] LATENCY | src=0x3 | send_ts=1775208442 | recv_ts=1775208444 | one-way ~2730 ms
[17:27:23.828] ACK | to=0x3 | seq=66
[17:27:23.836] AGG | Added to buffer | count=1/7
[17:27:23.849] ────────────────────────────────────────────────────
[17:27:23.963] ────────────────────────────────────────────────────
[17:27:23.969] RX_MESH | src=0x4 | seq=99 | hops=0 | rssi=-101
[17:27:23.972] LATENCY | src=0x4 | send_ts=1775208443 | recv_ts=1775208444 | one-way ~1979 ms
[17:27:24.039] ACK | to=0x4 | seq=99
[17:27:24.048] AGG | Added to buffer | count=2/7
[17:27:24.061] ────────────────────────────────────────────────────
[17:27:24.147] ────────────────────────────────────────────────────
[17:27:24.152] RX_MESH | src=0x4 | seq=100 | hops=0 | rssi=-101
[17:27:24.155] LATENCY | src=0x4 | send_ts=1775208445 | recv_ts=1775208445 | one-way ~162 ms
[17:27:24.245] ACK | to=0x4 | seq=100
[17:27:24.254] AGG | Added to buffer | count=3/7
[17:27:24.266] ────────────────────────────────────────────────────
[17:27:25.360] ────────────────────────────────────────────────────
[17:27:25.365] RX_MESH | src=0x4 | seq=101 | hops=0 | rssi=-105
[17:27:25.368] LATENCY | src=0x4 | send_ts=1775208446 | recv_ts=1775208446 | one-way ~375 ms
[17:27:25.462] ACK | to=0x4 | seq=101
[17:27:25.471] AGG | Added to buffer | count=4/7
[17:27:25.482] ────────────────────────────────────────────────────
[17:27:25.724] ────────────────────────────────────────────────────
[17:27:25.729] RX_MESH | src=0x3 | seq=67 | hops=0 | rssi=-86
[17:27:25.733] LATENCY | src=0x3 | send_ts=1775208444 | recv_ts=1775208446 | one-way ~2740 ms
[17:27:25.806] ACK | to=0x3 | seq=67
[17:27:25.815] AGG | Added to buffer | count=5/7
[17:27:25.827] ────────────────────────────────────────────────────
[17:27:26.396] ────────────────────────────────────────────────────
[17:27:26.401] RX_MESH | src=0x3 | seq=68 | hops=0 | rssi=-85
[17:27:26.404] LATENCY | src=0x3 | send_ts=1775208446 | recv_ts=1775208447 | one-way ~1411 ms
[17:27:26.485] ACK | to=0x3 | seq=68
[17:27:26.495] AGG | Added to buffer | count=6/7
[17:27:26.507] ────────────────────────────────────────────────────
[17:27:26.567] [BCN] RX from 0x3 | rank=1 | rssi=-85
[17:27:27.267] ────────────────────────────────────────────────────
[17:27:27.272] RX_MESH | src=0x4 | seq=102 | hops=0 | rssi=-106
[17:27:27.275] LATENCY | src=0x4 | send_ts=1775208447 | recv_ts=1775208448 | one-way ~1282 ms
[17:27:27.356] ACK | to=0x4 | seq=102
[17:27:27.365] AGG | Added to buffer | count=7/7
[17:27:27.381] ────────────────────────────────────────────────────
[17:27:27.382] 
[17:27:27.383] [FLUSH] Trigger detected, switching to LoRaWAN mode
[17:27:27.383] 
[17:27:27.398] ════════════════════════════════════════════════════
[17:27:27.399] FLUSH | records=7 | bytes=136
[17:27:40.348] UPLINK | OK | TTN received
[17:27:40.349] Total uplinks sent: 77
[17:27:40.361] ════════════════════════════════════════════════════
[17:27:40.361] 
[17:27:40.394] [RADIO] Switched back to MESH_LISTEN mode
[17:27:40.457] [BCN] TX | rank=0 | queue=0%
[17:27:40.472] [DROP] Packet too short (0 bytes)
[17:27:40.627] [BCN] RX from 0x4 | rank=2 | rssi=-105
[17:27:40.696] [BCN] RX from 0x4 | rank=2 | rssi=-106
[17:27:40.957] [BCN] RX from 0x3 | rank=2 | rssi=-84
[17:27:41.026] [BCN] RX from 0x3 | rank=2 | rssi=-85
[17:27:50.521] [BCN] TX | rank=0 | queue=0%
[17:27:50.642] [BCN] RX from 0x3 | rank=1 | rssi=-86
[17:27:51.836] ────────────────────────────────────────────────────
[17:27:51.841] RX_MESH | src=0x4 | seq=105 | hops=0 | rssi=-104
[17:27:51.844] LATENCY | src=0x4 | send_ts=1775208471 | recv_ts=1775208472 | one-way ~1851 ms
[17:27:51.943] ACK | to=0x4 | seq=105
[17:27:51.953] AGG | Added to buffer | count=1/7
[17:27:51.964] ────────────────────────────────────────────────────
[17:27:52.024] [BCN] RX from 0x4 | rank=1 | rssi=-105
[17:27:52.201] ────────────────────────────────────────────────────
[17:27:52.207] RX_MESH | src=0x3 | seq=71 | hops=0 | rssi=-85
[17:27:52.210] LATENCY | src=0x3 | send_ts=1775208470 | recv_ts=1775208473 | one-way ~3217 ms
[17:27:52.289] ACK | to=0x3 | seq=71
[17:27:52.299] AGG | Added to buffer | count=2/7
[17:27:52.310] ────────────────────────────────────────────────────
[17:27:52.370] [BCN] RX from 0x3 | rank=1 | rssi=-86
[17:27:53.037] ────────────────────────────────────────────────────
[17:27:53.043] RX_MESH | src=0x4 | seq=106 | hops=0 | rssi=-104
[17:27:53.046] LATENCY | src=0x4 | send_ts=1775208473 | recv_ts=1775208474 | one-way ~1053 ms
[17:27:53.138] ACK | to=0x4 | seq=106
[17:27:53.147] AGG | Added to buffer | count=3/7
[17:27:53.159] ────────────────────────────────────────────────────
[17:27:54.327] ────────────────────────────────────────────────────
[17:27:54.333] RX_MESH | src=0x3 | seq=72 | hops=0 | rssi=-85
[17:27:54.336] LATENCY | src=0x3 | send_ts=1775208472 | recv_ts=1775208475 | one-way ~3343 ms
[17:27:54.426] ACK | to=0x3 | seq=72
[17:27:54.436] AGG | Added to buffer | count=4/7
[17:27:54.448] ────────────────────────────────────────────────────
[17:27:55.193] ────────────────────────────────────────────────────
[17:27:55.198] RX_MESH | src=0x4 | seq=107 | hops=0 | rssi=-105
[17:27:55.201] LATENCY | src=0x4 | send_ts=1775208474 | recv_ts=1775208476 | one-way ~2208 ms
[17:27:55.295] ACK | to=0x4 | seq=107
[17:27:55.303] AGG | Added to buffer | count=5/7
[17:27:55.315] ────────────────────────────────────────────────────
[17:27:55.995] [DROP] Duplicate | src=0x3 seq=72
[17:27:56.098] ACK | to=0x3 | seq=72
[17:27:56.371] ────────────────────────────────────────────────────
[17:27:56.376] RX_MESH | src=0x4 | seq=108 | hops=0 | rssi=-105
[17:27:56.380] LATENCY | src=0x4 | send_ts=1775208476 | recv_ts=1775208477 | one-way ~1386 ms
[17:27:56.454] ACK | to=0x4 | seq=108
[17:27:56.463] AGG | Added to buffer | count=6/7
[17:27:56.475] ────────────────────────────────────────────────────
[17:27:56.942] ────────────────────────────────────────────────────
[17:27:56.947] RX_MESH | src=0x4 | seq=109 | hops=0 | rssi=-100
[17:27:56.950] LATENCY | src=0x4 | send_ts=1775208477 | recv_ts=1775208477 | one-way ~957 ms
[17:27:57.041] ACK | to=0x4 | seq=109
[17:27:57.050] AGG | Added to buffer | count=7/7
[17:27:57.065] ────────────────────────────────────────────────────
[17:27:57.066] 
[17:27:57.067] [FLUSH] Trigger detected, switching to LoRaWAN mode
[17:27:57.067] 
[17:27:57.082] ════════════════════════════════════════════════════
[17:27:57.083] FLUSH | records=7 | bytes=136
[17:28:10.033] UPLINK | OK | TTN received
[17:28:10.034] Total uplinks sent: 78
[17:28:10.045] ════════════════════════════════════════════════════
[17:28:10.045] 
[17:28:10.078] [RADIO] Switched back to MESH_LISTEN mode
[17:28:10.141] [BCN] TX | rank=0 | queue=0%
[17:28:10.157] [DROP] Packet too short (0 bytes)
[17:28:10.263] [BCN] RX from 0x3 | rank=1 | rssi=-86
[17:28:10.322] [BCN] RX from 0x4 | rank=2 | rssi=-103
[17:28:11.214] ────────────────────────────────────────────────────
[17:28:11.219] RX_MESH | src=0x3 | seq=75 | hops=0 | rssi=-86
[17:28:11.222] LATENCY | src=0x3 | send_ts=1775208490 | recv_ts=1775208492 | one-way ~2229 ms
[17:28:11.326] ACK | to=0x3 | seq=75
[17:28:11.336] AGG | Added to buffer | count=1/7
[17:28:11.348] ────────────────────────────────────────────────────
[17:28:12.161] ────────────────────────────────────────────────────
[17:28:12.165] RX_MESH | src=0x3 | seq=76 | hops=0 | rssi=-85
[17:28:12.168] LATENCY | src=0x3 | send_ts=1775208491 | recv_ts=1775208493 | one-way ~2175 ms
[17:28:12.257] ACK | to=0x3 | seq=76
[17:28:12.266] AGG | Added to buffer | count=2/7
[17:28:12.277] ────────────────────────────────────────────────────
[17:28:13.922] [BCN] RX from 0x4 | rank=2 | rssi=-103
[17:28:14.127] ────────────────────────────────────────────────────
[17:28:14.133] RX_MESH | src=0x3 | seq=77 | hops=0 | rssi=-86
[17:28:14.136] LATENCY | src=0x3 | send_ts=1775208492 | recv_ts=1775208495 | one-way ~3143 ms
[17:28:14.214] ACK | to=0x3 | seq=77
[17:28:14.224] AGG | Added to buffer | count=3/7
[17:28:14.236] ────────────────────────────────────────────────────
[17:28:14.296] [BCN] RX from 0x3 | rank=1 | rssi=-86
[17:28:14.409] [BCN] RX from 0x4 | rank=2 | rssi=-103
[17:28:15.277] ────────────────────────────────────────────────────
[17:28:15.282] RX_MESH | src=0x3 | seq=78 | hops=0 | rssi=-85
[17:28:15.286] LATENCY | src=0x3 | send_ts=1775208494 | recv_ts=1775208496 | one-way ~2292 ms
[17:28:15.391] ACK | to=0x3 | seq=78
[17:28:15.399] AGG | Added to buffer | count=4/7
[17:28:15.410] ────────────────────────────────────────────────────
[17:28:15.888] ────────────────────────────────────────────────────
[17:28:15.893] RX_MESH | src=0x4 | seq=112 | hops=1 | rssi=-86
[17:28:15.897] LATENCY | src=0x4 | send_ts=1775208495 | recv_ts=1775208496 | one-way ~1903 ms
[17:28:15.997] ACK | to=0x3 | seq=112
[17:28:16.006] AGG | Added to buffer | count=5/7
[17:28:16.018] ────────────────────────────────────────────────────
[17:28:16.731] ────────────────────────────────────────────────────
[17:28:16.737] RX_MESH | src=0x4 | seq=113 | hops=1 | rssi=-85
[17:28:16.740] LATENCY | src=0x4 | send_ts=1775208496 | recv_ts=1775208497 | one-way ~1746 ms
[17:28:16.806] ACK | to=0x3 | seq=113
[17:28:16.815] AGG | Added to buffer | count=6/7
[17:28:16.827] ────────────────────────────────────────────────────
[17:28:17.003] [DROP] Duplicate | src=0x3 seq=78
[17:28:17.102] ACK | to=0x3 | seq=78
[17:28:18.163] ────────────────────────────────────────────────────
[17:28:18.168] RX_MESH | src=0x4 | seq=114 | hops=1 | rssi=-86
[17:28:18.172] LATENCY | src=0x4 | send_ts=1775208497 | recv_ts=1775208499 | one-way ~2178 ms
[17:28:18.259] ACK | to=0x3 | seq=114
[17:28:18.267] AGG | Added to buffer | count=7/7
[17:28:18.283] ────────────────────────────────────────────────────
[17:28:18.284] 
[17:28:18.285] [FLUSH] Trigger detected, switching to LoRaWAN mode
[17:28:18.285] 
[17:28:18.300] ════════════════════════════════════════════════════
[17:28:18.303] FLUSH | records=7 | bytes=136
[17:28:31.251] UPLINK | OK | TTN received
[17:28:31.255] Total uplinks sent: 79
[17:28:31.263] ════════════════════════════════════════════════════
[17:28:31.264] 
[17:28:31.296] [RADIO] Switched back to MESH_LISTEN mode
[17:28:31.359] [BCN] TX | rank=0 | queue=0%
[17:28:31.375] [DROP] Packet too short (0 bytes)
[17:28:31.600] ────────────────────────────────────────────────────
[17:28:31.605] RX_MESH | src=0x4 | seq=124 | hops=1 | rssi=-86
[17:28:31.608] LATENCY | src=0x4 | send_ts=1775208510 | recv_ts=1775208512 | one-way ~2615 ms
[17:28:31.675] ACK | to=0x3 | seq=124
[17:28:31.684] AGG | Added to buffer | count=1/7
[17:28:31.695] ────────────────────────────────────────────────────
[17:28:32.339] ────────────────────────────────────────────────────
[17:28:32.343] RX_MESH | src=0x4 | seq=125 | hops=1 | rssi=-86
[17:28:32.347] LATENCY | src=0x4 | send_ts=1775208512 | recv_ts=1775208513 | one-way ~1353 ms
[17:28:32.378] LBT | Channel busy, attempt 1/3, backing off 132 ms
[17:28:32.566] ACK | to=0x3 | seq=125
[17:28:32.575] AGG | Added to buffer | count=2/7
[17:28:32.588] ────────────────────────────────────────────────────
[17:28:32.969] ────────────────────────────────────────────────────
[17:28:32.974] RX_MESH | src=0x4 | seq=123 | hops=1 | rssi=-86
[17:28:32.977] LATENCY | src=0x4 | send_ts=1775208509 | recv_ts=1775208513 | one-way ~4984 ms
[17:28:33.047] ACK | to=0x3 | seq=123
[17:28:33.056] AGG | Added to buffer | count=3/7
[17:28:33.068] ────────────────────────────────────────────────────
[17:28:33.257] ────────────────────────────────────────────────────
[17:28:33.262] RX_MESH | src=0x4 | seq=122 | hops=1 | rssi=-85
[17:28:33.265] LATENCY | src=0x4 | send_ts=1775208508 | recv_ts=1775208514 | one-way ~6272 ms
[17:28:33.369] ACK | to=0x3 | seq=122
[17:28:33.378] AGG | Added to buffer | count=4/7
[17:28:33.390] ────────────────────────────────────────────────────
[17:28:33.579] ────────────────────────────────────────────────────
[17:28:33.584] RX_MESH | src=0x4 | seq=121 | hops=1 | rssi=-85
[17:28:33.588] LATENCY | src=0x4 | send_ts=1775208507 | recv_ts=1775208514 | one-way ~7594 ms
[17:28:33.670] ACK | to=0x3 | seq=121
[17:28:33.679] AGG | Added to buffer | count=5/7
[17:28:33.692] ────────────────────────────────────────────────────
[17:28:34.636] ────────────────────────────────────────────────────
[17:28:34.641] RX_MESH | src=0x4 | seq=126 | hops=1 | rssi=-85
[17:28:34.645] LATENCY | src=0x4 | send_ts=1775208513 | recv_ts=1775208515 | one-way ~2651 ms
[17:28:34.726] ACK | to=0x3 | seq=126
[17:28:34.735] AGG | Added to buffer | count=6/7
[17:28:34.747] ────────────────────────────────────────────────────
[17:28:35.347] [DROP] Duplicate | src=0x4 seq=121
[17:28:35.445] ACK | to=0x3 | seq=121
[17:28:35.655] ────────────────────────────────────────────────────
[17:28:35.660] RX_MESH | src=0x4 | seq=120 | hops=1 | rssi=-84
[17:28:35.663] LATENCY | src=0x4 | send_ts=1775208506 | recv_ts=1775208516 | one-way ~10670 ms
[17:28:35.738] ACK | to=0x3 | seq=120
[17:28:35.747] AGG | Added to buffer | count=7/7
[17:28:35.763] ────────────────────────────────────────────────────
[17:28:35.763] 
[17:28:35.765] [FLUSH] Trigger detected, switching to LoRaWAN mode
[17:28:35.766] 
[17:28:35.779] ════════════════════════════════════════════════════
[17:28:35.781] FLUSH | records=7 | bytes=136
[17:28:41.089] UPLINK | FAILED | code 1
[17:28:41.090] Total uplinks sent: 79
[17:28:41.101] ════════════════════════════════════════════════════
[17:28:41.102] 
[17:28:41.133] [RADIO] Switched back to MESH_LISTEN mode
[17:28:41.338] ────────────────────────────────────────────────────
[17:28:41.343] RX_MESH | src=0x4 | seq=130 | hops=1 | rssi=-85
[17:28:41.347] LATENCY | src=0x4 | send_ts=1775208520 | recv_ts=1775208522 | one-way ~2353 ms
[17:28:41.415] ACK | to=0x3 | seq=130
[17:28:41.424] AGG | Added to buffer | count=1/7
[17:28:41.437] ────────────────────────────────────────────────────
[17:28:41.495] [BCN] TX | rank=0 | queue=14%
[17:28:41.730] ────────────────────────────────────────────────────
[17:28:41.736] RX_MESH | src=0x4 | seq=129 | hops=1 | rssi=-85
[17:28:41.739] LATENCY | src=0x4 | send_ts=1775208518 | recv_ts=1775208522 | one-way ~4745 ms
[17:28:41.839] ACK | to=0x3 | seq=129
[17:28:41.847] AGG | Added to buffer | count=2/7
[17:28:41.858] ────────────────────────────────────────────────────
[17:28:42.149] ────────────────────────────────────────────────────
[17:28:42.155] RX_MESH | src=0x4 | seq=128 | hops=1 | rssi=-85
[17:28:42.158] LATENCY | src=0x4 | send_ts=1775208517 | recv_ts=1775208523 | one-way ~6164 ms
[17:28:42.239] ACK | to=0x3 | seq=128
[17:28:42.248] AGG | Added to buffer | count=3/7
[17:28:42.259] ────────────────────────────────────────────────────
[17:28:42.448] ────────────────────────────────────────────────────
[17:28:42.454] RX_MESH | src=0x4 | seq=127 | hops=1 | rssi=-85
[17:28:42.457] LATENCY | src=0x4 | send_ts=1775208515 | recv_ts=1775208523 | one-way ~8463 ms
[17:28:42.550] ACK | to=0x3 | seq=127
[17:28:42.559] AGG | Added to buffer | count=4/7
[17:28:42.571] ────────────────────────────────────────────────────
[17:28:42.919] ────────────────────────────────────────────────────
[17:28:42.925] RX_MESH | src=0x4 | seq=131 | hops=1 | rssi=-85
[17:28:42.927] LATENCY | src=0x4 | send_ts=1775208522 | recv_ts=1775208523 | one-way ~1934 ms
[17:28:43.022] ACK | to=0x3 | seq=131
[17:28:43.031] AGG | Added to buffer | count=5/7
[17:28:43.043] ────────────────────────────────────────────────────
[17:28:44.216] [DROP] Duplicate | src=0x4 seq=127
[17:28:44.302] ACK | to=0x3 | seq=127
[17:28:44.599] [DROP] Duplicate | src=0x4 seq=120
[17:28:44.631] LBT | Channel busy, attempt 1/3, backing off 128 ms
[17:28:44.771] LBT | Channel busy, attempt 2/3, backing off 222 ms
[17:28:45.001] LBT | Channel busy, attempt 3/3, backing off 411 ms
[17:28:45.411] LBT | Max retries reached, transmitting anyway
[17:28:45.456] ACK | to=0x3 | seq=120
[17:28:46.707] ────────────────────────────────────────────────────
[17:28:46.712] RX_MESH | src=0x4 | seq=134 | hops=1 | rssi=-85
[17:28:46.716] LATENCY | src=0x4 | send_ts=1775208526 | recv_ts=1775208527 | one-way ~1722 ms
[17:28:46.791] ACK | to=0x3 | seq=134
[17:28:46.800] AGG | Added to buffer | count=6/7
[17:28:46.811] ────────────────────────────────────────────────────
[17:28:47.000] ────────────────────────────────────────────────────
[17:28:47.006] RX_MESH | src=0x4 | seq=133 | hops=1 | rssi=-85
[17:28:47.009] LATENCY | src=0x4 | send_ts=1775208525 | recv_ts=1775208528 | one-way ~3015 ms
[17:28:47.081] ACK | to=0x3 | seq=133
[17:28:47.090] AGG | Added to buffer | count=7/7
[17:28:47.106] ────────────────────────────────────────────────────
[17:28:47.106] 
[17:28:47.108] [FLUSH] Trigger detected, switching to LoRaWAN mode
[17:28:47.108] 
[17:28:47.122] ════════════════════════════════════════════════════
[17:28:47.124] FLUSH | records=7 | bytes=136
[17:28:53.599] UPLINK | OK | TTN received
[17:28:53.600] Total uplinks sent: 80
[17:28:53.611] ════════════════════════════════════════════════════
[17:28:53.612] 
[17:28:53.644] [RADIO] Switched back to MESH_LISTEN mode
[17:28:53.658] LBT | Channel busy, attempt 1/3, backing off 111 ms
[17:28:53.829] [BCN] TX | rank=0 | queue=0%
[17:28:53.843] [DROP] Packet too short (0 bytes)
[17:28:55.496] ────────────────────────────────────────────────────
[17:28:55.501] RX_MESH | src=0x4 | seq=135 | hops=1 | rssi=-85
[17:28:55.505] LATENCY | src=0x4 | send_ts=1775208527 | recv_ts=1775208536 | one-way ~9511 ms
[17:28:55.589] ACK | to=0x3 | seq=135
[17:28:55.598] AGG | Added to buffer | count=1/7
[17:28:55.610] ────────────────────────────────────────────────────
[17:28:55.901] ────────────────────────────────────────────────────
[17:28:55.906] RX_MESH | src=0x4 | seq=132 | hops=1 | rssi=-85
[17:28:55.909] LATENCY | src=0x4 | send_ts=1775208523 | recv_ts=1775208536 | one-way ~13916 ms
[17:28:55.947] LBT | Channel busy, attempt 1/3, backing off 106 ms
[17:28:56.063] LBT | Channel busy, attempt 2/3, backing off 219 ms
[17:28:56.338] ACK | to=0x3 | seq=132
[17:28:56.347] AGG | Added to buffer | count=2/7
[17:28:56.359] ────────────────────────────────────────────────────
[17:28:56.963] ────────────────────────────────────────────────────
[17:28:56.968] RX_MESH | src=0x4 | seq=138 | hops=1 | rssi=-85
[17:28:56.972] LATENCY | src=0x4 | send_ts=1775208537 | recv_ts=1775208537 | one-way ~978 ms
[17:28:57.044] ACK | to=0x3 | seq=138
[17:28:57.053] AGG | Added to buffer | count=3/7
[17:28:57.064] ────────────────────────────────────────────────────
[17:28:57.839] ────────────────────────────────────────────────────
[17:28:57.844] RX_MESH | src=0x4 | seq=137 | hops=1 | rssi=-85
[17:28:57.847] LATENCY | src=0x4 | send_ts=1775208534 | recv_ts=1775208538 | one-way ~4854 ms
[17:28:57.931] ACK | to=0x3 | seq=137
[17:28:57.940] AGG | Added to buffer | count=4/7
[17:28:57.951] ────────────────────────────────────────────────────
[17:28:58.756] ────────────────────────────────────────────────────
[17:28:58.761] RX_MESH | src=0x4 | seq=119 | hops=1 | rssi=-86
[17:28:58.765] LATENCY | src=0x4 | send_ts=1775208505 | recv_ts=1775208539 | one-way ~34771 ms
[17:28:58.838] ACK | to=0x3 | seq=119
[17:28:58.847] AGG | Added to buffer | count=5/7
[17:28:58.858] ────────────────────────────────────────────────────
[17:28:59.015] ────────────────────────────────────────────────────
[17:28:59.020] RX_MESH | src=0x4 | seq=139 | hops=1 | rssi=-85
[17:28:59.025] LATENCY | src=0x4 | send_ts=1775208538 | recv_ts=1775208540 | one-way ~2030 ms
[17:28:59.093] ACK | to=0x3 | seq=139
[17:28:59.103] AGG | Added to buffer | count=6/7
[17:28:59.114] ────────────────────────────────────────────────────
[17:29:00.319] ────────────────────────────────────────────────────
[17:29:00.324] RX_MESH | src=0x4 | seq=140 | hops=1 | rssi=-86
[17:29:00.328] LATENCY | src=0x4 | send_ts=1775208539 | recv_ts=1775208541 | one-way ~2334 ms
[17:29:00.407] ACK | to=0x3 | seq=140
[17:29:00.416] AGG | Added to buffer | count=7/7
[17:29:00.432] ────────────────────────────────────────────────────
[17:29:00.432] 
[17:29:00.434] [FLUSH] Trigger detected, switching to LoRaWAN mode
[17:29:00.435] 
[17:29:00.448] ════════════════════════════════════════════════════
[17:29:00.450] FLUSH | records=7 | bytes=136
[17:29:06.925] UPLINK | OK | TTN received
[17:29:06.927] Total uplinks sent: 81
[17:29:06.937] ════════════════════════════════════════════════════
[17:29:06.938] 
[17:29:06.971] [RADIO] Switched back to MESH_LISTEN mode
[17:29:07.034] [BCN] TX | rank=0 | queue=0%
[17:29:07.049] [DROP] Packet too short (0 bytes)
[17:29:07.400] ────────────────────────────────────────────────────
[17:29:07.406] RX_MESH | src=0x4 | seq=145 | hops=1 | rssi=-86
[17:29:07.409] LATENCY | src=0x4 | send_ts=1775208547 | recv_ts=1775208548 | one-way ~1415 ms
[17:29:07.484] ACK | to=0x3 | seq=145
[17:29:07.493] AGG | Added to buffer | count=1/7
[17:29:07.505] ────────────────────────────────────────────────────
[17:29:08.220] ────────────────────────────────────────────────────
[17:29:08.224] RX_MESH | src=0x4 | seq=144 | hops=1 | rssi=-87
[17:29:08.228] LATENCY | src=0x4 | send_ts=1775208546 | recv_ts=1775208549 | one-way ~3234 ms
[17:29:08.327] ACK | to=0x3 | seq=144
[17:29:08.336] AGG | Added to buffer | count=2/7
[17:29:08.348] ────────────────────────────────────────────────────
[17:29:08.538] ────────────────────────────────────────────────────
[17:29:08.543] RX_MESH | src=0x4 | seq=143 | hops=1 | rssi=-86
[17:29:08.546] LATENCY | src=0x4 | send_ts=1775208545 | recv_ts=1775208549 | one-way ~4553 ms
[17:29:08.628] ACK | to=0x3 | seq=143
[17:29:08.637] AGG | Added to buffer | count=3/7
[17:29:08.648] ────────────────────────────────────────────────────
[17:29:08.838] ────────────────────────────────────────────────────
[17:29:08.843] RX_MESH | src=0x4 | seq=142 | hops=1 | rssi=-87
[17:29:08.847] LATENCY | src=0x4 | send_ts=1775208544 | recv_ts=1775208549 | one-way ~5853 ms
[17:29:08.927] ACK | to=0x3 | seq=142
[17:29:08.936] AGG | Added to buffer | count=4/7
[17:29:08.947] ────────────────────────────────────────────────────
[17:29:09.137] ────────────────────────────────────────────────────
[17:29:09.142] RX_MESH | src=0x4 | seq=141 | hops=1 | rssi=-86
[17:29:09.146] LATENCY | src=0x4 | send_ts=1775208541 | recv_ts=1775208550 | one-way ~9152 ms
[17:29:09.238] ACK | to=0x3 | seq=141
[17:29:09.247] AGG | Added to buffer | count=5/7
[17:29:09.259] ────────────────────────────────────────────────────
[17:29:09.549] ────────────────────────────────────────────────────
[17:29:09.554] RX_MESH | src=0x4 | seq=118 | hops=1 | rssi=-86
[17:29:09.558] LATENCY | src=0x4 | send_ts=1775208504 | recv_ts=1775208550 | one-way ~46564 ms
[17:29:09.639] ACK | to=0x3 | seq=118
[17:29:09.648] AGG | Added to buffer | count=6/7
[17:29:09.659] ────────────────────────────────────────────────────
[17:29:09.850] ────────────────────────────────────────────────────
[17:29:09.855] RX_MESH | src=0x4 | seq=117 | hops=1 | rssi=-85
[17:29:09.859] LATENCY | src=0x4 | send_ts=1775208502 | recv_ts=1775208550 | one-way ~48865 ms
[17:29:09.911] LBT | Channel busy, attempt 1/3, backing off 125 ms
[17:29:10.046] LBT | Channel busy, attempt 2/3, backing off 226 ms
[17:29:10.327] ACK | to=0x3 | seq=117
[17:29:10.336] AGG | Added to buffer | count=7/7
[17:29:10.352] ────────────────────────────────────────────────────
[17:29:10.352] 
[17:29:10.354] [FLUSH] Trigger detected, switching to LoRaWAN mode
[17:29:10.354] 
[17:29:10.368] ════════════════════════════════════════════════════
[17:29:10.369] FLUSH | records=7 | bytes=136
[17:29:16.845] UPLINK | OK | TTN received
[17:29:16.846] Total uplinks sent: 82
[17:29:16.857] ════════════════════════════════════════════════════
[17:29:16.858] 
[17:29:16.891] [RADIO] Switched back to MESH_LISTEN mode
[17:29:17.045] LBT | Channel busy, attempt 1/3, backing off 109 ms
[17:29:17.216] [BCN] TX | rank=0 | queue=0%
[17:29:18.764] ────────────────────────────────────────────────────
[17:29:18.768] RX_MESH | src=0x4 | seq=154 | hops=1 | rssi=-85
[17:29:18.772] LATENCY | src=0x4 | send_ts=1775208558 | recv_ts=1775208559 | one-way ~1778 ms
[17:29:18.852] ACK | to=0x3 | seq=154
[17:29:18.861] AGG | Added to buffer | count=1/7
[17:29:18.872] ────────────────────────────────────────────────────
[17:29:19.063] ────────────────────────────────────────────────────
[17:29:19.068] RX_MESH | src=0x4 | seq=153 | hops=1 | rssi=-86
[17:29:19.072] LATENCY | src=0x4 | send_ts=1775208557 | recv_ts=1775208560 | one-way ~3078 ms
[17:29:19.164] ACK | to=0x3 | seq=153
[17:29:19.173] AGG | Added to buffer | count=2/7
[17:29:19.185] ────────────────────────────────────────────────────
[17:29:19.375] ────────────────────────────────────────────────────
[17:29:19.379] RX_MESH | src=0x4 | seq=152 | hops=1 | rssi=-85
[17:29:19.383] LATENCY | src=0x4 | send_ts=1775208556 | recv_ts=1775208560 | one-way ~4389 ms
[17:29:19.483] ACK | to=0x3 | seq=152
[17:29:19.492] AGG | Added to buffer | count=3/7
[17:29:19.504] ────────────────────────────────────────────────────
[17:29:19.694] ────────────────────────────────────────────────────
[17:29:19.699] RX_MESH | src=0x4 | seq=151 | hops=1 | rssi=-86
[17:29:19.703] LATENCY | src=0x4 | send_ts=1775208555 | recv_ts=1775208560 | one-way ~5709 ms
[17:29:19.769] ACK | to=0x3 | seq=151
[17:29:19.778] AGG | Added to buffer | count=4/7
[17:29:19.790] ────────────────────────────────────────────────────
[17:29:20.080] ────────────────────────────────────────────────────
[17:29:20.085] RX_MESH | src=0x4 | seq=150 | hops=1 | rssi=-85
[17:29:20.089] LATENCY | src=0x4 | send_ts=1775208554 | recv_ts=1775208561 | one-way ~7095 ms
[17:29:20.187] ACK | to=0x3 | seq=150
[17:29:20.196] AGG | Added to buffer | count=5/7
[17:29:20.208] ────────────────────────────────────────────────────
[17:29:20.398] ────────────────────────────────────────────────────
[17:29:20.416] RX_MESH | src=0x4 | seq=149 | hops=1 | rssi=-85
[17:29:20.418] LATENCY | src=0x4 | send_ts=1775208553 | recv_ts=1775208561 | one-way ~8413 ms
[17:29:20.481] ACK | to=0x3 | seq=149
[17:29:20.491] AGG | Added to buffer | count=6/7
[17:29:20.502] ────────────────────────────────────────────────────
[17:29:20.692] ────────────────────────────────────────────────────
[17:29:20.697] RX_MESH | src=0x4 | seq=148 | hops=1 | rssi=-86
[17:29:20.701] LATENCY | src=0x4 | send_ts=1775208552 | recv_ts=1775208561 | one-way ~9707 ms
[17:29:20.771] ACK | to=0x3 | seq=148
[17:29:20.780] AGG | Added to buffer | count=7/7
[17:29:20.796] ────────────────────────────────────────────────────
[17:29:20.796] 
[17:29:20.798] [FLUSH] Trigger detected, switching to LoRaWAN mode
[17:29:20.798] 
[17:29:20.812] ════════════════════════════════════════════════════
[17:29:20.815] FLUSH | records=7 | bytes=136
[17:29:27.289] UPLINK | OK | TTN received
[17:29:27.290] Total uplinks sent: 83
[17:29:27.301] ════════════════════════════════════════════════════
[17:29:27.302] 
[17:29:27.334] [RADIO] Switched back to MESH_LISTEN mode
[17:29:27.398] [BCN] TX | rank=0 | queue=0%
[17:29:27.413] [DROP] Packet too short (0 bytes)
[17:29:28.999] ────────────────────────────────────────────────────
[17:29:29.004] RX_MESH | src=0x4 | seq=159 | hops=1 | rssi=-85
[17:29:29.007] LATENCY | src=0x4 | send_ts=1775208566 | recv_ts=1775208570 | one-way ~4013 ms
[17:29:29.029] LBT | Channel busy, attempt 1/3, backing off 130 ms
[17:29:29.169] LBT | Channel busy, attempt 2/3, backing off 214 ms
[17:29:29.438] ACK | to=0x3 | seq=159
[17:29:29.447] AGG | Added to buffer | count=1/7
[17:29:29.459] ────────────────────────────────────────────────────
[17:29:31.029] ────────────────────────────────────────────────────
[17:29:31.035] RX_MESH | src=0x4 | seq=160 | hops=1 | rssi=-85
[17:29:31.038] LATENCY | src=0x4 | send_ts=1775208568 | recv_ts=1775208572 | one-way ~4044 ms
[17:29:31.106] ACK | to=0x3 | seq=160
[17:29:31.115] AGG | Added to buffer | count=2/7
[17:29:31.127] ────────────────────────────────────────────────────
[17:29:31.405] [DROP] Duplicate | src=0x4 seq=159
[17:29:31.491] ACK | to=0x3 | seq=159
[17:29:31.701] ────────────────────────────────────────────────────
[17:29:31.707] RX_MESH | src=0x4 | seq=158 | hops=1 | rssi=-86
[17:29:31.709] LATENCY | src=0x4 | send_ts=1775208565 | recv_ts=1775208572 | one-way ~7716 ms
[17:29:31.813] ACK | to=0x3 | seq=158
[17:29:31.823] AGG | Added to buffer | count=3/7
[17:29:31.833] ────────────────────────────────────────────────────
[17:29:32.024] ────────────────────────────────────────────────────
[17:29:32.029] RX_MESH | src=0x4 | seq=157 | hops=1 | rssi=-85
[17:29:32.032] LATENCY | src=0x4 | send_ts=1775208563 | recv_ts=1775208573 | one-way ~10038 ms
[17:29:32.121] ACK | to=0x3 | seq=157
[17:29:32.131] AGG | Added to buffer | count=4/7
[17:29:32.141] ────────────────────────────────────────────────────
[17:29:32.433] ────────────────────────────────────────────────────
[17:29:32.438] RX_MESH | src=0x4 | seq=156 | hops=1 | rssi=-86
[17:29:32.441] LATENCY | src=0x4 | send_ts=1775208562 | recv_ts=1775208573 | one-way ~11447 ms
[17:29:32.483] LBT | Channel busy, attempt 1/3, backing off 133 ms
[17:29:32.626] LBT | Channel busy, attempt 2/3, backing off 200 ms
[17:29:32.881] ACK | to=0x3 | seq=156
[17:29:32.890] AGG | Added to buffer | count=5/7
[17:29:32.902] ────────────────────────────────────────────────────
[17:29:33.768] ────────────────────────────────────────────────────
[17:29:33.773] RX_MESH | src=0x4 | seq=162 | hops=1 | rssi=-84
[17:29:33.777] LATENCY | src=0x4 | send_ts=1775208573 | recv_ts=1775208574 | one-way ~1783 ms
[17:29:33.875] ACK | to=0x3 | seq=162
[17:29:33.885] AGG | Added to buffer | count=6/7
[17:29:33.895] ────────────────────────────────────────────────────
[17:29:34.361] ────────────────────────────────────────────────────
[17:29:34.366] RX_MESH | src=0x4 | seq=161 | hops=1 | rssi=-86
[17:29:34.370] LATENCY | src=0x4 | send_ts=1775208570 | recv_ts=1775208575 | one-way ~5376 ms
[17:29:34.452] ACK | to=0x3 | seq=161
[17:29:34.461] AGG | Added to buffer | count=7/7
[17:29:34.477] ────────────────────────────────────────────────────
[17:29:34.477] 
[17:29:34.478] [FLUSH] Trigger detected, switching to LoRaWAN mode
[17:29:34.480] 
[17:29:34.493] ════════════════════════════════════════════════════
[17:29:34.495] FLUSH | records=7 | bytes=136
[17:29:40.970] UPLINK | OK | TTN received
[17:29:40.972] Total uplinks sent: 84
[17:29:40.982] ════════════════════════════════════════════════════
[17:29:40.983] 
[17:29:41.015] [RADIO] Switched back to MESH_LISTEN mode
[17:29:41.028] LBT | Channel busy, attempt 1/3, backing off 145 ms
[17:29:41.234] [BCN] TX | rank=0 | queue=0%
[17:29:41.249] [DROP] Packet too short (0 bytes)
[17:29:41.337] ────────────────────────────────────────────────────
[17:29:41.343] RX_MESH | src=0x4 | seq=165 | hops=1 | rssi=-85
[17:29:41.346] LATENCY | src=0x4 | send_ts=1775208577 | recv_ts=1775208582 | one-way ~5352 ms
[17:29:41.443] ACK | to=0x3 | seq=165
[17:29:41.452] AGG | Added to buffer | count=1/7
[17:29:41.464] ────────────────────────────────────────────────────
[17:29:42.987] ────────────────────────────────────────────────────
[17:29:42.992] RX_MESH | src=0x4 | seq=166 | hops=1 | rssi=-86
[17:29:42.996] LATENCY | src=0x4 | send_ts=1775208578 | recv_ts=1775208583 | one-way ~5002 ms
[17:29:43.071] ACK | to=0x3 | seq=166
[17:29:43.079] AGG | Added to buffer | count=2/7
[17:29:43.091] ────────────────────────────────────────────────────
[17:29:43.589] ────────────────────────────────────────────────────
[17:29:43.594] RX_MESH | src=0x4 | seq=164 | hops=1 | rssi=-85
[17:29:43.597] LATENCY | src=0x4 | send_ts=1775208576 | recv_ts=1775208584 | one-way ~8603 ms
[17:29:43.672] ACK | to=0x3 | seq=164
[17:29:43.681] AGG | Added to buffer | count=3/7
[17:29:43.692] ────────────────────────────────────────────────────
[17:29:43.881] ────────────────────────────────────────────────────
[17:29:43.887] RX_MESH | src=0x4 | seq=163 | hops=1 | rssi=-86
[17:29:43.890] LATENCY | src=0x4 | send_ts=1775208574 | recv_ts=1775208584 | one-way ~10896 ms
[17:29:43.975] ACK | to=0x3 | seq=163
[17:29:43.984] AGG | Added to buffer | count=4/7
[17:29:43.996] ────────────────────────────────────────────────────
[17:29:44.286] ────────────────────────────────────────────────────
[17:29:44.291] RX_MESH | src=0x4 | seq=155 | hops=1 | rssi=-86
[17:29:44.295] LATENCY | src=0x4 | send_ts=1775208559 | recv_ts=1775208585 | one-way ~26301 ms
[17:29:44.378] ACK | to=0x3 | seq=155
[17:29:44.388] AGG | Added to buffer | count=5/7
[17:29:44.399] ────────────────────────────────────────────────────
[17:29:44.690] ────────────────────────────────────────────────────
[17:29:44.695] RX_MESH | src=0x4 | seq=147 | hops=1 | rssi=-86
[17:29:44.698] LATENCY | src=0x4 | send_ts=1775208551 | recv_ts=1775208585 | one-way ~34704 ms
[17:29:44.794] ACK | to=0x3 | seq=147
[17:29:44.803] AGG | Added to buffer | count=6/7
[17:29:44.815] ────────────────────────────────────────────────────
[17:29:45.006] ────────────────────────────────────────────────────
[17:29:45.010] RX_MESH | src=0x4 | seq=146 | hops=1 | rssi=-86
[17:29:45.014] LATENCY | src=0x4 | send_ts=1775208548 | recv_ts=1775208586 | one-way ~38020 ms
[17:29:45.097] ACK | to=0x3 | seq=146
[17:29:45.106] AGG | Added to buffer | count=7/7
[17:29:45.122] ────────────────────────────────────────────────────
[17:29:45.124] 
[17:29:45.126] [FLUSH] Trigger detected, switching to LoRaWAN mode
[17:29:45.127] 
[17:29:45.139] ════════════════════════════════════════════════════
[17:29:45.140] FLUSH | records=7 | bytes=136
[17:29:51.615] UPLINK | OK | TTN received
[17:29:51.616] Total uplinks sent: 85
[17:29:51.628] ════════════════════════════════════════════════════
[17:29:51.628] 
[17:29:51.660] [RADIO] Switched back to MESH_LISTEN mode
[17:29:51.724] [BCN] TX | rank=0 | queue=0%
[17:29:51.740] [DROP] Packet too short (0 bytes)
[17:29:52.975] ────────────────────────────────────────────────────
[17:29:52.980] RX_MESH | src=0x4 | seq=172 | hops=1 | rssi=-86
[17:29:52.983] LATENCY | src=0x4 | send_ts=1775208591 | recv_ts=1775208593 | one-way ~2989 ms
[17:29:53.088] ACK | to=0x3 | seq=172
[17:29:53.097] AGG | Added to buffer | count=1/7
[17:29:53.109] ────────────────────────────────────────────────────
[17:29:53.956] ────────────────────────────────────────────────────
[17:29:53.961] RX_MESH | src=0x4 | seq=173 | hops=1 | rssi=-85
[17:29:53.965] LATENCY | src=0x4 | send_ts=1775208592 | recv_ts=1775208594 | one-way ~2970 ms
[17:29:54.061] ACK | to=0x3 | seq=173
[17:29:54.072] AGG | Added to buffer | count=2/7
[17:29:54.082] ────────────────────────────────────────────────────
[17:29:54.421] ────────────────────────────────────────────────────
[17:29:54.426] RX_MESH | src=0x4 | seq=174 | hops=1 | rssi=-85
[17:29:54.429] LATENCY | src=0x4 | send_ts=1775208594 | recv_ts=1775208595 | one-way ~1435 ms
[17:29:54.527] ACK | to=0x3 | seq=174
[17:29:54.537] AGG | Added to buffer | count=3/7
[17:29:54.548] ────────────────────────────────────────────────────
[17:29:55.761] [DROP] Duplicate | src=0x4 seq=173
[17:29:55.838] ACK | to=0x3 | seq=173
[17:29:56.138] [DROP] Duplicate | src=0x4 seq=172
[17:29:56.212] ACK | to=0x3 | seq=172
[17:29:56.423] ────────────────────────────────────────────────────
[17:29:56.427] RX_MESH | src=0x4 | seq=171 | hops=1 | rssi=-86
[17:29:56.431] LATENCY | src=0x4 | send_ts=1775208590 | recv_ts=1775208597 | one-way ~7437 ms
[17:29:56.534] ACK | to=0x3 | seq=171
[17:29:56.542] AGG | Added to buffer | count=4/7
[17:29:56.554] ────────────────────────────────────────────────────
[17:29:56.745] ────────────────────────────────────────────────────
[17:29:56.750] RX_MESH | src=0x4 | seq=170 | hops=1 | rssi=-85
[17:29:56.753] LATENCY | src=0x4 | send_ts=1775208588 | recv_ts=1775208597 | one-way ~9759 ms
[17:29:56.825] ACK | to=0x3 | seq=170
[17:29:56.835] AGG | Added to buffer | count=5/7
[17:29:56.846] ────────────────────────────────────────────────────
[17:29:57.137] ────────────────────────────────────────────────────
[17:29:57.141] RX_MESH | src=0x4 | seq=169 | hops=1 | rssi=-86
[17:29:57.145] LATENCY | src=0x4 | send_ts=1775208587 | recv_ts=1775208598 | one-way ~11151 ms
[17:29:57.225] ACK | to=0x3 | seq=169
[17:29:57.234] AGG | Added to buffer | count=6/7
[17:29:57.246] ────────────────────────────────────────────────────
[17:29:57.546] ────────────────────────────────────────────────────
[17:29:57.551] RX_MESH | src=0x4 | seq=168 | hops=1 | rssi=-85
[17:29:57.554] LATENCY | src=0x4 | send_ts=1775208586 | recv_ts=1775208598 | one-way ~12560 ms
[17:29:57.647] ACK | to=0x3 | seq=168
[17:29:57.655] AGG | Added to buffer | count=7/7
[17:29:57.671] ────────────────────────────────────────────────────
[17:29:57.672] 
[17:29:57.674] [FLUSH] Trigger detected, switching to LoRaWAN mode
[17:29:57.674] 
[17:29:57.688] ════════════════════════════════════════════════════
[17:29:57.690] FLUSH | records=7 | bytes=136
[17:30:04.164] UPLINK | OK | TTN received
[17:30:04.165] Total uplinks sent: 86
[17:30:04.177] ════════════════════════════════════════════════════
[17:30:04.177] 
[17:30:04.210] [RADIO] Switched back to MESH_LISTEN mode
[17:30:04.274] [BCN] TX | rank=0 | queue=0%
[17:30:04.288] [DROP] Packet too short (0 bytes)
[17:30:04.550] ────────────────────────────────────────────────────
[17:30:04.555] RX_MESH | src=0x4 | seq=180 | hops=1 | rssi=-86
[17:30:04.558] LATENCY | src=0x4 | send_ts=1775208605 | recv_ts=1775208605 | one-way ~564 ms
[17:30:04.647] ACK | to=0x3 | seq=180
[17:30:04.657] AGG | Added to buffer | count=1/7
[17:30:04.668] ────────────────────────────────────────────────────
[17:30:05.748] ────────────────────────────────────────────────────
[17:30:05.753] RX_MESH | src=0x4 | seq=179 | hops=1 | rssi=-85
[17:30:05.757] LATENCY | src=0x4 | send_ts=1775208604 | recv_ts=1775208606 | one-way ~2762 ms
[17:30:05.828] ACK | to=0x3 | seq=179
[17:30:05.838] AGG | Added to buffer | count=2/7
[17:30:05.849] ────────────────────────────────────────────────────
[17:30:06.037] ────────────────────────────────────────────────────
[17:30:06.043] RX_MESH | src=0x4 | seq=178 | hops=1 | rssi=-85
[17:30:06.046] LATENCY | src=0x4 | send_ts=1775208602 | recv_ts=1775208607 | one-way ~5052 ms
[17:30:06.137] ACK | to=0x3 | seq=178
[17:30:06.146] AGG | Added to buffer | count=3/7
[17:30:06.159] ────────────────────────────────────────────────────
[17:30:06.448] ────────────────────────────────────────────────────
[17:30:06.454] RX_MESH | src=0x4 | seq=177 | hops=1 | rssi=-85
[17:30:06.457] LATENCY | src=0x4 | send_ts=1775208601 | recv_ts=1775208607 | one-way ~6463 ms
[17:30:06.532] ACK | to=0x3 | seq=177
[17:30:06.541] AGG | Added to buffer | count=4/7
[17:30:06.553] ────────────────────────────────────────────────────
[17:30:06.741] ────────────────────────────────────────────────────
[17:30:06.758] RX_MESH | src=0x4 | seq=176 | hops=1 | rssi=-86
[17:30:06.761] LATENCY | src=0x4 | send_ts=1775208600 | recv_ts=1775208607 | one-way ~7756 ms
[17:30:06.827] ACK | to=0x3 | seq=176
[17:30:06.837] AGG | Added to buffer | count=5/7
[17:30:06.848] ────────────────────────────────────────────────────
[17:30:07.086] ────────────────────────────────────────────────────
[17:30:07.092] RX_MESH | src=0x4 | seq=181 | hops=1 | rssi=-85
[17:30:07.095] LATENCY | src=0x4 | send_ts=1775208606 | recv_ts=1775208608 | one-way ~2101 ms
[17:30:07.199] ACK | to=0x3 | seq=181
[17:30:07.208] AGG | Added to buffer | count=6/7
[17:30:07.219] ────────────────────────────────────────────────────
[17:30:07.668] ────────────────────────────────────────────────────
[17:30:07.673] RX_MESH | src=0x4 | seq=182 | hops=1 | rssi=-85
[17:30:07.676] LATENCY | src=0x4 | send_ts=1775208607 | recv_ts=1775208608 | one-way ~1682 ms
[17:30:07.757] ACK | to=0x3 | seq=182
[17:30:07.766] AGG | Added to buffer | count=7/7
[17:30:07.782] ────────────────────────────────────────────────────
[17:30:07.784] 
[17:30:07.786] [FLUSH] Trigger detected, switching to LoRaWAN mode
[17:30:07.786] 
[17:30:07.799] ════════════════════════════════════════════════════
[17:30:07.804] FLUSH | records=7 | bytes=136
