# Serial capture started at 2026-04-03T17:03:14.478228
# Port: COM16, Baudrate: 115200
# Format: [HH:MM:SS.mmm] <original line>
#===========================================================
[17:03:14.547] ────────────────────────────────────────────────────
[17:03:14.553] RX_MESH | src=0x4 | seq=65 | hops=0 | rssi=-101
[17:03:14.557] LATENCY | src=0x4 | send_ts=1775206992 | recv_ts=1775206995 | one-way ~3573 ms
[17:03:14.661] ACK | to=0x4 | seq=65
[17:03:14.671] AGG | Added to buffer | count=7/7
[17:03:14.692] ────────────────────────────────────────────────────
[17:03:14.692] 
[17:03:14.694] [FLUSH] Trigger detected, switching to LoRaWAN mode
[17:03:14.695] 
[17:03:14.703] ════════════════════════════════════════════════════
[17:03:14.704] FLUSH | records=7 | bytes=136
[17:03:20.012] UPLINK | FAILED | code 1
[17:03:20.013] Total uplinks sent: 1
[17:03:20.024] ════════════════════════════════════════════════════
[17:03:20.025] 
[17:03:20.057] [RADIO] Switched back to MESH_LISTEN mode
[17:03:21.030] [BCN] TX | rank=0 | queue=0%
[17:03:21.045] [DROP] Packet too short (0 bytes)
[17:03:21.896] ────────────────────────────────────────────────────
[17:03:21.901] RX_MESH | src=0x4 | seq=66 | hops=0 | rssi=-93
[17:03:21.904] LATENCY | src=0x4 | send_ts=1775206997 | recv_ts=1775207002 | one-way ~5921 ms
[17:03:21.999] ACK | to=0x4 | seq=66
[17:03:22.009] AGG | Added to buffer | count=1/7
[17:03:22.020] ────────────────────────────────────────────────────
[17:03:24.337] ────────────────────────────────────────────────────
[17:03:24.363] RX_MESH | src=0x4 | seq=67 | hops=0 | rssi=-95
[17:03:24.369] LATENCY | src=0x4 | send_ts=1775207002 | recv_ts=1775207005 | one-way ~3362 ms
[17:03:24.431] ACK | to=0x4 | seq=67
[17:03:24.447] AGG | Added to buffer | count=2/7
[17:03:24.465] ────────────────────────────────────────────────────
[17:03:24.669] ────────────────────────────────────────────────────
[17:03:24.698] RX_MESH | src=0x3 | seq=133 | hops=0 | rssi=-89
[17:03:24.717] LATENCY | src=0x3 | send_ts=1775207003 | recv_ts=1775207005 | one-way ~2694 ms
[17:03:24.772] ACK | to=0x3 | seq=133
[17:03:24.800] AGG | Added to buffer | count=3/7
[17:03:24.816] ────────────────────────────────────────────────────
[17:03:24.855] [BCN] RX from 0x3 | rank=1 | rssi=-89
[17:03:26.642] [BCN] RX from 0x4 | rank=1 | rssi=-91
[17:03:28.316] ────────────────────────────────────────────────────
[17:03:28.321] RX_MESH | src=0x4 | seq=68 | hops=0 | rssi=-94
[17:03:28.324] LATENCY | src=0x4 | send_ts=1775207007 | recv_ts=1775207009 | one-way ~2341 ms
[17:03:28.411] ACK | to=0x4 | seq=68
[17:03:28.420] AGG | Added to buffer | count=4/7
[17:03:28.432] ────────────────────────────────────────────────────
[17:03:30.082] ────────────────────────────────────────────────────
[17:03:30.087] RX_MESH | src=0x3 | seq=134 | hops=0 | rssi=-98
[17:03:30.091] LATENCY | src=0x3 | send_ts=1775207008 | recv_ts=1775207011 | one-way ~3107 ms
[17:03:30.188] ACK | to=0x3 | seq=134
[17:03:30.198] AGG | Added to buffer | count=5/7
[17:03:30.210] ────────────────────────────────────────────────────
[17:03:31.095] [BCN] TX | rank=0 | queue=71%
[17:03:34.956] ────────────────────────────────────────────────────
[17:03:34.962] RX_MESH | src=0x3 | seq=135 | hops=0 | rssi=-87
[17:03:34.964] LATENCY | src=0x3 | send_ts=1775207013 | recv_ts=1775207015 | one-way ~2981 ms
[17:03:35.069] ACK | to=0x3 | seq=135
[17:03:35.079] AGG | Added to buffer | count=6/7
[17:03:35.090] ────────────────────────────────────────────────────
[17:03:35.151] [BCN] RX from 0x3 | rank=1 | rssi=-88
[17:03:35.874] ────────────────────────────────────────────────────
[17:03:35.879] RX_MESH | src=0x4 | seq=69 | hops=0 | rssi=-95
[17:03:35.883] LATENCY | src=0x4 | send_ts=1775207012 | recv_ts=1775207016 | one-way ~4899 ms
[17:03:35.987] ACK | to=0x4 | seq=69
[17:03:35.996] AGG | Added to buffer | count=7/7
[17:03:36.012] ────────────────────────────────────────────────────
[17:03:36.012] 
[17:03:36.014] [FLUSH] Trigger detected, switching to LoRaWAN mode
[17:03:36.014] 
[17:03:36.028] ════════════════════════════════════════════════════
[17:03:36.030] FLUSH | records=7 | bytes=136
[17:03:42.505] UPLINK | OK | TTN received
[17:03:42.506] Total uplinks sent: 2
[17:03:42.517] ════════════════════════════════════════════════════
[17:03:42.518] 
[17:03:42.550] [RADIO] Switched back to MESH_LISTEN mode
[17:03:42.614] [BCN] TX | rank=0 | queue=0%
[17:03:42.629] [DROP] Packet too short (0 bytes)
[17:03:44.498] ────────────────────────────────────────────────────
[17:03:44.503] RX_MESH | src=0x4 | seq=71 | hops=0 | rssi=-91
[17:03:44.507] LATENCY | src=0x4 | send_ts=1775207023 | recv_ts=1775207025 | one-way ~2523 ms
[17:03:44.596] ACK | to=0x4 | seq=71
[17:03:44.605] AGG | Added to buffer | count=1/7
[17:03:44.617] ────────────────────────────────────────────────────
[17:03:44.848] ────────────────────────────────────────────────────
[17:03:44.853] RX_MESH | src=0x3 | seq=137 | hops=0 | rssi=-91
[17:03:44.857] LATENCY | src=0x3 | send_ts=1775207024 | recv_ts=1775207025 | one-way ~1873 ms
[17:03:44.944] ACK | to=0x3 | seq=137
[17:03:44.953] AGG | Added to buffer | count=2/7
[17:03:44.965] ────────────────────────────────────────────────────
[17:03:45.151] [BCN] RX from 0x3 | rank=1 | rssi=-91
[17:03:46.641] [BCN] RX from 0x4 | rank=1 | rssi=-87
[17:03:49.205] ────────────────────────────────────────────────────
[17:03:49.210] RX_MESH | src=0x4 | seq=72 | hops=0 | rssi=-89
[17:03:49.214] LATENCY | src=0x4 | send_ts=1775207028 | recv_ts=1775207030 | one-way ~2230 ms
[17:03:49.309] ACK | to=0x4 | seq=72
[17:03:49.318] AGG | Added to buffer | count=3/7
[17:03:49.330] ────────────────────────────────────────────────────
[17:03:49.494] ────────────────────────────────────────────────────
[17:03:49.499] RX_MESH | src=0x3 | seq=138 | hops=0 | rssi=-91
[17:03:49.502] LATENCY | src=0x3 | send_ts=1775207029 | recv_ts=1775207030 | one-way ~1519 ms
[17:03:49.579] ACK | to=0x3 | seq=138
[17:03:49.588] AGG | Added to buffer | count=4/7
[17:03:49.599] ────────────────────────────────────────────────────
[17:03:52.678] [BCN] TX | rank=0 | queue=57%
[17:03:54.375] ────────────────────────────────────────────────────
[17:03:54.380] RX_MESH | src=0x3 | seq=139 | hops=0 | rssi=-92
[17:03:54.384] LATENCY | src=0x3 | send_ts=1775207034 | recv_ts=1775207035 | one-way ~1400 ms
[17:03:54.465] ACK | to=0x3 | seq=139
[17:03:54.475] AGG | Added to buffer | count=5/7
[17:03:54.487] ────────────────────────────────────────────────────
[17:03:54.883] ────────────────────────────────────────────────────
[17:03:54.888] RX_MESH | src=0x4 | seq=73 | hops=0 | rssi=-90
[17:03:54.891] LATENCY | src=0x4 | send_ts=1775207033 | recv_ts=1775207035 | one-way ~2908 ms
[17:03:54.975] ACK | to=0x4 | seq=73
[17:03:54.985] AGG | Added to buffer | count=6/7
[17:03:54.996] ────────────────────────────────────────────────────
[17:03:55.150] [BCN] RX from 0x3 | rank=1 | rssi=-88
[17:03:56.643] [BCN] RX from 0x4 | rank=1 | rssi=-89
[17:03:59.642] ────────────────────────────────────────────────────
[17:03:59.647] RX_MESH | src=0x4 | seq=74 | hops=0 | rssi=-89
[17:03:59.651] LATENCY | src=0x4 | send_ts=1775207038 | recv_ts=1775207040 | one-way ~2667 ms
[17:03:59.720] ACK | to=0x4 | seq=74
[17:03:59.730] AGG | Added to buffer | count=7/7
[17:03:59.745] ────────────────────────────────────────────────────
[17:03:59.746] 
[17:03:59.747] [FLUSH] Trigger detected, switching to LoRaWAN mode
[17:03:59.747] 
[17:03:59.761] ════════════════════════════════════════════════════
[17:03:59.763] FLUSH | records=7 | bytes=136
[17:04:06.237] UPLINK | OK | TTN received
[17:04:06.238] Total uplinks sent: 3
[17:04:06.250] ════════════════════════════════════════════════════
[17:04:06.250] 
[17:04:06.283] [RADIO] Switched back to MESH_LISTEN mode
[17:04:06.295] LBT | Channel busy, attempt 1/3, backing off 138 ms
[17:04:06.494] [BCN] TX | rank=0 | queue=0%
[17:04:06.509] [DROP] Packet too short (0 bytes)
[17:04:07.240] ────────────────────────────────────────────────────
[17:04:07.245] RX_MESH | src=0x3 | seq=141 | hops=0 | rssi=-96
[17:04:07.248] LATENCY | src=0x3 | send_ts=1775207045 | recv_ts=1775207048 | one-way ~3265 ms
[17:04:07.347] ACK | to=0x3 | seq=141
[17:04:07.357] AGG | Added to buffer | count=1/7
[17:04:07.368] ────────────────────────────────────────────────────
[17:04:09.947] [BCN] RX from 0x4 | rank=1 | rssi=-87
[17:04:11.510] ────────────────────────────────────────────────────
[17:04:11.515] RX_MESH | src=0x4 | seq=76 | hops=0 | rssi=-91
[17:04:11.519] LATENCY | src=0x4 | send_ts=1775207050 | recv_ts=1775207052 | one-way ~2535 ms
[17:04:11.586] ACK | to=0x4 | seq=76
[17:04:11.595] AGG | Added to buffer | count=2/7
[17:04:11.607] ────────────────────────────────────────────────────
[17:04:11.811] ────────────────────────────────────────────────────
[17:04:11.816] RX_MESH | src=0x3 | seq=142 | hops=0 | rssi=-92
[17:04:11.820] LATENCY | src=0x3 | send_ts=1775207050 | recv_ts=1775207052 | one-way ~2836 ms
[17:04:11.895] ACK | to=0x3 | seq=142
[17:04:11.904] AGG | Added to buffer | count=3/7
[17:04:11.916] ────────────────────────────────────────────────────
[17:04:15.131] ────────────────────────────────────────────────────
[17:04:15.136] RX_MESH | src=0x4 | seq=77 | hops=0 | rssi=-92
[17:04:15.142] LATENCY | src=0x4 | send_ts=1775207055 | recv_ts=1775207056 | one-way ~1156 ms
[17:04:15.218] ACK | to=0x4 | seq=77
[17:04:15.228] AGG | Added to buffer | count=4/7
[17:04:15.240] ────────────────────────────────────────────────────
[17:04:15.362] [BCN] RX from 0x3 | rank=1 | rssi=-85
[17:04:16.093] ────────────────────────────────────────────────────
[17:04:16.098] RX_MESH | src=0x3 | seq=143 | hops=0 | rssi=-88
[17:04:16.102] LATENCY | src=0x3 | send_ts=1775207055 | recv_ts=1775207057 | one-way ~2118 ms
[17:04:16.176] ACK | to=0x3 | seq=143
[17:04:16.185] AGG | Added to buffer | count=5/7
[17:04:16.197] ────────────────────────────────────────────────────
[17:04:16.559] [BCN] TX | rank=0 | queue=71%
[17:04:19.946] [BCN] RX from 0x4 | rank=1 | rssi=-92
[17:04:20.143] ────────────────────────────────────────────────────
[17:04:20.148] RX_MESH | src=0x4 | seq=78 | hops=0 | rssi=-91
[17:04:20.152] LATENCY | src=0x4 | send_ts=1775207060 | recv_ts=1775207061 | one-way ~1168 ms
[17:04:20.218] ACK | to=0x4 | seq=78
[17:04:20.228] AGG | Added to buffer | count=6/7
[17:04:20.239] ────────────────────────────────────────────────────
[17:04:20.514] ────────────────────────────────────────────────────
[17:04:20.520] RX_MESH | src=0x3 | seq=144 | hops=0 | rssi=-94
[17:04:20.523] LATENCY | src=0x3 | send_ts=1775207060 | recv_ts=1775207061 | one-way ~1539 ms
[17:04:20.624] ACK | to=0x3 | seq=144
[17:04:20.633] AGG | Added to buffer | count=7/7
[17:04:20.649] ────────────────────────────────────────────────────
[17:04:20.650] 
[17:04:20.652] [FLUSH] Trigger detected, switching to LoRaWAN mode
[17:04:20.653] 
[17:04:20.665] ════════════════════════════════════════════════════
[17:04:20.666] FLUSH | records=7 | bytes=136
[17:04:27.143] UPLINK | OK | TTN received
[17:04:27.144] Total uplinks sent: 4
[17:04:27.154] ════════════════════════════════════════════════════
[17:04:27.155] 
[17:04:27.187] [RADIO] Switched back to MESH_LISTEN mode
[17:04:27.251] [BCN] TX | rank=0 | queue=0%
[17:04:27.266] [DROP] Packet too short (0 bytes)
[17:04:27.431] ────────────────────────────────────────────────────
[17:04:27.437] RX_MESH | src=0x3 | seq=145 | hops=0 | rssi=-104
[17:04:27.440] LATENCY | src=0x3 | send_ts=1775207065 | recv_ts=1775207068 | one-way ~3456 ms
[17:04:27.542] ACK | to=0x3 | seq=145
[17:04:27.551] AGG | Added to buffer | count=1/7
[17:04:27.563] ────────────────────────────────────────────────────
[17:04:28.646] ────────────────────────────────────────────────────
[17:04:28.651] RX_MESH | src=0x4 | seq=79 | hops=0 | rssi=-94
[17:04:28.655] LATENCY | src=0x4 | send_ts=1775207065 | recv_ts=1775207069 | one-way ~4671 ms
[17:04:28.753] ACK | to=0x4 | seq=79
[17:04:28.763] AGG | Added to buffer | count=2/7
[17:04:28.775] ────────────────────────────────────────────────────
[17:04:29.947] [BCN] RX from 0x4 | rank=1 | rssi=-94
[17:04:31.180] ────────────────────────────────────────────────────
[17:04:31.186] RX_MESH | src=0x3 | seq=146 | hops=0 | rssi=-95
[17:04:31.189] LATENCY | src=0x3 | send_ts=1775207070 | recv_ts=1775207072 | one-way ~2205 ms
[17:04:31.262] ACK | to=0x3 | seq=146
[17:04:31.271] AGG | Added to buffer | count=3/7
[17:04:31.283] ────────────────────────────────────────────────────
[17:04:31.946] ────────────────────────────────────────────────────
[17:04:31.951] RX_MESH | src=0x4 | seq=80 | hops=0 | rssi=-92
[17:04:31.954] LATENCY | src=0x4 | send_ts=1775207070 | recv_ts=1775207072 | one-way ~2971 ms
[17:04:32.023] ACK | to=0x4 | seq=80
[17:04:32.032] AGG | Added to buffer | count=4/7
[17:04:32.045] ────────────────────────────────────────────────────
[17:04:36.937] ────────────────────────────────────────────────────
[17:04:36.942] RX_MESH | src=0x3 | seq=147 | hops=0 | rssi=-108
[17:04:36.945] LATENCY | src=0x3 | send_ts=1775207075 | recv_ts=1775207077 | one-way ~2961 ms
[17:04:37.025] ACK | to=0x3 | seq=147
[17:04:37.049] AGG | Added to buffer | count=5/7
[17:04:37.103] ────────────────────────────────────────────────────
[17:04:37.316] [BCN] TX | rank=0 | queue=71%
[17:04:38.441] ────────────────────────────────────────────────────
[17:04:38.446] RX_MESH | src=0x4 | seq=81 | hops=0 | rssi=-92
[17:04:38.450] LATENCY | src=0x4 | send_ts=1775207075 | recv_ts=1775207079 | one-way ~4466 ms
[17:04:38.534] ACK | to=0x4 | seq=81
[17:04:38.543] AGG | Added to buffer | count=6/7
[17:04:38.555] ────────────────────────────────────────────────────
[17:04:39.947] [BCN] RX from 0x4 | rank=1 | rssi=-91
[17:04:40.999] ────────────────────────────────────────────────────
[17:04:41.004] RX_MESH | src=0x4 | seq=82 | hops=0 | rssi=-90
[17:04:41.006] LATENCY | src=0x4 | send_ts=1775207080 | recv_ts=1775207082 | one-way ~2023 ms
[17:04:41.109] ACK | to=0x4 | seq=82
[17:04:41.119] AGG | Added to buffer | count=7/7
[17:04:41.134] ────────────────────────────────────────────────────
[17:04:41.134] 
[17:04:41.137] [FLUSH] Trigger detected, switching to LoRaWAN mode
[17:04:41.137] 
[17:04:41.151] ════════════════════════════════════════════════════
[17:04:41.152] FLUSH | records=7 | bytes=136
[17:04:47.627] UPLINK | OK | TTN received
[17:04:47.628] Total uplinks sent: 5
[17:04:47.640] ════════════════════════════════════════════════════
[17:04:47.640] 
[17:04:47.673] [RADIO] Switched back to MESH_LISTEN mode
[17:04:47.736] [BCN] TX | rank=0 | queue=0%
[17:04:47.752] [DROP] Packet too short (0 bytes)
[17:04:47.926] ────────────────────────────────────────────────────
[17:04:47.931] RX_MESH | src=0x4 | seq=83 | hops=0 | rssi=-91
[17:04:47.934] LATENCY | src=0x4 | send_ts=1775207085 | recv_ts=1775207088 | one-way ~3951 ms
[17:04:48.022] ACK | to=0x4 | seq=83
[17:04:48.032] AGG | Added to buffer | count=1/7
[17:04:48.043] ────────────────────────────────────────────────────
[17:04:48.182] ────────────────────────────────────────────────────
[17:04:48.187] RX_MESH | src=0x3 | seq=149 | hops=0 | rssi=-97
[17:04:48.195] LATENCY | src=0x3 | send_ts=1775207088 | recv_ts=1775207089 | one-way ~1207 ms
[17:04:48.267] ACK | to=0x3 | seq=149
[17:04:48.276] AGG | Added to buffer | count=2/7
[17:04:48.287] ────────────────────────────────────────────────────
[17:04:49.946] [BCN] RX from 0x4 | rank=1 | rssi=-91
[17:04:50.673] ────────────────────────────────────────────────────
[17:04:50.688] RX_MESH | src=0x4 | seq=84 | hops=0 | rssi=-91
[17:04:50.722] LATENCY | src=0x4 | send_ts=1775207090 | recv_ts=1775207091 | one-way ~1698 ms
[17:04:50.783] ACK | to=0x4 | seq=84
[17:04:50.807] AGG | Added to buffer | count=3/7
[17:04:50.819] ────────────────────────────────────────────────────
[17:04:53.507] ────────────────────────────────────────────────────
[17:04:53.511] RX_MESH | src=0x3 | seq=150 | hops=0 | rssi=-98
[17:04:53.515] LATENCY | src=0x3 | send_ts=1775207093 | recv_ts=1775207094 | one-way ~1531 ms
[17:04:53.618] ACK | to=0x3 | seq=150
[17:04:53.627] AGG | Added to buffer | count=4/7
[17:04:53.639] ────────────────────────────────────────────────────
[17:04:56.027] ────────────────────────────────────────────────────
[17:04:56.032] RX_MESH | src=0x4 | seq=85 | hops=0 | rssi=-90
[17:04:56.035] LATENCY | src=0x4 | send_ts=1775207095 | recv_ts=1775207097 | one-way ~2051 ms
[17:04:56.102] ACK | to=0x4 | seq=85
[17:04:56.111] AGG | Added to buffer | count=5/7
[17:04:56.122] ────────────────────────────────────────────────────
[17:04:57.422] [BCN] RX from 0x3 | rank=1 | rssi=-98
[17:04:57.800] [BCN] TX | rank=0 | queue=71%
[17:04:57.949] ────────────────────────────────────────────────────
[17:04:57.954] RX_MESH | src=0x3 | seq=151 | hops=0 | rssi=-97
[17:04:57.958] LATENCY | src=0x3 | send_ts=1775207098 | recv_ts=1775207098 | one-way ~974 ms
[17:04:58.059] ACK | to=0x3 | seq=151
[17:04:58.069] AGG | Added to buffer | count=6/7
[17:04:58.080] ────────────────────────────────────────────────────
[17:04:59.948] [BCN] RX from 0x4 | rank=1 | rssi=-91
[17:05:01.390] ────────────────────────────────────────────────────
[17:05:01.395] RX_MESH | src=0x4 | seq=86 | hops=0 | rssi=-90
[17:05:01.398] LATENCY | src=0x4 | send_ts=1775207100 | recv_ts=1775207102 | one-way ~2414 ms
[17:05:01.478] ACK | to=0x4 | seq=86
[17:05:01.487] AGG | Added to buffer | count=7/7
[17:05:01.503] ────────────────────────────────────────────────────
[17:05:01.507] 
[17:05:01.509] [FLUSH] Trigger detected, switching to LoRaWAN mode
[17:05:01.510] 
[17:05:01.519] ════════════════════════════════════════════════════
[17:05:01.523] FLUSH | records=7 | bytes=136
[17:05:07.997] UPLINK | OK | TTN received
[17:05:07.998] Total uplinks sent: 6
[17:05:08.009] ════════════════════════════════════════════════════
[17:05:08.009] 
[17:05:08.041] [RADIO] Switched back to MESH_LISTEN mode
[17:05:08.105] [BCN] TX | rank=0 | queue=0%
[17:05:08.121] [DROP] Packet too short (0 bytes)
[17:05:08.196] ────────────────────────────────────────────────────
[17:05:08.201] RX_MESH | src=0x4 | seq=87 | hops=0 | rssi=-91
[17:05:08.204] LATENCY | src=0x4 | send_ts=1775207105 | recv_ts=1775207109 | one-way ~4220 ms
[17:05:08.308] ACK | to=0x4 | seq=87
[17:05:08.318] AGG | Added to buffer | count=1/7
[17:05:08.330] ────────────────────────────────────────────────────
[17:05:08.508] [BCN] RX from 0x3 | rank=1 | rssi=-95
[17:05:09.947] [BCN] RX from 0x4 | rank=1 | rssi=-90
[17:05:10.120] ────────────────────────────────────────────────────
[17:05:10.126] RX_MESH | src=0x3 | seq=153 | hops=0 | rssi=-95
[17:05:10.129] LATENCY | src=0x3 | send_ts=1775207109 | recv_ts=1775207111 | one-way ~2145 ms
[17:05:10.226] ACK | to=0x3 | seq=153
[17:05:10.236] AGG | Added to buffer | count=2/7
[17:05:10.248] ────────────────────────────────────────────────────
[17:05:11.558] ────────────────────────────────────────────────────
[17:05:11.563] RX_MESH | src=0x4 | seq=88 | hops=0 | rssi=-90
[17:05:11.567] LATENCY | src=0x4 | send_ts=1775207110 | recv_ts=1775207112 | one-way ~2582 ms
[17:05:11.651] ACK | to=0x4 | seq=88
[17:05:11.660] AGG | Added to buffer | count=3/7
[17:05:11.672] ────────────────────────────────────────────────────
[17:05:15.223] ────────────────────────────────────────────────────
[17:05:15.228] RX_MESH | src=0x3 | seq=154 | hops=0 | rssi=-99
[17:05:15.231] LATENCY | src=0x3 | send_ts=1775207114 | recv_ts=1775207116 | one-way ~2247 ms
[17:05:15.299] ACK | to=0x3 | seq=154
[17:05:15.308] AGG | Added to buffer | count=4/7
[17:05:15.320] ────────────────────────────────────────────────────
[17:05:16.560] ────────────────────────────────────────────────────
[17:05:16.565] RX_MESH | src=0x4 | seq=89 | hops=0 | rssi=-90
[17:05:16.569] LATENCY | src=0x4 | send_ts=1775207115 | recv_ts=1775207117 | one-way ~2584 ms
[17:05:16.662] ACK | to=0x4 | seq=89
[17:05:16.671] AGG | Added to buffer | count=5/7
[17:05:16.684] ────────────────────────────────────────────────────
[17:05:18.168] [BCN] TX | rank=0 | queue=71%
[17:05:18.507] [BCN] RX from 0x3 | rank=1 | rssi=-103
[17:05:18.814] ────────────────────────────────────────────────────
[17:05:18.820] RX_MESH | src=0x3 | seq=155 | hops=0 | rssi=-97
[17:05:18.824] LATENCY | src=0x3 | send_ts=1775207119 | recv_ts=1775207119 | one-way ~839 ms
[17:05:18.899] ACK | to=0x3 | seq=155
[17:05:18.909] AGG | Added to buffer | count=6/7
[17:05:18.921] ────────────────────────────────────────────────────
[17:05:19.946] [BCN] RX from 0x4 | rank=1 | rssi=-91
[17:05:20.612] ────────────────────────────────────────────────────
[17:05:20.617] RX_MESH | src=0x4 | seq=90 | hops=0 | rssi=-91
[17:05:20.620] LATENCY | src=0x4 | send_ts=1775207120 | recv_ts=1775207121 | one-way ~1636 ms
[17:05:20.722] ACK | to=0x4 | seq=90
[17:05:20.732] AGG | Added to buffer | count=7/7
[17:05:20.747] ────────────────────────────────────────────────────
[17:05:20.748] 
[17:05:20.749] [FLUSH] Trigger detected, switching to LoRaWAN mode
[17:05:20.750] 
[17:05:20.764] ════════════════════════════════════════════════════
[17:05:20.766] FLUSH | records=7 | bytes=136
[17:05:27.241] UPLINK | OK | TTN received
[17:05:27.242] Total uplinks sent: 7
[17:05:27.253] ════════════════════════════════════════════════════
[17:05:27.253] 
[17:05:27.286] [RADIO] Switched back to MESH_LISTEN mode
[17:05:28.232] [BCN] TX | rank=0 | queue=0%
[17:05:28.247] [DROP] Packet too short (0 bytes)
[17:05:28.627] ────────────────────────────────────────────────────
[17:05:28.632] RX_MESH | src=0x3 | seq=156 | hops=0 | rssi=-96
[17:05:28.635] LATENCY | src=0x3 | send_ts=1775207124 | recv_ts=1775207129 | one-way ~5651 ms
[17:05:28.709] ACK | to=0x3 | seq=156
[17:05:28.718] AGG | Added to buffer | count=1/7
[17:05:28.730] ────────────────────────────────────────────────────
[17:05:28.791] [BCN] RX from 0x3 | rank=1 | rssi=-94
[17:05:28.966] ────────────────────────────────────────────────────
[17:05:28.972] RX_MESH | src=0x3 | seq=157 | hops=0 | rssi=-96
[17:05:28.976] LATENCY | src=0x3 | send_ts=1775207129 | recv_ts=1775207129 | one-way ~991 ms
[17:05:29.063] ACK | to=0x3 | seq=157
[17:05:29.072] AGG | Added to buffer | count=2/7
[17:05:29.084] ────────────────────────────────────────────────────
[17:05:30.635] [DROP] Duplicate | src=0x3 seq=157
[17:05:30.731] ACK | to=0x3 | seq=157
[17:05:30.963] [BCN] RX from 0x4 | rank=1 | rssi=-91
[17:05:32.839] ────────────────────────────────────────────────────
[17:05:32.844] RX_MESH | src=0x4 | seq=92 | hops=0 | rssi=-91
[17:05:32.847] LATENCY | src=0x4 | send_ts=1775207131 | recv_ts=1775207133 | one-way ~2863 ms
[17:05:32.918] ACK | to=0x4 | seq=92
[17:05:32.926] AGG | Added to buffer | count=3/7
[17:05:32.939] ────────────────────────────────────────────────────
[17:05:35.657] ────────────────────────────────────────────────────
[17:05:35.662] RX_MESH | src=0x3 | seq=158 | hops=0 | rssi=-99
[17:05:35.666] LATENCY | src=0x3 | send_ts=1775207134 | recv_ts=1775207136 | one-way ~2681 ms
[17:05:35.750] ACK | to=0x3 | seq=158
[17:05:35.759] AGG | Added to buffer | count=4/7
[17:05:35.771] ────────────────────────────────────────────────────
[17:05:36.290] ────────────────────────────────────────────────────
[17:05:36.295] RX_MESH | src=0x4 | seq=93 | hops=0 | rssi=-90
[17:05:36.298] LATENCY | src=0x4 | send_ts=1775207136 | recv_ts=1775207137 | one-way ~1314 ms
[17:05:36.387] ACK | to=0x4 | seq=93
[17:05:36.396] AGG | Added to buffer | count=5/7
[17:05:36.408] ────────────────────────────────────────────────────
[17:05:38.297] [BCN] TX | rank=0 | queue=71%
[17:05:38.790] [BCN] RX from 0x3 | rank=1 | rssi=-93
[17:05:39.542] ────────────────────────────────────────────────────
[17:05:39.547] RX_MESH | src=0x3 | seq=159 | hops=0 | rssi=-98
[17:05:39.550] LATENCY | src=0x3 | send_ts=1775207139 | recv_ts=1775207140 | one-way ~1566 ms
[17:05:39.625] ACK | to=0x3 | seq=159
[17:05:39.634] AGG | Added to buffer | count=6/7
[17:05:39.646] ────────────────────────────────────────────────────
[17:05:40.961] [BCN] RX from 0x4 | rank=1 | rssi=-90
[17:05:41.557] ────────────────────────────────────────────────────
[17:05:41.562] RX_MESH | src=0x4 | seq=94 | hops=0 | rssi=-90
[17:05:41.565] LATENCY | src=0x4 | send_ts=1775207141 | recv_ts=1775207142 | one-way ~1581 ms
[17:05:41.657] ACK | to=0x4 | seq=94
[17:05:41.667] AGG | Added to buffer | count=7/7
[17:05:41.682] ────────────────────────────────────────────────────
[17:05:41.683] 
[17:05:41.685] [FLUSH] Trigger detected, switching to LoRaWAN mode
[17:05:41.686] 
[17:05:41.700] ════════════════════════════════════════════════════
[17:05:41.702] FLUSH | records=7 | bytes=136
[17:05:48.176] UPLINK | OK | TTN received
[17:05:48.177] Total uplinks sent: 8
[17:05:48.188] ════════════════════════════════════════════════════
[17:05:48.188] 
[17:05:48.220] [RADIO] Switched back to MESH_LISTEN mode
[17:05:48.362] [BCN] TX | rank=0 | queue=0%
[17:05:48.377] [DROP] Packet too short (0 bytes)
[17:05:48.518] ────────────────────────────────────────────────────
[17:05:48.523] RX_MESH | src=0x3 | seq=160 | hops=0 | rssi=-93
[17:05:48.526] LATENCY | src=0x3 | send_ts=1775207144 | recv_ts=1775207149 | one-way ~5542 ms
[17:05:48.611] ACK | to=0x3 | seq=160
[17:05:48.621] AGG | Added to buffer | count=1/7
[17:05:48.632] ────────────────────────────────────────────────────
[17:05:48.789] [BCN] RX from 0x3 | rank=1 | rssi=-93
[17:05:49.243] ────────────────────────────────────────────────────
[17:05:49.249] RX_MESH | src=0x3 | seq=161 | hops=0 | rssi=-94
[17:05:49.251] LATENCY | src=0x3 | send_ts=1775207149 | recv_ts=1775207150 | one-way ~1267 ms
[17:05:49.336] ACK | to=0x3 | seq=161
[17:05:49.345] AGG | Added to buffer | count=2/7
[17:05:49.357] ────────────────────────────────────────────────────
[17:05:50.487] ────────────────────────────────────────────────────
[17:05:50.493] RX_MESH | src=0x4 | seq=95 | hops=0 | rssi=-90
[17:05:50.496] LATENCY | src=0x4 | send_ts=1775207146 | recv_ts=1775207151 | one-way ~5512 ms
[17:05:50.587] ACK | to=0x4 | seq=95
[17:05:50.597] AGG | Added to buffer | count=3/7
[17:05:50.608] ────────────────────────────────────────────────────
[17:05:50.961] [BCN] RX from 0x4 | rank=1 | rssi=-90
[17:05:52.544] ────────────────────────────────────────────────────
[17:05:52.549] RX_MESH | src=0x4 | seq=96 | hops=0 | rssi=-90
[17:05:52.552] LATENCY | src=0x4 | send_ts=1775207151 | recv_ts=1775207153 | one-way ~2568 ms
[17:05:52.639] ACK | to=0x4 | seq=96
[17:05:52.647] AGG | Added to buffer | count=4/7
[17:05:52.660] ────────────────────────────────────────────────────
[17:05:56.866] ────────────────────────────────────────────────────
[17:05:56.871] RX_MESH | src=0x4 | seq=97 | hops=0 | rssi=-91
[17:05:56.875] LATENCY | src=0x4 | send_ts=1775207156 | recv_ts=1775207157 | one-way ~1890 ms
[17:05:56.956] ACK | to=0x4 | seq=97
[17:05:56.965] AGG | Added to buffer | count=5/7
[17:05:56.977] ────────────────────────────────────────────────────
[17:05:57.507] ────────────────────────────────────────────────────
[17:05:57.512] RX_MESH | src=0x3 | seq=162 | hops=0 | rssi=-92
[17:05:57.515] LATENCY | src=0x3 | send_ts=1775207154 | recv_ts=1775207158 | one-way ~4531 ms
[17:05:57.603] ACK | to=0x3 | seq=162
[17:05:57.611] AGG | Added to buffer | count=6/7
[17:05:57.624] ────────────────────────────────────────────────────
[17:05:58.425] [BCN] TX | rank=0 | queue=85%
[17:05:58.789] [BCN] RX from 0x3 | rank=1 | rssi=-92
[17:05:59.578] ────────────────────────────────────────────────────
[17:05:59.583] RX_MESH | src=0x3 | seq=163 | hops=0 | rssi=-92
[17:05:59.586] LATENCY | src=0x3 | send_ts=1775207159 | recv_ts=1775207160 | one-way ~1602 ms
[17:05:59.665] ACK | to=0x3 | seq=163
[17:05:59.674] AGG | Added to buffer | count=7/7
[17:05:59.689] ────────────────────────────────────────────────────
[17:05:59.690] 
[17:05:59.693] [FLUSH] Trigger detected, switching to LoRaWAN mode
[17:05:59.693] 
[17:05:59.706] ════════════════════════════════════════════════════
[17:05:59.707] FLUSH | records=7 | bytes=136
[17:06:06.183] UPLINK | OK | TTN received
[17:06:06.184] Total uplinks sent: 9
[17:06:06.195] ════════════════════════════════════════════════════
[17:06:06.196] 
[17:06:06.228] [RADIO] Switched back to MESH_LISTEN mode
[17:06:06.377] ────────────────────────────────────────────────────
[17:06:06.382] RX_MESH | src=0x4 | seq=98 | hops=0 | rssi=-92
[17:06:06.385] LATENCY | src=0x4 | send_ts=1775207161 | recv_ts=1775207167 | one-way ~6401 ms
[17:06:06.475] ACK | to=0x4 | seq=98
[17:06:06.484] AGG | Added to buffer | count=1/7
[17:06:06.496] ────────────────────────────────────────────────────
[17:06:06.676] ────────────────────────────────────────────────────
[17:06:06.681] RX_MESH | src=0x3 | seq=164 | hops=0 | rssi=-91
[17:06:06.684] LATENCY | src=0x3 | send_ts=1775207164 | recv_ts=1775207167 | one-way ~3700 ms
[17:06:06.752] ACK | to=0x3 | seq=164
[17:06:06.761] AGG | Added to buffer | count=2/7
[17:06:06.772] ────────────────────────────────────────────────────
[17:06:08.260] ────────────────────────────────────────────────────
[17:06:08.265] RX_MESH | src=0x4 | seq=99 | hops=0 | rssi=-93
[17:06:08.268] LATENCY | src=0x4 | send_ts=1775207166 | recv_ts=1775207169 | one-way ~3284 ms
[17:06:08.343] ACK | to=0x4 | seq=99
[17:06:08.351] AGG | Added to buffer | count=3/7
[17:06:08.364] ────────────────────────────────────────────────────
[17:06:08.491] [BCN] TX | rank=0 | queue=42%
[17:06:08.789] [BCN] RX from 0x3 | rank=1 | rssi=-88
[17:06:10.602] ────────────────────────────────────────────────────
[17:06:10.607] RX_MESH | src=0x3 | seq=165 | hops=0 | rssi=-91
[17:06:10.612] LATENCY | src=0x3 | send_ts=1775207169 | recv_ts=1775207171 | one-way ~2626 ms
[17:06:10.713] ACK | to=0x3 | seq=165
[17:06:10.722] AGG | Added to buffer | count=4/7
[17:06:10.734] ────────────────────────────────────────────────────
[17:06:10.961] [BCN] RX from 0x4 | rank=1 | rssi=-94
[17:06:11.748] ────────────────────────────────────────────────────
[17:06:11.753] RX_MESH | src=0x4 | seq=100 | hops=0 | rssi=-91
[17:06:11.757] LATENCY | src=0x4 | send_ts=1775207171 | recv_ts=1775207172 | one-way ~1772 ms
[17:06:11.841] ACK | to=0x4 | seq=100
[17:06:11.850] AGG | Added to buffer | count=5/7
[17:06:11.863] ────────────────────────────────────────────────────
[17:06:14.296] ────────────────────────────────────────────────────
[17:06:14.301] RX_MESH | src=0x3 | seq=166 | hops=0 | rssi=-96
[17:06:14.305] LATENCY | src=0x3 | send_ts=1775207174 | recv_ts=1775207175 | one-way ~1320 ms
[17:06:14.383] ACK | to=0x3 | seq=166
[17:06:14.392] AGG | Added to buffer | count=6/7
[17:06:14.404] ────────────────────────────────────────────────────
[17:06:15.962] [DROP] Duplicate | src=0x3 seq=166
[17:06:16.007] LBT | Channel busy, attempt 1/3, backing off 103 ms
[17:06:16.164] ACK | to=0x3 | seq=166
[17:06:18.275] ────────────────────────────────────────────────────
[17:06:18.280] RX_MESH | src=0x4 | seq=101 | hops=0 | rssi=-92
[17:06:18.284] LATENCY | src=0x4 | send_ts=1775207176 | recv_ts=1775207179 | one-way ~3299 ms
[17:06:18.389] ACK | to=0x4 | seq=101
[17:06:18.397] AGG | Added to buffer | count=7/7
[17:06:18.413] ────────────────────────────────────────────────────
[17:06:18.414] 
[17:06:18.415] [FLUSH] Trigger detected, switching to LoRaWAN mode
[17:06:18.415] 
[17:06:18.430] ════════════════════════════════════════════════════
[17:06:18.431] FLUSH | records=7 | bytes=136
[17:06:24.907] UPLINK | OK | TTN received
[17:06:24.908] Total uplinks sent: 10
[17:06:24.920] ════════════════════════════════════════════════════
[17:06:24.921] 
[17:06:24.952] [RADIO] Switched back to MESH_LISTEN mode
[17:06:25.016] [BCN] TX | rank=0 | queue=0%
[17:06:25.031] [DROP] Packet too short (0 bytes)
[17:06:25.746] ────────────────────────────────────────────────────
[17:06:25.751] RX_MESH | src=0x4 | seq=102 | hops=0 | rssi=-92
[17:06:25.755] LATENCY | src=0x4 | send_ts=1775207181 | recv_ts=1775207186 | one-way ~5770 ms
[17:06:25.850] ACK | to=0x4 | seq=102
[17:06:25.859] AGG | Added to buffer | count=1/7
[17:06:25.871] ────────────────────────────────────────────────────
[17:06:26.619] ────────────────────────────────────────────────────
[17:06:26.624] RX_MESH | src=0x3 | seq=168 | hops=0 | rssi=-99
[17:06:26.628] LATENCY | src=0x3 | send_ts=1775207186 | recv_ts=1775207187 | one-way ~1643 ms
[17:06:26.730] ACK | to=0x3 | seq=168
[17:06:26.740] AGG | Added to buffer | count=2/7
[17:06:26.751] ────────────────────────────────────────────────────
[17:06:27.328] ────────────────────────────────────────────────────
[17:06:27.333] RX_MESH | src=0x4 | seq=103 | hops=0 | rssi=-91
[17:06:27.336] LATENCY | src=0x4 | send_ts=1775207186 | recv_ts=1775207188 | one-way ~2351 ms
[17:06:27.436] ACK | to=0x4 | seq=103
[17:06:27.445] AGG | Added to buffer | count=3/7
[17:06:27.457] ────────────────────────────────────────────────────
[17:06:28.787] [DROP] readData error, code -7
[17:06:30.964] [BCN] RX from 0x4 | rank=1 | rssi=-95
[17:06:31.600] ────────────────────────────────────────────────────
[17:06:31.605] RX_MESH | src=0x3 | seq=169 | hops=0 | rssi=-102
[17:06:31.609] LATENCY | src=0x3 | send_ts=1775207191 | recv_ts=1775207192 | one-way ~1624 ms
[17:06:31.686] ACK | to=0x3 | seq=169
[17:06:31.695] AGG | Added to buffer | count=4/7
[17:06:31.707] ────────────────────────────────────────────────────
[17:06:32.043] ────────────────────────────────────────────────────
[17:06:32.048] RX_MESH | src=0x4 | seq=104 | hops=0 | rssi=-102
[17:06:32.051] LATENCY | src=0x4 | send_ts=1775207191 | recv_ts=1775207193 | one-way ~2067 ms
[17:06:32.152] ACK | to=0x4 | seq=104
[17:06:32.162] AGG | Added to buffer | count=5/7
[17:06:32.173] ────────────────────────────────────────────────────
[17:06:33.270] [DROP] Duplicate | src=0x3 seq=169
[17:06:33.360] ACK | to=0x3 | seq=169
[17:06:35.080] [BCN] TX | rank=0 | queue=71%
[17:06:36.102] ────────────────────────────────────────────────────
[17:06:36.107] RX_MESH | src=0x3 | seq=170 | hops=0 | rssi=-101
[17:06:36.110] LATENCY | src=0x3 | send_ts=1775207196 | recv_ts=1775207197 | one-way ~1126 ms
[17:06:36.197] ACK | to=0x3 | seq=170
[17:06:36.206] AGG | Added to buffer | count=6/7
[17:06:36.218] ────────────────────────────────────────────────────
[17:06:38.381] ────────────────────────────────────────────────────
[17:06:38.385] RX_MESH | src=0x4 | seq=105 | hops=0 | rssi=-95
[17:06:38.388] LATENCY | src=0x4 | send_ts=1775207196 | recv_ts=1775207199 | one-way ~3404 ms
[17:06:38.458] ACK | to=0x4 | seq=105
[17:06:38.467] AGG | Added to buffer | count=7/7
[17:06:38.483] ────────────────────────────────────────────────────
[17:06:38.483] 
[17:06:38.485] [FLUSH] Trigger detected, switching to LoRaWAN mode
[17:06:38.486] 
[17:06:38.499] ════════════════════════════════════════════════════
[17:06:38.501] FLUSH | records=7 | bytes=136
[17:06:44.976] UPLINK | OK | TTN received
[17:06:44.977] Total uplinks sent: 11
[17:06:44.988] ════════════════════════════════════════════════════
[17:06:44.989] 
[17:06:45.021] [RADIO] Switched back to MESH_LISTEN mode
[17:06:45.095] LBT | Channel busy, attempt 1/3, backing off 132 ms
[17:06:45.288] [BCN] TX | rank=0 | queue=0%
[17:06:45.302] [DROP] Packet too short (0 bytes)
[17:06:46.938] ────────────────────────────────────────────────────
[17:06:46.943] RX_MESH | src=0x4 | seq=106 | hops=0 | rssi=-92
[17:06:46.946] LATENCY | src=0x4 | send_ts=1775207201 | recv_ts=1775207207 | one-way ~6961 ms
[17:06:47.018] ACK | to=0x4 | seq=106
[17:06:47.028] AGG | Added to buffer | count=1/7
[17:06:47.040] ────────────────────────────────────────────────────
[17:06:48.076] ────────────────────────────────────────────────────
[17:06:48.081] RX_MESH | src=0x3 | seq=172 | hops=0 | rssi=-89
[17:06:48.084] LATENCY | src=0x3 | send_ts=1775207207 | recv_ts=1775207209 | one-way ~2099 ms
[17:06:48.154] ACK | to=0x3 | seq=172
[17:06:48.166] AGG | Added to buffer | count=2/7
[17:06:48.175] ────────────────────────────────────────────────────
[17:06:48.789] [BCN] RX from 0x3 | rank=1 | rssi=-89
[17:06:48.955] ────────────────────────────────────────────────────
[17:06:48.960] RX_MESH | src=0x4 | seq=107 | hops=0 | rssi=-99
[17:06:48.963] LATENCY | src=0x4 | send_ts=1775207207 | recv_ts=1775207209 | one-way ~2978 ms
[17:06:49.060] ACK | to=0x4 | seq=107
[17:06:49.070] AGG | Added to buffer | count=3/7
[17:06:49.081] ────────────────────────────────────────────────────
[17:06:50.961] [BCN] RX from 0x4 | rank=1 | rssi=-91
[17:06:52.153] ────────────────────────────────────────────────────
[17:06:52.158] RX_MESH | src=0x3 | seq=173 | hops=0 | rssi=-95
[17:06:52.162] LATENCY | src=0x3 | send_ts=1775207212 | recv_ts=1775207213 | one-way ~1177 ms
[17:06:52.250] ACK | to=0x3 | seq=173
[17:06:52.259] AGG | Added to buffer | count=4/7
[17:06:52.271] ────────────────────────────────────────────────────
[17:06:52.537] ────────────────────────────────────────────────────
[17:06:52.542] RX_MESH | src=0x4 | seq=108 | hops=0 | rssi=-91
[17:06:52.546] LATENCY | src=0x4 | send_ts=1775207212 | recv_ts=1775207213 | one-way ~1561 ms
[17:06:52.612] ACK | to=0x4 | seq=108
[17:06:52.621] AGG | Added to buffer | count=5/7
[17:06:52.632] ────────────────────────────────────────────────────
[17:06:55.352] [BCN] TX | rank=0 | queue=71%
[17:06:57.301] ────────────────────────────────────────────────────
[17:06:57.305] RX_MESH | src=0x4 | seq=109 | hops=0 | rssi=-94
[17:06:57.309] LATENCY | src=0x4 | send_ts=1775207217 | recv_ts=1775207218 | one-way ~1324 ms
[17:06:57.391] ACK | to=0x4 | seq=109
[17:06:57.400] AGG | Added to buffer | count=6/7
[17:06:57.411] ────────────────────────────────────────────────────
[17:06:58.701] ────────────────────────────────────────────────────
[17:06:58.707] RX_MESH | src=0x3 | seq=174 | hops=0 | rssi=-93
[17:06:58.710] LATENCY | src=0x3 | send_ts=1775207217 | recv_ts=1775207219 | one-way ~2725 ms
[17:06:58.805] ACK | to=0x3 | seq=174
[17:06:58.813] AGG | Added to buffer | count=7/7
[17:06:58.829] ────────────────────────────────────────────────────
[17:06:58.830] 
[17:06:58.831] [FLUSH] Trigger detected, switching to LoRaWAN mode
[17:06:58.832] 
[17:06:58.846] ════════════════════════════════════════════════════
[17:06:58.846] FLUSH | records=7 | bytes=136
[17:07:05.322] UPLINK | OK | TTN received
[17:07:05.324] Total uplinks sent: 12
[17:07:05.335] ════════════════════════════════════════════════════
[17:07:05.336] 
[17:07:05.367] [RADIO] Switched back to MESH_LISTEN mode
[17:07:05.431] [BCN] TX | rank=0 | queue=0%
[17:07:05.446] [DROP] Packet too short (0 bytes)
[17:07:06.441] ────────────────────────────────────────────────────
[17:07:06.447] RX_MESH | src=0x3 | seq=175 | hops=0 | rssi=-98
[17:07:06.450] LATENCY | src=0x3 | send_ts=1775207222 | recv_ts=1775207227 | one-way ~5465 ms
[17:07:06.474] LBT | Channel busy, attempt 1/3, backing off 145 ms
[17:07:06.673] ACK | to=0x3 | seq=175
[17:07:06.682] AGG | Added to buffer | count=1/7
[17:07:06.694] ────────────────────────────────────────────────────
[17:07:08.881] ────────────────────────────────────────────────────
[17:07:08.886] RX_MESH | src=0x3 | seq=176 | hops=0 | rssi=-95
[17:07:08.891] LATENCY | src=0x3 | send_ts=1775207227 | recv_ts=1775207229 | one-way ~2905 ms
[17:07:08.978] ACK | to=0x3 | seq=176
[17:07:08.987] AGG | Added to buffer | count=2/7
[17:07:08.999] ────────────────────────────────────────────────────
[17:07:09.061] [BCN] RX from 0x3 | rank=1 | rssi=-91
[17:07:09.150] ────────────────────────────────────────────────────
[17:07:09.155] RX_MESH | src=0x4 | seq=111 | hops=0 | rssi=-103
[17:07:09.159] LATENCY | src=0x4 | send_ts=1775207228 | recv_ts=1775207230 | one-way ~2174 ms
[17:07:09.244] ACK | to=0x4 | seq=111
[17:07:09.254] AGG | Added to buffer | count=3/7
[17:07:09.265] ────────────────────────────────────────────────────
[17:07:10.963] [BCN] RX from 0x4 | rank=1 | rssi=-96
[17:07:12.680] ────────────────────────────────────────────────────
[17:07:12.685] RX_MESH | src=0x3 | seq=177 | hops=0 | rssi=-91
[17:07:12.702] LATENCY | src=0x3 | send_ts=1775207232 | recv_ts=1775207233 | one-way ~1704 ms
[17:07:12.791] ACK | to=0x3 | seq=177
[17:07:12.799] AGG | Added to buffer | count=4/7
[17:07:12.811] ────────────────────────────────────────────────────
[17:07:15.143] ────────────────────────────────────────────────────
[17:07:15.148] RX_MESH | src=0x4 | seq=112 | hops=0 | rssi=-94
[17:07:15.152] LATENCY | src=0x4 | send_ts=1775207233 | recv_ts=1775207236 | one-way ~3167 ms
[17:07:15.252] ACK | to=0x4 | seq=112
[17:07:15.261] AGG | Added to buffer | count=5/7
[17:07:15.273] ────────────────────────────────────────────────────
[17:07:15.495] [BCN] TX | rank=0 | queue=71%
[17:07:18.740] ────────────────────────────────────────────────────
[17:07:18.745] RX_MESH | src=0x3 | seq=178 | hops=0 | rssi=-97
[17:07:18.748] LATENCY | src=0x3 | send_ts=1775207237 | recv_ts=1775207239 | one-way ~2764 ms
[17:07:18.829] ACK | to=0x3 | seq=178
[17:07:18.838] AGG | Added to buffer | count=6/7
[17:07:18.850] ────────────────────────────────────────────────────
[17:07:19.058] [BCN] RX from 0x3 | rank=1 | rssi=-98
[17:07:20.113] ────────────────────────────────────────────────────
[17:07:20.117] RX_MESH | src=0x4 | seq=113 | hops=0 | rssi=-101
[17:07:20.121] LATENCY | src=0x4 | send_ts=1775207238 | recv_ts=1775207241 | one-way ~3136 ms
[17:07:20.201] ACK | to=0x4 | seq=113
[17:07:20.210] AGG | Added to buffer | count=7/7
[17:07:20.226] ────────────────────────────────────────────────────
[17:07:20.227] 
[17:07:20.228] [FLUSH] Trigger detected, switching to LoRaWAN mode
[17:07:20.229] 
[17:07:20.243] ════════════════════════════════════════════════════
[17:07:20.244] FLUSH | records=7 | bytes=136
[17:07:25.552] UPLINK | FAILED | code 1
[17:07:25.553] Total uplinks sent: 12
[17:07:25.564] ════════════════════════════════════════════════════
[17:07:25.564] 
[17:07:25.596] [RADIO] Switched back to MESH_LISTEN mode
[17:07:25.660] [BCN] TX | rank=0 | queue=0%
[17:07:25.675] [DROP] Packet too short (0 bytes)
[17:07:26.010] ────────────────────────────────────────────────────
[17:07:26.015] RX_MESH | src=0x4 | seq=114 | hops=0 | rssi=-100
[17:07:26.019] LATENCY | src=0x4 | send_ts=1775207243 | recv_ts=1775207247 | one-way ~4034 ms
[17:07:26.097] ACK | to=0x4 | seq=114
[17:07:26.106] AGG | Added to buffer | count=1/7
[17:07:26.117] ────────────────────────────────────────────────────
[17:07:27.113] ────────────────────────────────────────────────────
[17:07:27.118] RX_MESH | src=0x3 | seq=179 | hops=0 | rssi=-95
[17:07:27.122] LATENCY | src=0x3 | send_ts=1775207242 | recv_ts=1775207248 | one-way ~6137 ms
[17:07:27.220] ACK | to=0x3 | seq=179
[17:07:27.229] AGG | Added to buffer | count=2/7
[17:07:27.241] ────────────────────────────────────────────────────
[17:07:28.568] ────────────────────────────────────────────────────
[17:07:28.573] RX_MESH | src=0x4 | seq=115 | hops=0 | rssi=-100
[17:07:28.577] LATENCY | src=0x4 | send_ts=1775207248 | recv_ts=1775207249 | one-way ~1592 ms
[17:07:28.658] ACK | to=0x4 | seq=115
[17:07:28.667] AGG | Added to buffer | count=3/7
[17:07:28.679] ────────────────────────────────────────────────────
[17:07:30.641] ────────────────────────────────────────────────────
[17:07:30.647] RX_MESH | src=0x3 | seq=180 | hops=0 | rssi=-95
[17:07:30.650] LATENCY | src=0x3 | send_ts=1775207247 | recv_ts=1775207251 | one-way ~4665 ms
[17:07:30.729] ACK | to=0x3 | seq=180
[17:07:30.738] AGG | Added to buffer | count=4/7
[17:07:30.750] ────────────────────────────────────────────────────
[17:07:30.811] [BCN] RX from 0x3 | rank=1 | rssi=-95
[17:07:30.963] [BCN] RX from 0x4 | rank=1 | rssi=-99
[17:07:32.880] ────────────────────────────────────────────────────
[17:07:32.886] RX_MESH | src=0x3 | seq=181 | hops=0 | rssi=-95
[17:07:32.889] LATENCY | src=0x3 | send_ts=1775207252 | recv_ts=1775207253 | one-way ~1904 ms
[17:07:32.989] ACK | to=0x3 | seq=181
[17:07:32.997] AGG | Added to buffer | count=5/7
[17:07:33.008] ────────────────────────────────────────────────────
[17:07:34.901] ────────────────────────────────────────────────────
[17:07:34.907] RX_MESH | src=0x4 | seq=116 | hops=0 | rssi=-103
[17:07:34.911] LATENCY | src=0x4 | send_ts=1775207253 | recv_ts=1775207255 | one-way ~2925 ms
[17:07:34.985] ACK | to=0x4 | seq=116
[17:07:34.994] AGG | Added to buffer | count=6/7
[17:07:35.006] ────────────────────────────────────────────────────
[17:07:35.723] [BCN] TX | rank=0 | queue=85%
[17:07:38.615] ────────────────────────────────────────────────────
[17:07:38.620] RX_MESH | src=0x4 | seq=117 | hops=0 | rssi=-99
[17:07:38.623] LATENCY | src=0x4 | send_ts=1775207258 | recv_ts=1775207259 | one-way ~1638 ms
[17:07:38.691] ACK | to=0x4 | seq=117
[17:07:38.700] AGG | Added to buffer | count=7/7
[17:07:38.716] ────────────────────────────────────────────────────
[17:07:38.717] 
[17:07:38.718] [FLUSH] Trigger detected, switching to LoRaWAN mode
[17:07:38.719] 
[17:07:38.733] ════════════════════════════════════════════════════
[17:07:38.734] FLUSH | records=7 | bytes=136
[17:07:44.042] UPLINK | FAILED | code 1
[17:07:44.043] Total uplinks sent: 12
[17:07:44.054] ════════════════════════════════════════════════════
[17:07:44.055] 
[17:07:44.087] [RADIO] Switched back to MESH_LISTEN mode
[17:07:45.527] ────────────────────────────────────────────────────
[17:07:45.533] RX_MESH | src=0x3 | seq=183 | hops=0 | rssi=-100
[17:07:45.536] LATENCY | src=0x3 | send_ts=1775207264 | recv_ts=1775207266 | one-way ~2551 ms
[17:07:45.611] ACK | to=0x3 | seq=183
[17:07:45.621] AGG | Added to buffer | count=1/7
[17:07:45.632] ────────────────────────────────────────────────────
[17:07:45.786] [BCN] TX | rank=0 | queue=14%
[17:07:45.911] ────────────────────────────────────────────────────
[17:07:45.917] RX_MESH | src=0x4 | seq=118 | hops=0 | rssi=-98
[17:07:45.920] LATENCY | src=0x4 | send_ts=1775207263 | recv_ts=1775207266 | one-way ~3935 ms
[17:07:46.012] ACK | to=0x4 | seq=118
[17:07:46.021] AGG | Added to buffer | count=2/7
[17:07:46.033] ────────────────────────────────────────────────────
[17:07:49.549] ────────────────────────────────────────────────────
[17:07:49.555] RX_MESH | src=0x4 | seq=119 | hops=0 | rssi=-99
[17:07:49.558] LATENCY | src=0x4 | send_ts=1775207268 | recv_ts=1775207270 | one-way ~2573 ms
[17:07:49.643] ACK | to=0x4 | seq=119
[17:07:49.652] AGG | Added to buffer | count=3/7
[17:07:49.664] ────────────────────────────────────────────────────
[17:07:50.961] [BCN] RX from 0x4 | rank=1 | rssi=-102
[17:07:52.921] ────────────────────────────────────────────────────
[17:07:52.926] RX_MESH | src=0x3 | seq=184 | hops=0 | rssi=-103
[17:07:52.930] LATENCY | src=0x3 | send_ts=1775207269 | recv_ts=1775207273 | one-way ~4944 ms
[17:07:53.012] ACK | to=0x3 | seq=184
[17:07:53.021] AGG | Added to buffer | count=4/7
[17:07:53.033] ────────────────────────────────────────────────────
[17:07:54.014] ────────────────────────────────────────────────────
[17:07:54.019] RX_MESH | src=0x4 | seq=120 | hops=0 | rssi=-100
[17:07:54.022] LATENCY | src=0x4 | send_ts=1775207273 | recv_ts=1775207275 | one-way ~2037 ms
[17:07:54.105] ACK | to=0x4 | seq=120
[17:07:54.114] AGG | Added to buffer | count=5/7
[17:07:54.126] ────────────────────────────────────────────────────
[17:07:54.268] [BCN] RX from 0x3 | rank=1 | rssi=-95
[17:07:55.004] ────────────────────────────────────────────────────
[17:07:55.009] RX_MESH | src=0x3 | seq=185 | hops=0 | rssi=-101
[17:07:55.012] LATENCY | src=0x3 | send_ts=1775207274 | recv_ts=1775207276 | one-way ~2027 ms
[17:07:55.105] ACK | to=0x3 | seq=185
[17:07:55.114] AGG | Added to buffer | count=6/7
[17:07:55.126] ────────────────────────────────────────────────────
[17:07:55.849] [BCN] TX | rank=0 | queue=85%
[17:08:00.675] [DROP] readData error, code -7
[17:08:01.501] ────────────────────────────────────────────────────
[17:08:01.507] RX_MESH | src=0x4 | seq=121 | hops=0 | rssi=-106
[17:08:01.510] LATENCY | src=0x4 | send_ts=1775207278 | recv_ts=1775207282 | one-way ~4525 ms
[17:08:01.601] ACK | to=0x4 | seq=121
[17:08:01.610] AGG | Added to buffer | count=7/7
[17:08:01.626] ────────────────────────────────────────────────────
[17:08:01.629] 
[17:08:01.632] [FLUSH] Trigger detected, switching to LoRaWAN mode
[17:08:01.635] 
[17:08:01.643] ════════════════════════════════════════════════════
[17:08:01.644] FLUSH | records=7 | bytes=136
[17:08:13.431] UPLINK | FAILED | code 1
[17:08:13.433] Total uplinks sent: 12
[17:08:13.444] ════════════════════════════════════════════════════
[17:08:13.445] 
[17:08:13.476] [RADIO] Switched back to MESH_LISTEN mode
[17:08:13.540] [BCN] TX | rank=0 | queue=0%
[17:08:13.555] [DROP] Packet too short (0 bytes)
[17:08:13.662] [BCN] RX from 0x3 | rank=1 | rssi=-95
[17:08:14.134] ────────────────────────────────────────────────────
[17:08:14.139] RX_MESH | src=0x3 | seq=188 | hops=0 | rssi=-99
[17:08:14.142] LATENCY | src=0x3 | send_ts=1775207294 | recv_ts=1775207295 | one-way ~1157 ms
[17:08:14.211] ACK | to=0x3 | seq=188
[17:08:14.221] AGG | Added to buffer | count=1/7
[17:08:14.232] ────────────────────────────────────────────────────
[17:08:15.275] ────────────────────────────────────────────────────
[17:08:15.281] RX_MESH | src=0x4 | seq=123 | hops=0 | rssi=-98
[17:08:15.284] LATENCY | src=0x4 | send_ts=1775207290 | recv_ts=1775207296 | one-way ~6299 ms
[17:08:15.366] ACK | to=0x4 | seq=123
[17:08:15.375] AGG | Added to buffer | count=2/7
[17:08:15.387] ────────────────────────────────────────────────────
[17:08:15.448] [BCN] RX from 0x4 | rank=1 | rssi=-99
[17:08:16.726] ────────────────────────────────────────────────────
[17:08:16.731] RX_MESH | src=0x4 | seq=124 | hops=0 | rssi=-101
[17:08:16.734] LATENCY | src=0x4 | send_ts=1775207295 | recv_ts=1775207297 | one-way ~2749 ms
[17:08:16.828] ACK | to=0x4 | seq=124
[17:08:16.836] AGG | Added to buffer | count=3/7
[17:08:16.848] ────────────────────────────────────────────────────
[17:08:18.834] ────────────────────────────────────────────────────
[17:08:18.839] RX_MESH | src=0x3 | seq=189 | hops=0 | rssi=-95
[17:08:18.843] LATENCY | src=0x3 | send_ts=1775207299 | recv_ts=1775207299 | one-way ~857 ms
[17:08:18.919] ACK | to=0x3 | seq=189
[17:08:18.928] AGG | Added to buffer | count=4/7
[17:08:18.942] ────────────────────────────────────────────────────
[17:08:21.539] ────────────────────────────────────────────────────
[17:08:21.544] RX_MESH | src=0x4 | seq=125 | hops=0 | rssi=-101
[17:08:21.548] LATENCY | src=0x4 | send_ts=1775207300 | recv_ts=1775207302 | one-way ~2562 ms
[17:08:21.627] ACK | to=0x4 | seq=125
[17:08:21.635] AGG | Added to buffer | count=5/7
[17:08:21.647] ────────────────────────────────────────────────────
[17:08:23.605] [BCN] TX | rank=0 | queue=71%
