# Serial capture started at 2026-04-03T17:13:54.250485
# Port: COM16, Baudrate: 115200
# Format: [HH:MM:SS.mmm] <original line>
#===========================================================
[17:13:55.255] UPLINK | OK | TTN received
[17:13:55.256] Total uplinks sent: 25
[17:13:55.268] ════════════════════════════════════════════════════
[17:13:55.268] 
[17:13:55.301] [RADIO] Switched back to MESH_LISTEN mode
[17:13:55.454] [BCN] RX from 0x3 | rank=1 | rssi=-95
[17:13:56.886] [BCN] TX | rank=0 | queue=0%
[17:13:57.039] [BCN] RX from 0x4 | rank=1 | rssi=-96
[17:13:57.555] ────────────────────────────────────────────────────
[17:13:57.560] RX_MESH | src=0x3 | seq=2 | hops=0 | rssi=-98
[17:13:57.563] LATENCY | src=0x3 | send_ts=1775207635 | recv_ts=1775207638 | one-way ~3576 ms
[17:13:57.654] ACK | to=0x3 | seq=2
[17:13:57.663] AGG | Added to buffer | count=1/7
[17:13:57.675] ────────────────────────────────────────────────────
[17:13:58.009] ────────────────────────────────────────────────────
[17:13:58.014] RX_MESH | src=0x4 | seq=80 | hops=0 | rssi=-96
[17:13:58.017] LATENCY | src=0x4 | send_ts=1775207637 | recv_ts=1775207639 | one-way ~2030 ms
[17:13:58.123] ACK | to=0x4 | seq=80
[17:13:58.132] AGG | Added to buffer | count=2/7
[17:13:58.144] ────────────────────────────────────────────────────
[17:13:58.417] ────────────────────────────────────────────────────
[17:13:58.422] RX_MESH | src=0x3 | seq=3 | hops=0 | rssi=-97
[17:13:58.426] LATENCY | src=0x3 | send_ts=1775207637 | recv_ts=1775207639 | one-way ~2438 ms
[17:13:58.509] ACK | to=0x3 | seq=3
[17:13:58.519] AGG | Added to buffer | count=3/7
[17:13:58.530] ────────────────────────────────────────────────────
[17:14:00.038] ────────────────────────────────────────────────────
[17:14:00.043] RX_MESH | src=0x4 | seq=81 | hops=0 | rssi=-96
[17:14:00.046] LATENCY | src=0x4 | send_ts=1775207639 | recv_ts=1775207641 | one-way ~2059 ms
[17:14:00.121] ACK | to=0x4 | seq=81
[17:14:00.131] AGG | Added to buffer | count=4/7
[17:14:00.142] ────────────────────────────────────────────────────
[17:14:00.866] ────────────────────────────────────────────────────
[17:14:00.871] RX_MESH | src=0x3 | seq=4 | hops=0 | rssi=-101
[17:14:00.874] LATENCY | src=0x3 | send_ts=1775207639 | recv_ts=1775207641 | one-way ~2887 ms
[17:14:00.966] ACK | to=0x3 | seq=4
[17:14:00.976] AGG | Added to buffer | count=5/7
[17:14:00.987] ────────────────────────────────────────────────────
[17:14:01.338] ────────────────────────────────────────────────────
[17:14:01.343] RX_MESH | src=0x4 | seq=82 | hops=0 | rssi=-97
[17:14:01.346] LATENCY | src=0x4 | send_ts=1775207641 | recv_ts=1775207642 | one-way ~1359 ms
[17:14:01.420] ACK | to=0x4 | seq=82
[17:14:01.429] AGG | Added to buffer | count=6/7
[17:14:01.440] ────────────────────────────────────────────────────
[17:14:02.221] ────────────────────────────────────────────────────
[17:14:02.226] RX_MESH | src=0x3 | seq=5 | hops=0 | rssi=-96
[17:14:02.229] LATENCY | src=0x3 | send_ts=1775207641 | recv_ts=1775207643 | one-way ~2242 ms
[17:14:02.325] ACK | to=0x3 | seq=5
[17:14:02.335] AGG | Added to buffer | count=7/7
[17:14:02.351] ────────────────────────────────────────────────────
[17:14:02.352] 
[17:14:02.354] [FLUSH] Trigger detected, switching to LoRaWAN mode
[17:14:02.354] 
[17:14:02.367] ════════════════════════════════════════════════════
[17:14:02.368] FLUSH | records=7 | bytes=136
[17:14:08.844] UPLINK | OK | TTN received
[17:14:08.845] Total uplinks sent: 26
[17:14:08.856] ════════════════════════════════════════════════════
[17:14:08.857] 
[17:14:08.889] [RADIO] Switched back to MESH_LISTEN mode
[17:14:08.901] LBT | Channel busy, attempt 1/3, backing off 125 ms
[17:14:09.087] [BCN] TX | rank=0 | queue=0%
[17:14:09.102] [DROP] Packet too short (0 bytes)
[17:14:09.268] [BCN] RX from 0x4 | rank=1 | rssi=-97
[17:14:10.480] ────────────────────────────────────────────────────
[17:14:10.485] RX_MESH | src=0x4 | seq=84 | hops=0 | rssi=-97
[17:14:10.488] LATENCY | src=0x4 | send_ts=1775207649 | recv_ts=1775207651 | one-way ~2501 ms
[17:14:10.559] ACK | to=0x4 | seq=84
[17:14:10.568] AGG | Added to buffer | count=1/7
[17:14:10.579] ────────────────────────────────────────────────────
[17:14:10.830] [BCN] RX from 0x3 | rank=1 | rssi=-103
[17:14:11.336] ────────────────────────────────────────────────────
[17:14:11.341] RX_MESH | src=0x3 | seq=7 | hops=0 | rssi=-97
[17:14:11.344] LATENCY | src=0x3 | send_ts=1775207651 | recv_ts=1775207652 | one-way ~1357 ms
[17:14:11.411] ACK | to=0x3 | seq=7
[17:14:11.421] AGG | Added to buffer | count=2/7
[17:14:11.433] ────────────────────────────────────────────────────
[17:14:13.103] ────────────────────────────────────────────────────
[17:14:13.108] RX_MESH | src=0x4 | seq=85 | hops=0 | rssi=-97
[17:14:13.111] LATENCY | src=0x4 | send_ts=1775207651 | recv_ts=1775207654 | one-way ~3124 ms
[17:14:13.177] ACK | to=0x4 | seq=85
[17:14:13.187] AGG | Added to buffer | count=3/7
[17:14:13.199] ────────────────────────────────────────────────────
[17:14:13.357] ────────────────────────────────────────────────────
[17:14:13.362] RX_MESH | src=0x3 | seq=8 | hops=0 | rssi=-98
[17:14:13.365] LATENCY | src=0x3 | send_ts=1775207653 | recv_ts=1775207654 | one-way ~1378 ms
[17:14:13.465] ACK | to=0x3 | seq=8
[17:14:13.474] AGG | Added to buffer | count=4/7
[17:14:13.485] ────────────────────────────────────────────────────
[17:14:14.138] ────────────────────────────────────────────────────
[17:14:14.143] RX_MESH | src=0x4 | seq=86 | hops=0 | rssi=-97
[17:14:14.146] LATENCY | src=0x4 | send_ts=1775207653 | recv_ts=1775207655 | one-way ~2159 ms
[17:14:14.242] ACK | to=0x4 | seq=86
[17:14:14.252] AGG | Added to buffer | count=5/7
[17:14:14.263] ────────────────────────────────────────────────────
[17:14:15.766] ────────────────────────────────────────────────────
[17:14:15.771] RX_MESH | src=0x4 | seq=87 | hops=0 | rssi=-97
[17:14:15.774] LATENCY | src=0x4 | send_ts=1775207655 | recv_ts=1775207656 | one-way ~1787 ms
[17:14:15.843] ACK | to=0x4 | seq=87
[17:14:15.852] AGG | Added to buffer | count=6/7
[17:14:15.863] ────────────────────────────────────────────────────
[17:14:16.411] ────────────────────────────────────────────────────
[17:14:16.416] RX_MESH | src=0x3 | seq=9 | hops=0 | rssi=-98
[17:14:16.419] LATENCY | src=0x3 | send_ts=1775207655 | recv_ts=1775207657 | one-way ~2432 ms
[17:14:16.489] ACK | to=0x3 | seq=9
[17:14:16.499] AGG | Added to buffer | count=7/7
[17:14:16.515] ────────────────────────────────────────────────────
[17:14:16.515] 
[17:14:16.517] [FLUSH] Trigger detected, switching to LoRaWAN mode
[17:14:16.518] 
[17:14:16.531] ════════════════════════════════════════════════════
[17:14:16.532] FLUSH | records=7 | bytes=136
[17:14:23.008] UPLINK | OK | TTN received
[17:14:23.010] Total uplinks sent: 27
[17:14:23.020] ════════════════════════════════════════════════════
[17:14:23.021] 
[17:14:23.053] [RADIO] Switched back to MESH_LISTEN mode
[17:14:23.117] [BCN] TX | rank=0 | queue=0%
[17:14:23.132] [DROP] Packet too short (0 bytes)
[17:14:23.527] [BCN] RX from 0x3 | rank=1 | rssi=-100
[17:14:23.983] [BCN] RX from 0x4 | rank=1 | rssi=-98
[17:14:25.065] ────────────────────────────────────────────────────
[17:14:25.070] RX_MESH | src=0x3 | seq=11 | hops=0 | rssi=-103
[17:14:25.074] LATENCY | src=0x3 | send_ts=1775207663 | recv_ts=1775207666 | one-way ~3086 ms
[17:14:25.141] ACK | to=0x3 | seq=11
[17:14:25.150] AGG | Added to buffer | count=1/7
[17:14:25.161] ────────────────────────────────────────────────────
[17:14:25.510] ────────────────────────────────────────────────────
[17:14:25.515] RX_MESH | src=0x4 | seq=89 | hops=0 | rssi=-98
[17:14:25.518] LATENCY | src=0x4 | send_ts=1775207664 | recv_ts=1775207666 | one-way ~2531 ms
[17:14:25.605] ACK | to=0x4 | seq=89
[17:14:25.614] AGG | Added to buffer | count=2/7
[17:14:25.625] ────────────────────────────────────────────────────
[17:14:25.826] ────────────────────────────────────────────────────
[17:14:25.831] RX_MESH | src=0x3 | seq=12 | hops=0 | rssi=-99
[17:14:25.834] LATENCY | src=0x3 | send_ts=1775207665 | recv_ts=1775207666 | one-way ~1847 ms
[17:14:25.912] ACK | to=0x3 | seq=12
[17:14:25.922] AGG | Added to buffer | count=3/7
[17:14:25.934] ────────────────────────────────────────────────────
[17:14:27.497] ────────────────────────────────────────────────────
[17:14:27.502] RX_MESH | src=0x4 | seq=90 | hops=0 | rssi=-94
[17:14:27.506] LATENCY | src=0x4 | send_ts=1775207666 | recv_ts=1775207668 | one-way ~2518 ms
[17:14:27.573] ACK | to=0x4 | seq=90
[17:14:27.582] AGG | Added to buffer | count=4/7
[17:14:27.593] ────────────────────────────────────────────────────
[17:14:29.112] ────────────────────────────────────────────────────
[17:14:29.117] RX_MESH | src=0x4 | seq=91 | hops=0 | rssi=-94
[17:14:29.120] LATENCY | src=0x4 | send_ts=1775207668 | recv_ts=1775207670 | one-way ~2133 ms
[17:14:29.223] ACK | to=0x4 | seq=91
[17:14:29.232] AGG | Added to buffer | count=5/7
[17:14:29.243] ────────────────────────────────────────────────────
[17:14:30.313] ────────────────────────────────────────────────────
[17:14:30.318] RX_MESH | src=0x3 | seq=13 | hops=0 | rssi=-102
[17:14:30.321] LATENCY | src=0x3 | send_ts=1775207667 | recv_ts=1775207671 | one-way ~4334 ms
[17:14:30.378] LBT | Channel busy, attempt 1/3, backing off 144 ms
[17:14:30.578] ACK | to=0x3 | seq=13
[17:14:30.587] AGG | Added to buffer | count=6/7
[17:14:30.598] ────────────────────────────────────────────────────
[17:14:30.894] ────────────────────────────────────────────────────
[17:14:30.899] RX_MESH | src=0x3 | seq=14 | hops=0 | rssi=-105
[17:14:30.903] LATENCY | src=0x3 | send_ts=1775207670 | recv_ts=1775207671 | one-way ~1915 ms
[17:14:30.988] ACK | to=0x3 | seq=14
[17:14:30.997] AGG | Added to buffer | count=7/7
[17:14:31.013] ────────────────────────────────────────────────────
[17:14:31.014] 
[17:14:31.015] [FLUSH] Trigger detected, switching to LoRaWAN mode
[17:14:31.016] 
[17:14:31.029] ════════════════════════════════════════════════════
[17:14:31.030] FLUSH | records=7 | bytes=136
[17:14:37.506] UPLINK | OK | TTN received
[17:14:37.507] Total uplinks sent: 28
[17:14:37.519] ════════════════════════════════════════════════════
[17:14:37.519] 
[17:14:37.551] [RADIO] Switched back to MESH_LISTEN mode
[17:14:37.564] LBT | Channel busy, attempt 1/3, backing off 110 ms
[17:14:37.734] [BCN] TX | rank=0 | queue=0%
[17:14:37.749] [DROP] Packet too short (0 bytes)
[17:14:38.168] [BCN] RX from 0x3 | rank=1 | rssi=-94
[17:14:39.215] ────────────────────────────────────────────────────
[17:14:39.220] RX_MESH | src=0x4 | seq=93 | hops=0 | rssi=-92
[17:14:39.223] LATENCY | src=0x4 | send_ts=1775207676 | recv_ts=1775207680 | one-way ~4236 ms
[17:14:39.290] ACK | to=0x4 | seq=93
[17:14:39.299] AGG | Added to buffer | count=1/7
[17:14:39.311] ────────────────────────────────────────────────────
[17:14:39.426] ────────────────────────────────────────────────────
[17:14:39.431] RX_MESH | src=0x4 | seq=94 | hops=0 | rssi=-93
[17:14:39.434] LATENCY | src=0x4 | send_ts=1775207679 | recv_ts=1775207680 | one-way ~1447 ms
[17:14:39.539] ACK | to=0x4 | seq=94
[17:14:39.548] AGG | Added to buffer | count=2/7
[17:14:39.559] ────────────────────────────────────────────────────
[17:14:40.081] ────────────────────────────────────────────────────
[17:14:40.086] RX_MESH | src=0x3 | seq=16 | hops=0 | rssi=-98
[17:14:40.090] LATENCY | src=0x3 | send_ts=1775207678 | recv_ts=1775207681 | one-way ~3102 ms
[17:14:40.191] ACK | to=0x3 | seq=16
[17:14:40.200] AGG | Added to buffer | count=3/7
[17:14:40.212] ────────────────────────────────────────────────────
[17:14:41.776] ────────────────────────────────────────────────────
[17:14:41.781] RX_MESH | src=0x3 | seq=17 | hops=0 | rssi=-103
[17:14:41.784] LATENCY | src=0x3 | send_ts=1775207680 | recv_ts=1775207682 | one-way ~2797 ms
[17:14:41.861] ACK | to=0x3 | seq=17
[17:14:41.870] AGG | Added to buffer | count=4/7
[17:14:41.882] ────────────────────────────────────────────────────
[17:14:42.095] ────────────────────────────────────────────────────
[17:14:42.101] RX_MESH | src=0x4 | seq=95 | hops=0 | rssi=-93
[17:14:42.105] LATENCY | src=0x4 | send_ts=1775207681 | recv_ts=1775207683 | one-way ~2116 ms
[17:14:42.194] ACK | to=0x4 | seq=95
[17:14:42.203] AGG | Added to buffer | count=5/7
[17:14:42.215] ────────────────────────────────────────────────────
[17:14:43.736] ────────────────────────────────────────────────────
[17:14:43.742] RX_MESH | src=0x4 | seq=96 | hops=0 | rssi=-94
[17:14:43.745] LATENCY | src=0x4 | send_ts=1775207683 | recv_ts=1775207684 | one-way ~1757 ms
[17:14:43.845] ACK | to=0x4 | seq=96
[17:14:43.854] AGG | Added to buffer | count=6/7
[17:14:43.867] ────────────────────────────────────────────────────
[17:14:44.129] ────────────────────────────────────────────────────
[17:14:44.134] RX_MESH | src=0x3 | seq=18 | hops=0 | rssi=-97
[17:14:44.137] LATENCY | src=0x3 | send_ts=1775207682 | recv_ts=1775207685 | one-way ~3150 ms
[17:14:44.207] ACK | to=0x3 | seq=18
[17:14:44.216] AGG | Added to buffer | count=7/7
[17:14:44.232] ────────────────────────────────────────────────────
[17:14:44.232] 
[17:14:44.234] [FLUSH] Trigger detected, switching to LoRaWAN mode
[17:14:44.235] 
[17:14:44.248] ════════════════════════════════════════════════════
[17:14:44.249] FLUSH | records=7 | bytes=136
[17:14:50.725] UPLINK | OK | TTN received
[17:14:50.726] Total uplinks sent: 29
[17:14:50.738] ════════════════════════════════════════════════════
[17:14:50.739] 
[17:14:50.770] [RADIO] Switched back to MESH_LISTEN mode
[17:14:50.834] [BCN] TX | rank=0 | queue=0%
[17:14:50.849] [DROP] Packet too short (0 bytes)
[17:14:51.310] [BCN] RX from 0x4 | rank=1 | rssi=-91
[17:14:51.451] [DROP] readData error, code -7
[17:14:53.144] ────────────────────────────────────────────────────
[17:14:53.150] RX_MESH | src=0x3 | seq=20 | hops=0 | rssi=-95
[17:14:53.153] LATENCY | src=0x3 | send_ts=1775207690 | recv_ts=1775207694 | one-way ~4165 ms
[17:14:53.254] ACK | to=0x3 | seq=20
[17:14:53.263] AGG | Added to buffer | count=1/7
[17:14:53.275] ────────────────────────────────────────────────────
[17:14:54.215] ────────────────────────────────────────────────────
[17:14:54.220] RX_MESH | src=0x3 | seq=21 | hops=0 | rssi=-97
[17:14:54.224] LATENCY | src=0x3 | send_ts=1775207693 | recv_ts=1775207695 | one-way ~2236 ms
[17:14:54.327] ACK | to=0x3 | seq=21
[17:14:54.336] AGG | Added to buffer | count=2/7
[17:14:54.348] ────────────────────────────────────────────────────
[17:14:54.929] ────────────────────────────────────────────────────
[17:14:54.934] RX_MESH | src=0x4 | seq=98 | hops=0 | rssi=-91
[17:14:54.937] LATENCY | src=0x4 | send_ts=1775207691 | recv_ts=1775207695 | one-way ~4950 ms
[17:14:55.043] ACK | to=0x4 | seq=98
[17:14:55.052] AGG | Added to buffer | count=3/7
[17:14:55.064] ────────────────────────────────────────────────────
[17:14:55.377] ────────────────────────────────────────────────────
[17:14:55.383] RX_MESH | src=0x4 | seq=99 | hops=0 | rssi=-94
[17:14:55.386] LATENCY | src=0x4 | send_ts=1775207695 | recv_ts=1775207696 | one-way ~1398 ms
[17:14:55.470] ACK | to=0x4 | seq=99
[17:14:55.479] AGG | Added to buffer | count=4/7
[17:14:55.490] ────────────────────────────────────────────────────
[17:14:57.254] ────────────────────────────────────────────────────
[17:14:57.259] RX_MESH | src=0x3 | seq=22 | hops=0 | rssi=-95
[17:14:57.263] LATENCY | src=0x3 | send_ts=1775207695 | recv_ts=1775207698 | one-way ~3275 ms
[17:14:57.364] ACK | to=0x3 | seq=22
[17:14:57.373] AGG | Added to buffer | count=5/7
[17:14:57.385] ────────────────────────────────────────────────────
[17:14:57.593] ────────────────────────────────────────────────────
[17:14:57.599] RX_MESH | src=0x3 | seq=23 | hops=0 | rssi=-102
[17:14:57.602] LATENCY | src=0x3 | send_ts=1775207697 | recv_ts=1775207698 | one-way ~1614 ms
[17:14:57.677] ACK | to=0x3 | seq=23
[17:14:57.686] AGG | Added to buffer | count=6/7
[17:14:57.698] ────────────────────────────────────────────────────
[17:14:59.102] ────────────────────────────────────────────────────
[17:14:59.107] RX_MESH | src=0x4 | seq=100 | hops=0 | rssi=-95
[17:14:59.111] LATENCY | src=0x4 | send_ts=1775207697 | recv_ts=1775207700 | one-way ~3123 ms
[17:14:59.186] ACK | to=0x4 | seq=100
[17:14:59.195] AGG | Added to buffer | count=7/7
[17:14:59.211] ────────────────────────────────────────────────────
[17:14:59.212] 
[17:14:59.213] [FLUSH] Trigger detected, switching to LoRaWAN mode
[17:14:59.213] 
[17:14:59.227] ════════════════════════════════════════════════════
[17:14:59.228] FLUSH | records=7 | bytes=136
[17:15:05.704] UPLINK | OK | TTN received
[17:15:05.705] Total uplinks sent: 30
[17:15:05.717] ════════════════════════════════════════════════════
[17:15:05.718] 
[17:15:05.750] [RADIO] Switched back to MESH_LISTEN mode
[17:15:05.813] [BCN] TX | rank=0 | queue=0%
[17:15:05.828] [DROP] Packet too short (0 bytes)
[17:15:06.200] ────────────────────────────────────────────────────
[17:15:06.205] RX_MESH | src=0x3 | seq=25 | hops=0 | rssi=-95
[17:15:06.208] LATENCY | src=0x3 | send_ts=1775207705 | recv_ts=1775207707 | one-way ~2220 ms
[17:15:06.279] ACK | to=0x3 | seq=25
[17:15:06.288] AGG | Added to buffer | count=1/7
[17:15:06.300] ────────────────────────────────────────────────────
[17:15:07.527] ────────────────────────────────────────────────────
[17:15:07.533] RX_MESH | src=0x4 | seq=102 | hops=0 | rssi=-93
[17:15:07.536] LATENCY | src=0x4 | send_ts=1775207705 | recv_ts=1775207708 | one-way ~3548 ms
[17:15:07.635] ACK | to=0x4 | seq=102
[17:15:07.644] AGG | Added to buffer | count=2/7
[17:15:07.655] ────────────────────────────────────────────────────
[17:15:08.346] ────────────────────────────────────────────────────
[17:15:08.352] RX_MESH | src=0x3 | seq=26 | hops=0 | rssi=-88
[17:15:08.355] LATENCY | src=0x3 | send_ts=1775207707 | recv_ts=1775207709 | one-way ~2367 ms
[17:15:08.446] ACK | to=0x3 | seq=26
[17:15:08.455] AGG | Added to buffer | count=3/7
[17:15:08.467] ────────────────────────────────────────────────────
[17:15:08.597] ────────────────────────────────────────────────────
[17:15:08.602] RX_MESH | src=0x4 | seq=103 | hops=0 | rssi=-93
[17:15:08.606] LATENCY | src=0x4 | send_ts=1775207708 | recv_ts=1775207709 | one-way ~1618 ms
[17:15:08.676] ACK | to=0x4 | seq=103
[17:15:08.685] AGG | Added to buffer | count=4/7
[17:15:08.696] ────────────────────────────────────────────────────
[17:15:09.434] ────────────────────────────────────────────────────
[17:15:09.440] RX_MESH | src=0x3 | seq=27 | hops=0 | rssi=-88
[17:15:09.443] LATENCY | src=0x3 | send_ts=1775207709 | recv_ts=1775207710 | one-way ~1455 ms
[17:15:09.534] ACK | to=0x3 | seq=27
[17:15:09.543] AGG | Added to buffer | count=5/7
[17:15:09.555] ────────────────────────────────────────────────────
[17:15:10.114] ────────────────────────────────────────────────────
[17:15:10.118] RX_MESH | src=0x4 | seq=104 | hops=0 | rssi=-95
[17:15:10.122] LATENCY | src=0x4 | send_ts=1775207710 | recv_ts=1775207711 | one-way ~1134 ms
[17:15:10.202] ACK | to=0x4 | seq=104
[17:15:10.211] AGG | Added to buffer | count=6/7
[17:15:10.222] ────────────────────────────────────────────────────
[17:15:13.350] ────────────────────────────────────────────────────
[17:15:13.355] RX_MESH | src=0x4 | seq=105 | hops=0 | rssi=-94
[17:15:13.358] LATENCY | src=0x4 | send_ts=1775207712 | recv_ts=1775207714 | one-way ~2370 ms
[17:15:13.460] ACK | to=0x4 | seq=105
[17:15:13.469] AGG | Added to buffer | count=7/7
[17:15:13.485] ────────────────────────────────────────────────────
[17:15:13.485] 
[17:15:13.486] [FLUSH] Trigger detected, switching to LoRaWAN mode
[17:15:13.487] 
[17:15:13.502] ════════════════════════════════════════════════════
[17:15:13.502] FLUSH | records=7 | bytes=136
[17:15:19.978] UPLINK | OK | TTN received
[17:15:19.979] Total uplinks sent: 31
[17:15:19.991] ════════════════════════════════════════════════════
[17:15:19.991] 
[17:15:20.023] [RADIO] Switched back to MESH_LISTEN mode
[17:15:20.087] [BCN] TX | rank=0 | queue=0%
[17:15:20.102] [DROP] Packet too short (0 bytes)
[17:15:20.800] ────────────────────────────────────────────────────
[17:15:20.804] RX_MESH | src=0x3 | seq=29 | hops=0 | rssi=-86
[17:15:20.808] LATENCY | src=0x3 | send_ts=1775207718 | recv_ts=1775207721 | one-way ~3820 ms
[17:15:20.879] ACK | to=0x3 | seq=29
[17:15:20.888] AGG | Added to buffer | count=1/7
[17:15:20.900] ────────────────────────────────────────────────────
[17:15:21.657] ────────────────────────────────────────────────────
[17:15:21.663] RX_MESH | src=0x4 | seq=107 | hops=0 | rssi=-94
[17:15:21.666] LATENCY | src=0x4 | send_ts=1775207719 | recv_ts=1775207722 | one-way ~3678 ms
[17:15:21.764] ACK | to=0x4 | seq=107
[17:15:21.774] AGG | Added to buffer | count=2/7
[17:15:21.785] ────────────────────────────────────────────────────
[17:15:22.290] ────────────────────────────────────────────────────
[17:15:22.296] RX_MESH | src=0x3 | seq=30 | hops=0 | rssi=-85
[17:15:22.299] LATENCY | src=0x3 | send_ts=1775207721 | recv_ts=1775207723 | one-way ~2311 ms
[17:15:22.400] ACK | to=0x3 | seq=30
[17:15:22.409] AGG | Added to buffer | count=3/7
[17:15:22.420] ────────────────────────────────────────────────────
[17:15:23.694] ────────────────────────────────────────────────────
[17:15:23.699] RX_MESH | src=0x4 | seq=108 | hops=0 | rssi=-94
[17:15:23.702] LATENCY | src=0x4 | send_ts=1775207722 | recv_ts=1775207724 | one-way ~2714 ms
[17:15:23.798] ACK | to=0x4 | seq=108
[17:15:23.807] AGG | Added to buffer | count=4/7
[17:15:23.819] ────────────────────────────────────────────────────
[17:15:24.008] ────────────────────────────────────────────────────
[17:15:24.014] RX_MESH | src=0x3 | seq=31 | hops=0 | rssi=-88
[17:15:24.017] LATENCY | src=0x3 | send_ts=1775207723 | recv_ts=1775207725 | one-way ~2029 ms
[17:15:24.106] ACK | to=0x3 | seq=31
[17:15:24.115] AGG | Added to buffer | count=5/7
[17:15:24.127] ────────────────────────────────────────────────────
[17:15:24.629] ────────────────────────────────────────────────────
[17:15:24.635] RX_MESH | src=0x4 | seq=109 | hops=0 | rssi=-94
[17:15:24.638] LATENCY | src=0x4 | send_ts=1775207724 | recv_ts=1775207725 | one-way ~1650 ms
[17:15:24.722] ACK | to=0x4 | seq=109
[17:15:24.731] AGG | Added to buffer | count=6/7
[17:15:24.742] ────────────────────────────────────────────────────
[17:15:25.931] ────────────────────────────────────────────────────
[17:15:25.936] RX_MESH | src=0x3 | seq=32 | hops=0 | rssi=-85
[17:15:25.939] LATENCY | src=0x3 | send_ts=1775207725 | recv_ts=1775207726 | one-way ~1951 ms
[17:15:26.023] ACK | to=0x3 | seq=32
[17:15:26.032] AGG | Added to buffer | count=7/7
[17:15:26.048] ────────────────────────────────────────────────────
[17:15:26.049] 
[17:15:26.051] [FLUSH] Trigger detected, switching to LoRaWAN mode
[17:15:26.051] 
[17:15:26.065] ════════════════════════════════════════════════════
[17:15:26.066] FLUSH | records=7 | bytes=136
[17:15:32.542] UPLINK | OK | TTN received
[17:15:32.542] Total uplinks sent: 32
[17:15:32.554] ════════════════════════════════════════════════════
[17:15:32.555] 
[17:15:32.587] [RADIO] Switched back to MESH_LISTEN mode
[17:15:32.599] LBT | Channel busy, attempt 1/3, backing off 141 ms
[17:15:32.801] [BCN] TX | rank=0 | queue=0%
[17:15:32.815] [DROP] Packet too short (0 bytes)
[17:15:33.130] [BCN] RX from 0x3 | rank=1 | rssi=-85
[17:15:33.754] ────────────────────────────────────────────────────
[17:15:33.759] RX_MESH | src=0x3 | seq=34 | hops=0 | rssi=-85
[17:15:33.762] LATENCY | src=0x3 | send_ts=1775207733 | recv_ts=1775207734 | one-way ~1774 ms
[17:15:33.833] ACK | to=0x3 | seq=34
[17:15:33.843] AGG | Added to buffer | count=1/7
[17:15:33.854] ────────────────────────────────────────────────────
[17:15:34.325] ────────────────────────────────────────────────────
[17:15:34.331] RX_MESH | src=0x4 | seq=111 | hops=0 | rssi=-96
[17:15:34.334] LATENCY | src=0x4 | send_ts=1775207731 | recv_ts=1775207735 | one-way ~4346 ms
[17:15:34.410] ACK | to=0x4 | seq=111
[17:15:34.419] AGG | Added to buffer | count=2/7
[17:15:34.431] ────────────────────────────────────────────────────
[17:15:36.283] ────────────────────────────────────────────────────
[17:15:36.288] RX_MESH | src=0x3 | seq=35 | hops=0 | rssi=-85
[17:15:36.291] LATENCY | src=0x3 | send_ts=1775207735 | recv_ts=1775207737 | one-way ~2303 ms
[17:15:36.337] LBT | Channel busy, attempt 1/3, backing off 149 ms
[17:15:36.541] ACK | to=0x3 | seq=35
[17:15:36.550] AGG | Added to buffer | count=3/7
[17:15:36.562] ────────────────────────────────────────────────────
[17:15:37.467] ────────────────────────────────────────────────────
[17:15:37.472] RX_MESH | src=0x3 | seq=36 | hops=0 | rssi=-86
[17:15:37.475] LATENCY | src=0x3 | send_ts=1775207737 | recv_ts=1775207738 | one-way ~1487 ms
[17:15:37.544] ACK | to=0x3 | seq=36
[17:15:37.553] AGG | Added to buffer | count=4/7
[17:15:37.565] ────────────────────────────────────────────────────
[17:15:38.060] ────────────────────────────────────────────────────
[17:15:38.066] RX_MESH | src=0x4 | seq=112 | hops=0 | rssi=-95
[17:15:38.069] LATENCY | src=0x4 | send_ts=1775207734 | recv_ts=1775207739 | one-way ~5081 ms
[17:15:38.169] ACK | to=0x4 | seq=112
[17:15:38.178] AGG | Added to buffer | count=5/7
[17:15:38.190] ────────────────────────────────────────────────────
[17:15:38.973] ────────────────────────────────────────────────────
[17:15:38.978] RX_MESH | src=0x4 | seq=113 | hops=0 | rssi=-96
[17:15:38.982] LATENCY | src=0x4 | send_ts=1775207738 | recv_ts=1775207739 | one-way ~1993 ms
[17:15:39.048] ACK | to=0x4 | seq=113
[17:15:39.056] AGG | Added to buffer | count=6/7
[17:15:39.068] ────────────────────────────────────────────────────
[17:15:40.240] ────────────────────────────────────────────────────
[17:15:40.246] RX_MESH | src=0x3 | seq=37 | hops=0 | rssi=-86
[17:15:40.249] LATENCY | src=0x3 | send_ts=1775207739 | recv_ts=1775207741 | one-way ~2261 ms
[17:15:40.329] ACK | to=0x3 | seq=37
[17:15:40.338] AGG | Added to buffer | count=7/7
[17:15:40.354] ────────────────────────────────────────────────────
[17:15:40.355] 
[17:15:40.356] [FLUSH] Trigger detected, switching to LoRaWAN mode
[17:15:40.357] 
[17:15:40.371] ════════════════════════════════════════════════════
[17:15:40.372] FLUSH | records=7 | bytes=136
[17:15:46.847] UPLINK | OK | TTN received
[17:15:46.848] Total uplinks sent: 33
[17:15:46.860] ════════════════════════════════════════════════════
[17:15:46.861] 
[17:15:46.892] [RADIO] Switched back to MESH_LISTEN mode
[17:15:46.956] [BCN] TX | rank=0 | queue=0%
[17:15:46.971] [DROP] Packet too short (0 bytes)
[17:15:47.224] [BCN] RX from 0x4 | rank=1 | rssi=-95
[17:15:48.369] [BCN] RX from 0x3 | rank=1 | rssi=-87
[17:15:48.808] ────────────────────────────────────────────────────
[17:15:48.814] RX_MESH | src=0x4 | seq=115 | hops=0 | rssi=-95
[17:15:48.817] LATENCY | src=0x4 | send_ts=1775207747 | recv_ts=1775207749 | one-way ~2829 ms
[17:15:48.913] ACK | to=0x4 | seq=115
[17:15:48.922] AGG | Added to buffer | count=1/7
[17:15:48.934] ────────────────────────────────────────────────────
[17:15:50.442] ────────────────────────────────────────────────────
[17:15:50.447] RX_MESH | src=0x3 | seq=39 | hops=0 | rssi=-88
[17:15:50.451] LATENCY | src=0x3 | send_ts=1775207748 | recv_ts=1775207751 | one-way ~3462 ms
[17:15:50.548] ACK | to=0x3 | seq=39
[17:15:50.557] AGG | Added to buffer | count=2/7
[17:15:50.569] ────────────────────────────────────────────────────
[17:15:51.119] ────────────────────────────────────────────────────
[17:15:51.125] RX_MESH | src=0x4 | seq=116 | hops=0 | rssi=-95
[17:15:51.128] LATENCY | src=0x4 | send_ts=1775207749 | recv_ts=1775207752 | one-way ~3140 ms
[17:15:51.220] ACK | to=0x4 | seq=116
[17:15:51.229] AGG | Added to buffer | count=3/7
[17:15:51.241] ────────────────────────────────────────────────────
[17:15:51.684] ────────────────────────────────────────────────────
[17:15:51.689] RX_MESH | src=0x4 | seq=117 | hops=0 | rssi=-95
[17:15:51.692] LATENCY | src=0x4 | send_ts=1775207751 | recv_ts=1775207752 | one-way ~1704 ms
[17:15:51.766] ACK | to=0x4 | seq=117
[17:15:51.775] AGG | Added to buffer | count=4/7
[17:15:51.787] ────────────────────────────────────────────────────
[17:15:52.474] ────────────────────────────────────────────────────
[17:15:52.479] RX_MESH | src=0x3 | seq=40 | hops=0 | rssi=-87
[17:15:52.482] LATENCY | src=0x3 | send_ts=1775207750 | recv_ts=1775207753 | one-way ~3494 ms
[17:15:52.564] ACK | to=0x3 | seq=40
[17:15:52.573] AGG | Added to buffer | count=5/7
[17:15:52.585] ────────────────────────────────────────────────────
[17:15:53.166] ────────────────────────────────────────────────────
[17:15:53.171] RX_MESH | src=0x3 | seq=41 | hops=0 | rssi=-89
[17:15:53.174] LATENCY | src=0x3 | send_ts=1775207752 | recv_ts=1775207754 | one-way ~2186 ms
[17:15:53.280] ACK | to=0x3 | seq=41
[17:15:53.288] AGG | Added to buffer | count=6/7
[17:15:53.300] ────────────────────────────────────────────────────
[17:15:53.470] ────────────────────────────────────────────────────
[17:15:53.475] RX_MESH | src=0x4 | seq=118 | hops=0 | rssi=-95
[17:15:53.478] LATENCY | src=0x4 | send_ts=1775207753 | recv_ts=1775207754 | one-way ~1490 ms
[17:15:53.559] ACK | to=0x4 | seq=118
[17:15:53.568] AGG | Added to buffer | count=7/7
[17:15:53.584] ────────────────────────────────────────────────────
[17:15:53.585] 
[17:15:53.586] [FLUSH] Trigger detected, switching to LoRaWAN mode
[17:15:53.586] 
[17:15:53.601] ════════════════════════════════════════════════════
[17:15:53.602] FLUSH | records=7 | bytes=136
[17:16:00.077] UPLINK | OK | TTN received
[17:16:00.078] Total uplinks sent: 34
[17:16:00.090] ════════════════════════════════════════════════════
[17:16:00.091] 
[17:16:00.123] [RADIO] Switched back to MESH_LISTEN mode
[17:16:00.186] [BCN] TX | rank=0 | queue=0%
[17:16:00.202] [DROP] Packet too short (0 bytes)
[17:16:01.310] [BCN] RX from 0x3 | rank=1 | rssi=-89
[17:16:01.391] [BCN] RX from 0x4 | rank=1 | rssi=-94
[17:16:02.203] ────────────────────────────────────────────────────
[17:16:02.208] RX_MESH | src=0x3 | seq=43 | hops=0 | rssi=-90
[17:16:02.211] LATENCY | src=0x3 | send_ts=1775207761 | recv_ts=1775207763 | one-way ~2223 ms
[17:16:02.281] ACK | to=0x3 | seq=43
[17:16:02.290] AGG | Added to buffer | count=1/7
[17:16:02.302] ────────────────────────────────────────────────────
[17:16:02.578] ────────────────────────────────────────────────────
[17:16:02.583] RX_MESH | src=0x4 | seq=120 | hops=0 | rssi=-94
[17:16:02.586] LATENCY | src=0x4 | send_ts=1775207761 | recv_ts=1775207763 | one-way ~2598 ms
[17:16:02.661] ACK | to=0x4 | seq=120
[17:16:02.670] AGG | Added to buffer | count=2/7
[17:16:02.682] ────────────────────────────────────────────────────
[17:16:04.468] ────────────────────────────────────────────────────
[17:16:04.473] RX_MESH | src=0x3 | seq=44 | hops=0 | rssi=-90
[17:16:04.476] LATENCY | src=0x3 | send_ts=1775207763 | recv_ts=1775207765 | one-way ~2488 ms
[17:16:04.522] LBT | Channel busy, attempt 1/3, backing off 121 ms
[17:16:04.699] ACK | to=0x3 | seq=44
[17:16:04.708] AGG | Added to buffer | count=3/7
[17:16:04.719] ────────────────────────────────────────────────────
[17:16:06.136] [DROP] Duplicate | src=0x3 seq=44
[17:16:06.192] LBT | Channel busy, attempt 1/3, backing off 135 ms
[17:16:06.382] ACK | to=0x3 | seq=44
[17:16:08.187] ────────────────────────────────────────────────────
[17:16:08.192] RX_MESH | src=0x4 | seq=121 | hops=0 | rssi=-95
[17:16:08.196] LATENCY | src=0x4 | send_ts=1775207763 | recv_ts=1775207769 | one-way ~6207 ms
[17:16:08.275] ACK | to=0x4 | seq=121
[17:16:08.285] AGG | Added to buffer | count=4/7
[17:16:08.296] ────────────────────────────────────────────────────
[17:16:08.460] ────────────────────────────────────────────────────
[17:16:08.466] RX_MESH | src=0x3 | seq=45 | hops=0 | rssi=-91
[17:16:08.469] LATENCY | src=0x3 | send_ts=1775207766 | recv_ts=1775207769 | one-way ~3481 ms
[17:16:08.564] ACK | to=0x3 | seq=45
[17:16:08.573] AGG | Added to buffer | count=5/7
[17:16:08.585] ────────────────────────────────────────────────────
[17:16:09.107] ────────────────────────────────────────────────────
[17:16:09.112] RX_MESH | src=0x3 | seq=46 | hops=0 | rssi=-89
[17:16:09.115] LATENCY | src=0x3 | send_ts=1775207768 | recv_ts=1775207770 | one-way ~2127 ms
[17:16:09.215] ACK | to=0x3 | seq=46
[17:16:09.223] AGG | Added to buffer | count=6/7
[17:16:09.235] ────────────────────────────────────────────────────
[17:16:09.913] ────────────────────────────────────────────────────
[17:16:09.918] RX_MESH | src=0x4 | seq=122 | hops=0 | rssi=-94
[17:16:09.921] LATENCY | src=0x4 | send_ts=1775207768 | recv_ts=1775207770 | one-way ~2933 ms
[17:16:10.003] ACK | to=0x4 | seq=122
[17:16:10.013] AGG | Added to buffer | count=7/7
[17:16:10.029] ────────────────────────────────────────────────────
[17:16:10.030] 
[17:16:10.031] [FLUSH] Trigger detected, switching to LoRaWAN mode
[17:16:10.032] 
[17:16:10.045] ════════════════════════════════════════════════════
[17:16:10.046] FLUSH | records=7 | bytes=136
[17:16:16.521] UPLINK | OK | TTN received
[17:16:16.522] Total uplinks sent: 35
[17:16:16.534] ════════════════════════════════════════════════════
[17:16:16.535] 
[17:16:16.567] [RADIO] Switched back to MESH_LISTEN mode
[17:16:16.580] LBT | Channel busy, attempt 1/3, backing off 119 ms
[17:16:16.759] [BCN] TX | rank=0 | queue=0%
[17:16:16.773] [DROP] Packet too short (0 bytes)
[17:16:17.865] [BCN] RX from 0x3 | rank=1 | rssi=-90
[17:16:18.446] ────────────────────────────────────────────────────
[17:16:18.451] RX_MESH | src=0x4 | seq=124 | hops=0 | rssi=-94
[17:16:18.454] LATENCY | src=0x4 | send_ts=1775207777 | recv_ts=1775207779 | one-way ~2466 ms
[17:16:18.549] ACK | to=0x4 | seq=124
[17:16:18.559] AGG | Added to buffer | count=1/7
[17:16:18.570] ────────────────────────────────────────────────────
[17:16:19.125] ────────────────────────────────────────────────────
[17:16:19.130] RX_MESH | src=0x3 | seq=48 | hops=0 | rssi=-89
[17:16:19.133] LATENCY | src=0x3 | send_ts=1775207778 | recv_ts=1775207780 | one-way ~2145 ms
[17:16:19.225] ACK | to=0x3 | seq=48
[17:16:19.235] AGG | Added to buffer | count=2/7
[17:16:19.246] ────────────────────────────────────────────────────
[17:16:20.177] ────────────────────────────────────────────────────
[17:16:20.182] RX_MESH | src=0x3 | seq=49 | hops=0 | rssi=-89
[17:16:20.185] LATENCY | src=0x3 | send_ts=1775207780 | recv_ts=1775207781 | one-way ~1197 ms
[17:16:20.211] LBT | Channel busy, attempt 1/3, backing off 132 ms
[17:16:20.398] ACK | to=0x3 | seq=49
[17:16:20.408] AGG | Added to buffer | count=3/7
[17:16:20.419] ────────────────────────────────────────────────────
[17:16:21.965] ────────────────────────────────────────────────────
[17:16:21.970] RX_MESH | src=0x4 | seq=125 | hops=0 | rssi=-95
[17:16:21.973] LATENCY | src=0x4 | send_ts=1775207779 | recv_ts=1775207782 | one-way ~3985 ms
[17:16:22.058] ACK | to=0x4 | seq=125
[17:16:22.068] AGG | Added to buffer | count=4/7
[17:16:22.079] ────────────────────────────────────────────────────
[17:16:23.050] ────────────────────────────────────────────────────
[17:16:23.055] RX_MESH | src=0x3 | seq=50 | hops=0 | rssi=-88
[17:16:23.058] LATENCY | src=0x3 | send_ts=1775207782 | recv_ts=1775207784 | one-way ~2070 ms
[17:16:23.138] ACK | to=0x3 | seq=50
[17:16:23.148] AGG | Added to buffer | count=5/7
[17:16:23.159] ────────────────────────────────────────────────────
[17:16:24.040] ────────────────────────────────────────────────────
[17:16:24.046] RX_MESH | src=0x4 | seq=126 | hops=0 | rssi=-95
[17:16:24.049] LATENCY | src=0x4 | send_ts=1775207782 | recv_ts=1775207785 | one-way ~3060 ms
[17:16:24.125] ACK | to=0x4 | seq=126
[17:16:24.135] AGG | Added to buffer | count=6/7
[17:16:24.146] ────────────────────────────────────────────────────
[17:16:24.556] ────────────────────────────────────────────────────
[17:16:24.561] RX_MESH | src=0x4 | seq=127 | hops=0 | rssi=-95
[17:16:24.564] LATENCY | src=0x4 | send_ts=1775207784 | recv_ts=1775207785 | one-way ~1576 ms
[17:16:24.664] ACK | to=0x4 | seq=127
[17:16:24.673] AGG | Added to buffer | count=7/7
[17:16:24.689] ────────────────────────────────────────────────────
[17:16:24.689] 
[17:16:24.690] [FLUSH] Trigger detected, switching to LoRaWAN mode
[17:16:24.692] 
[17:16:24.705] ════════════════════════════════════════════════════
[17:16:24.706] FLUSH | records=7 | bytes=136
[17:16:31.182] UPLINK | OK | TTN received
[17:16:31.183] Total uplinks sent: 36
[17:16:31.194] ════════════════════════════════════════════════════
[17:16:31.195] 
[17:16:31.227] [RADIO] Switched back to MESH_LISTEN mode
[17:16:31.290] [BCN] TX | rank=0 | queue=0%
[17:16:31.306] [DROP] Packet too short (0 bytes)
[17:16:31.824] [BCN] RX from 0x4 | rank=1 | rssi=-95
[17:16:32.682] ────────────────────────────────────────────────────
[17:16:32.687] RX_MESH | src=0x3 | seq=52 | hops=0 | rssi=-89
[17:16:32.690] LATENCY | src=0x3 | send_ts=1775207790 | recv_ts=1775207793 | one-way ~3702 ms
[17:16:32.779] ACK | to=0x3 | seq=52
[17:16:32.788] AGG | Added to buffer | count=1/7
[17:16:32.799] ────────────────────────────────────────────────────
[17:16:33.490] ────────────────────────────────────────────────────
[17:16:33.496] RX_MESH | src=0x4 | seq=129 | hops=0 | rssi=-95
[17:16:33.498] LATENCY | src=0x4 | send_ts=1775207792 | recv_ts=1775207794 | one-way ~2510 ms
[17:16:33.587] ACK | to=0x4 | seq=129
[17:16:33.597] AGG | Added to buffer | count=2/7
[17:16:33.608] ────────────────────────────────────────────────────
[17:16:34.606] ────────────────────────────────────────────────────
[17:16:34.611] RX_MESH | src=0x4 | seq=130 | hops=0 | rssi=-95
[17:16:34.614] LATENCY | src=0x4 | send_ts=1775207794 | recv_ts=1775207795 | one-way ~1626 ms
[17:16:34.708] ACK | to=0x4 | seq=130
[17:16:34.717] AGG | Added to buffer | count=3/7
[17:16:34.728] ────────────────────────────────────────────────────
[17:16:34.878] ────────────────────────────────────────────────────
[17:16:34.883] RX_MESH | src=0x3 | seq=53 | hops=0 | rssi=-89
[17:16:34.886] LATENCY | src=0x3 | send_ts=1775207792 | recv_ts=1775207795 | one-way ~3898 ms
[17:16:34.965] ACK | to=0x3 | seq=53
[17:16:34.974] AGG | Added to buffer | count=4/7
[17:16:34.985] ────────────────────────────────────────────────────
[17:16:36.303] ────────────────────────────────────────────────────
[17:16:36.308] RX_MESH | src=0x4 | seq=131 | hops=0 | rssi=-95
[17:16:36.311] LATENCY | src=0x4 | send_ts=1775207796 | recv_ts=1775207797 | one-way ~1323 ms
[17:16:36.399] ACK | to=0x4 | seq=131
[17:16:36.408] AGG | Added to buffer | count=5/7
[17:16:36.419] ────────────────────────────────────────────────────
[17:16:36.924] ────────────────────────────────────────────────────
[17:16:36.929] RX_MESH | src=0x3 | seq=54 | hops=0 | rssi=-88
[17:16:36.932] LATENCY | src=0x3 | send_ts=1775207795 | recv_ts=1775207797 | one-way ~2944 ms
[17:16:37.013] ACK | to=0x3 | seq=54
[17:16:37.022] AGG | Added to buffer | count=6/7
[17:16:37.033] ────────────────────────────────────────────────────
[17:16:38.200] ────────────────────────────────────────────────────
[17:16:38.205] RX_MESH | src=0x3 | seq=55 | hops=0 | rssi=-88
[17:16:38.208] LATENCY | src=0x3 | send_ts=1775207797 | recv_ts=1775207799 | one-way ~2220 ms
[17:16:38.276] ACK | to=0x3 | seq=55
[17:16:38.285] AGG | Added to buffer | count=7/7
[17:16:38.301] ────────────────────────────────────────────────────
[17:16:38.301] 
[17:16:38.303] [FLUSH] Trigger detected, switching to LoRaWAN mode
[17:16:38.303] 
[17:16:38.317] ════════════════════════════════════════════════════
[17:16:38.318] FLUSH | records=7 | bytes=136
[17:16:44.793] UPLINK | OK | TTN received
[17:16:44.794] Total uplinks sent: 37
[17:16:44.806] ════════════════════════════════════════════════════
[17:16:44.807] 
[17:16:44.839] [RADIO] Switched back to MESH_LISTEN mode
[17:16:44.902] [BCN] TX | rank=0 | queue=0%
[17:16:44.918] [DROP] Packet too short (0 bytes)
[17:16:45.987] ────────────────────────────────────────────────────
[17:16:45.992] RX_MESH | src=0x4 | seq=133 | hops=0 | rssi=-95
[17:16:45.995] LATENCY | src=0x4 | send_ts=1775207804 | recv_ts=1775207806 | one-way ~2007 ms
[17:16:46.066] ACK | to=0x4 | seq=133
[17:16:46.075] AGG | Added to buffer | count=1/7
[17:16:46.086] ────────────────────────────────────────────────────
[17:16:46.288] ────────────────────────────────────────────────────
[17:16:46.293] RX_MESH | src=0x3 | seq=56 | hops=0 | rssi=-88
[17:16:46.296] LATENCY | src=0x3 | send_ts=1775207803 | recv_ts=1775207807 | one-way ~4308 ms
[17:16:46.395] ACK | to=0x3 | seq=56
[17:16:46.404] AGG | Added to buffer | count=2/7
[17:16:46.415] ────────────────────────────────────────────────────
[17:16:46.732] ────────────────────────────────────────────────────
[17:16:46.737] RX_MESH | src=0x4 | seq=134 | hops=0 | rssi=-95
[17:16:46.740] LATENCY | src=0x4 | send_ts=1775207806 | recv_ts=1775207807 | one-way ~1752 ms
[17:16:46.822] ACK | to=0x4 | seq=134
[17:16:46.831] AGG | Added to buffer | count=3/7
[17:16:46.842] ────────────────────────────────────────────────────
[17:16:48.055] [DROP] Duplicate | src=0x3 seq=56
[17:16:48.147] ACK | to=0x3 | seq=56
[17:16:48.302] ────────────────────────────────────────────────────
[17:16:48.307] RX_MESH | src=0x3 | seq=57 | hops=0 | rssi=-88
[17:16:48.310] LATENCY | src=0x3 | send_ts=1775207808 | recv_ts=1775207809 | one-way ~1322 ms
[17:16:48.397] ACK | to=0x3 | seq=57
[17:16:48.406] AGG | Added to buffer | count=4/7
[17:16:48.417] ────────────────────────────────────────────────────
[17:16:49.705] ────────────────────────────────────────────────────
[17:16:49.710] RX_MESH | src=0x4 | seq=135 | hops=0 | rssi=-95
[17:16:49.714] LATENCY | src=0x4 | send_ts=1775207808 | recv_ts=1775207810 | one-way ~2725 ms
[17:16:49.792] ACK | to=0x4 | seq=135
[17:16:49.801] AGG | Added to buffer | count=5/7
[17:16:49.812] ────────────────────────────────────────────────────
[17:16:51.437] ────────────────────────────────────────────────────
[17:16:51.442] RX_MESH | src=0x3 | seq=58 | hops=0 | rssi=-87
[17:16:51.445] LATENCY | src=0x3 | send_ts=1775207810 | recv_ts=1775207812 | one-way ~2457 ms
[17:16:51.524] ACK | to=0x3 | seq=58
[17:16:51.533] AGG | Added to buffer | count=6/7
[17:16:51.544] ────────────────────────────────────────────────────
[17:16:52.080] ────────────────────────────────────────────────────
[17:16:52.085] RX_MESH | src=0x4 | seq=136 | hops=0 | rssi=-95
[17:16:52.088] LATENCY | src=0x4 | send_ts=1775207810 | recv_ts=1775207813 | one-way ~3100 ms
[17:16:52.175] ACK | to=0x4 | seq=136
[17:16:52.184] AGG | Added to buffer | count=7/7
[17:16:52.200] ────────────────────────────────────────────────────
[17:16:52.201] 
[17:16:52.202] [FLUSH] Trigger detected, switching to LoRaWAN mode
[17:16:52.202] 
[17:16:52.217] ════════════════════════════════════════════════════
[17:16:52.218] FLUSH | records=7 | bytes=136
[17:16:58.693] UPLINK | OK | TTN received
[17:16:58.694] Total uplinks sent: 38
[17:16:58.706] ════════════════════════════════════════════════════
[17:16:58.706] 
[17:16:58.738] [RADIO] Switched back to MESH_LISTEN mode
[17:16:58.801] [BCN] TX | rank=0 | queue=0%
[17:16:58.817] [DROP] Packet too short (0 bytes)
[17:16:59.076] ────────────────────────────────────────────────────
[17:16:59.081] RX_MESH | src=0x4 | seq=138 | hops=0 | rssi=-96
[17:16:59.085] LATENCY | src=0x4 | send_ts=1775207818 | recv_ts=1775207820 | one-way ~2096 ms
[17:16:59.183] ACK | to=0x4 | seq=138
[17:16:59.192] AGG | Added to buffer | count=1/7
[17:16:59.203] ────────────────────────────────────────────────────
[17:17:01.499] ────────────────────────────────────────────────────
[17:17:01.504] RX_MESH | src=0x3 | seq=60 | hops=0 | rssi=-88
[17:17:01.507] LATENCY | src=0x3 | send_ts=1775207818 | recv_ts=1775207822 | one-way ~4519 ms
[17:17:01.600] ACK | to=0x3 | seq=60
[17:17:01.609] AGG | Added to buffer | count=2/7
[17:17:01.620] ────────────────────────────────────────────────────
[17:17:02.215] ────────────────────────────────────────────────────
[17:17:02.220] RX_MESH | src=0x3 | seq=61 | hops=0 | rssi=-88
[17:17:02.223] LATENCY | src=0x3 | send_ts=1775207821 | recv_ts=1775207823 | one-way ~2235 ms
[17:17:02.300] ACK | to=0x3 | seq=61
[17:17:02.309] AGG | Added to buffer | count=3/7
[17:17:02.320] ────────────────────────────────────────────────────
[17:17:03.172] ────────────────────────────────────────────────────
[17:17:03.177] RX_MESH | src=0x4 | seq=139 | hops=0 | rssi=-95
[17:17:03.180] LATENCY | src=0x4 | send_ts=1775207820 | recv_ts=1775207824 | one-way ~4192 ms
[17:17:03.263] ACK | to=0x4 | seq=139
[17:17:03.272] AGG | Added to buffer | count=4/7
[17:17:03.284] ────────────────────────────────────────────────────
[17:17:05.359] ────────────────────────────────────────────────────
[17:17:05.364] RX_MESH | src=0x4 | seq=140 | hops=0 | rssi=-95
[17:17:05.368] LATENCY | src=0x4 | send_ts=1775207823 | recv_ts=1775207826 | one-way ~3379 ms
[17:17:05.444] ACK | to=0x4 | seq=140
[17:17:05.453] AGG | Added to buffer | count=5/7
[17:17:05.464] ────────────────────────────────────────────────────
[17:17:05.582] ────────────────────────────────────────────────────
[17:17:05.587] RX_MESH | src=0x3 | seq=62 | hops=0 | rssi=-88
[17:17:05.590] LATENCY | src=0x3 | send_ts=1775207823 | recv_ts=1775207826 | one-way ~3602 ms
[17:17:05.691] ACK | to=0x3 | seq=62
[17:17:05.700] AGG | Added to buffer | count=6/7
[17:17:05.711] ────────────────────────────────────────────────────
[17:17:06.657] ────────────────────────────────────────────────────
[17:17:06.662] RX_MESH | src=0x3 | seq=63 | hops=0 | rssi=-88
[17:17:06.666] LATENCY | src=0x3 | send_ts=1775207825 | recv_ts=1775207827 | one-way ~2677 ms
[17:17:06.770] ACK | to=0x3 | seq=63
[17:17:06.779] AGG | Added to buffer | count=7/7
[17:17:06.795] ────────────────────────────────────────────────────
[17:17:06.795] 
[17:17:06.796] [FLUSH] Trigger detected, switching to LoRaWAN mode
[17:17:06.797] 
[17:17:06.811] ════════════════════════════════════════════════════
[17:17:06.813] FLUSH | records=7 | bytes=136
[17:17:13.288] UPLINK | OK | TTN received
[17:17:13.289] Total uplinks sent: 39
[17:17:13.300] ════════════════════════════════════════════════════
[17:17:13.308] 
[17:17:13.333] [RADIO] Switched back to MESH_LISTEN mode
[17:17:13.397] [BCN] TX | rank=0 | queue=0%
[17:17:13.412] [DROP] Packet too short (0 bytes)
[17:17:13.691] ────────────────────────────────────────────────────
[17:17:13.696] RX_MESH | src=0x4 | seq=142 | hops=0 | rssi=-95
[17:17:13.700] LATENCY | src=0x4 | send_ts=1775207832 | recv_ts=1775207834 | one-way ~2711 ms
[17:17:13.803] ACK | to=0x4 | seq=142
[17:17:13.812] AGG | Added to buffer | count=1/7
[17:17:13.823] ────────────────────────────────────────────────────
[17:17:14.011] ────────────────────────────────────────────────────
[17:17:14.016] RX_MESH | src=0x3 | seq=64 | hops=0 | rssi=-86
[17:17:14.019] LATENCY | src=0x3 | send_ts=1775207832 | recv_ts=1775207835 | one-way ~3031 ms
[17:17:14.111] ACK | to=0x3 | seq=64
[17:17:14.120] AGG | Added to buffer | count=2/7
[17:17:14.132] ────────────────────────────────────────────────────
[17:17:15.157] ────────────────────────────────────────────────────
[17:17:15.162] RX_MESH | src=0x4 | seq=143 | hops=0 | rssi=-96
[17:17:15.166] LATENCY | src=0x4 | send_ts=1775207834 | recv_ts=1775207836 | one-way ~2177 ms
[17:17:15.224] LBT | Channel busy, attempt 1/3, backing off 113 ms
[17:17:15.393] ACK | to=0x4 | seq=143
[17:17:15.402] AGG | Added to buffer | count=3/7
[17:17:15.414] ────────────────────────────────────────────────────
[17:17:16.952] ────────────────────────────────────────────────────
[17:17:16.957] RX_MESH | src=0x3 | seq=65 | hops=0 | rssi=-83
[17:17:16.960] LATENCY | src=0x3 | send_ts=1775207834 | recv_ts=1775207837 | one-way ~3972 ms
[17:17:17.038] ACK | to=0x3 | seq=65
[17:17:17.047] AGG | Added to buffer | count=4/7
[17:17:17.058] ────────────────────────────────────────────────────
[17:17:17.201] [DROP] Duplicate | src=0x4 seq=143
[17:17:17.298] ACK | to=0x4 | seq=143
[17:17:17.872] ────────────────────────────────────────────────────
[17:17:17.877] RX_MESH | src=0x4 | seq=144 | hops=0 | rssi=-101
[17:17:17.882] LATENCY | src=0x4 | send_ts=1775207837 | recv_ts=1775207838 | one-way ~1892 ms
[17:17:17.981] ACK | to=0x4 | seq=144
[17:17:17.990] AGG | Added to buffer | count=5/7
[17:17:18.002] ────────────────────────────────────────────────────
[17:17:18.133] ────────────────────────────────────────────────────
[17:17:18.138] RX_MESH | src=0x3 | seq=66 | hops=0 | rssi=-87
[17:17:18.141] LATENCY | src=0x3 | send_ts=1775207837 | recv_ts=1775207839 | one-way ~2153 ms
[17:17:18.216] ACK | to=0x3 | seq=66
[17:17:18.225] AGG | Added to buffer | count=6/7
[17:17:18.236] ────────────────────────────────────────────────────
[17:17:20.533] ────────────────────────────────────────────────────
[17:17:20.538] RX_MESH | src=0x4 | seq=145 | hops=0 | rssi=-97
[17:17:20.542] LATENCY | src=0x4 | send_ts=1775207839 | recv_ts=1775207841 | one-way ~2553 ms
[17:17:20.636] ACK | to=0x4 | seq=145
[17:17:20.645] AGG | Added to buffer | count=7/7
[17:17:20.661] ────────────────────────────────────────────────────
[17:17:20.661] 
[17:17:20.663] [FLUSH] Trigger detected, switching to LoRaWAN mode
[17:17:20.663] 
[17:17:20.677] ════════════════════════════════════════════════════
[17:17:20.678] FLUSH | records=7 | bytes=136
[17:17:27.154] UPLINK | OK | TTN received
[17:17:27.155] Total uplinks sent: 40
[17:17:27.167] ════════════════════════════════════════════════════
[17:17:27.167] 
[17:17:27.200] [RADIO] Switched back to MESH_LISTEN mode
[17:17:27.263] [BCN] TX | rank=0 | queue=0%
[17:17:27.278] [DROP] Packet too short (0 bytes)
[17:17:28.227] ────────────────────────────────────────────────────
[17:17:28.232] RX_MESH | src=0x3 | seq=68 | hops=0 | rssi=-85
[17:17:28.236] LATENCY | src=0x3 | send_ts=1775207846 | recv_ts=1775207849 | one-way ~3247 ms
[17:17:28.308] ACK | to=0x3 | seq=68
[17:17:28.317] AGG | Added to buffer | count=1/7
[17:17:28.329] ────────────────────────────────────────────────────
[17:17:28.446] [BCN] RX from 0x4 | rank=1 | rssi=-95
[17:17:29.931] ────────────────────────────────────────────────────
[17:17:29.936] RX_MESH | src=0x3 | seq=69 | hops=0 | rssi=-86
[17:17:29.940] LATENCY | src=0x3 | send_ts=1775207848 | recv_ts=1775207850 | one-way ~2951 ms
[17:17:30.000] LBT | Channel busy, attempt 1/3, backing off 147 ms
[17:17:30.202] ACK | to=0x3 | seq=69
[17:17:30.211] AGG | Added to buffer | count=2/7
[17:17:30.223] ────────────────────────────────────────────────────
[17:17:31.579] ────────────────────────────────────────────────────
[17:17:31.584] RX_MESH | src=0x3 | seq=70 | hops=0 | rssi=-85
[17:17:31.588] LATENCY | src=0x3 | send_ts=1775207850 | recv_ts=1775207852 | one-way ~2599 ms
[17:17:31.689] ACK | to=0x3 | seq=70
[17:17:31.698] AGG | Added to buffer | count=3/7
[17:17:31.710] ────────────────────────────────────────────────────
[17:17:31.899] ────────────────────────────────────────────────────
[17:17:31.905] RX_MESH | src=0x4 | seq=147 | hops=0 | rssi=-95
[17:17:31.908] LATENCY | src=0x4 | send_ts=1775207848 | recv_ts=1775207852 | one-way ~4919 ms
[17:17:31.997] ACK | to=0x4 | seq=147
[17:17:32.006] AGG | Added to buffer | count=4/7
[17:17:32.018] ────────────────────────────────────────────────────
[17:17:33.302] ────────────────────────────────────────────────────
[17:17:33.307] RX_MESH | src=0x4 | seq=148 | hops=0 | rssi=-96
[17:17:33.311] LATENCY | src=0x4 | send_ts=1775207852 | recv_ts=1775207854 | one-way ~2322 ms
[17:17:33.395] ACK | to=0x4 | seq=148
[17:17:33.404] AGG | Added to buffer | count=5/7
[17:17:33.416] ────────────────────────────────────────────────────
[17:17:34.231] ────────────────────────────────────────────────────
[17:17:34.236] RX_MESH | src=0x4 | seq=149 | hops=0 | rssi=-97
[17:17:34.240] LATENCY | src=0x4 | send_ts=1775207854 | recv_ts=1775207855 | one-way ~1251 ms
[17:17:34.311] ACK | to=0x4 | seq=149
[17:17:34.320] AGG | Added to buffer | count=6/7
[17:17:34.332] ────────────────────────────────────────────────────
[17:17:34.509] ────────────────────────────────────────────────────
[17:17:34.514] RX_MESH | src=0x3 | seq=71 | hops=0 | rssi=-85
[17:17:34.518] LATENCY | src=0x3 | send_ts=1775207852 | recv_ts=1775207855 | one-way ~3529 ms
[17:17:34.599] ACK | to=0x3 | seq=71
[17:17:34.608] AGG | Added to buffer | count=7/7
[17:17:34.624] ────────────────────────────────────────────────────
[17:17:34.624] 
[17:17:34.625] [FLUSH] Trigger detected, switching to LoRaWAN mode
[17:17:34.626] 
[17:17:34.640] ════════════════════════════════════════════════════
[17:17:34.641] FLUSH | records=7 | bytes=136
[17:17:41.117] UPLINK | OK | TTN received
[17:17:41.118] Total uplinks sent: 41
[17:17:41.129] ════════════════════════════════════════════════════
[17:17:41.130] 
[17:17:41.162] [RADIO] Switched back to MESH_LISTEN mode
[17:17:41.226] [BCN] TX | rank=0 | queue=0%
[17:17:41.241] [DROP] Packet too short (0 bytes)
[17:17:42.968] [BCN] RX from 0x4 | rank=1 | rssi=-102
[17:17:43.967] [BCN] RX from 0x3 | rank=2 | rssi=-88
[17:17:44.776] ────────────────────────────────────────────────────
[17:17:44.782] RX_MESH | src=0x4 | seq=151 | hops=0 | rssi=-98
[17:17:44.785] LATENCY | src=0x4 | send_ts=1775207863 | recv_ts=1775207865 | one-way ~2796 ms
[17:17:44.882] ACK | to=0x4 | seq=151
[17:17:44.891] AGG | Added to buffer | count=1/7
[17:17:44.903] ────────────────────────────────────────────────────
[17:17:45.365] ────────────────────────────────────────────────────
[17:17:45.370] RX_MESH | src=0x4 | seq=152 | hops=0 | rssi=-99
[17:17:45.373] LATENCY | src=0x4 | send_ts=1775207865 | recv_ts=1775207866 | one-way ~1384 ms
[17:17:45.471] ACK | to=0x4 | seq=152
[17:17:45.481] AGG | Added to buffer | count=2/7
[17:17:45.492] ────────────────────────────────────────────────────
[17:17:48.145] [BCN] RX from 0x3 | rank=2 | rssi=-86
[17:17:48.657] ────────────────────────────────────────────────────
[17:17:48.662] RX_MESH | src=0x4 | seq=153 | hops=0 | rssi=-97
[17:17:48.665] LATENCY | src=0x4 | send_ts=1775207867 | recv_ts=1775207869 | one-way ~2676 ms
[17:17:48.731] ACK | to=0x4 | seq=153
[17:17:48.740] AGG | Added to buffer | count=3/7
[17:17:48.752] ────────────────────────────────────────────────────
[17:17:49.219] ────────────────────────────────────────────────────
[17:17:49.225] RX_MESH | src=0x4 | seq=154 | hops=0 | rssi=-100
[17:17:49.228] LATENCY | src=0x4 | send_ts=1775207869 | recv_ts=1775207870 | one-way ~1239 ms
[17:17:49.300] ACK | to=0x4 | seq=154
[17:17:49.309] AGG | Added to buffer | count=4/7
[17:17:49.321] ────────────────────────────────────────────────────
[17:17:51.291] [BCN] TX | rank=0 | queue=57%
[17:17:51.412] [BCN] RX from 0x3 | rank=1 | rssi=-85
[17:17:52.151] ────────────────────────────────────────────────────
[17:17:52.157] RX_MESH | src=0x4 | seq=155 | hops=0 | rssi=-101
[17:17:52.161] LATENCY | src=0x4 | send_ts=1775207871 | recv_ts=1775207873 | one-way ~2171 ms
[17:17:52.226] ACK | to=0x4 | seq=155
[17:17:52.235] AGG | Added to buffer | count=5/7
[17:17:52.248] ────────────────────────────────────────────────────
[17:17:52.967] [BCN] RX from 0x4 | rank=1 | rssi=-96
[17:17:53.435] ────────────────────────────────────────────────────
[17:17:53.440] RX_MESH | src=0x3 | seq=73 | hops=0 | rssi=-86
[17:17:53.443] LATENCY | src=0x3 | send_ts=1775207871 | recv_ts=1775207874 | one-way ~3454 ms
[17:17:53.548] ACK | to=0x3 | seq=73
[17:17:53.557] AGG | Added to buffer | count=6/7
[17:17:53.569] ────────────────────────────────────────────────────
[17:17:54.007] ────────────────────────────────────────────────────
[17:17:54.013] RX_MESH | src=0x4 | seq=156 | hops=0 | rssi=-96
[17:17:54.016] LATENCY | src=0x4 | send_ts=1775207873 | recv_ts=1775207875 | one-way ~2027 ms
[17:17:54.114] ACK | to=0x4 | seq=156
[17:17:54.123] AGG | Added to buffer | count=7/7
[17:17:54.139] ────────────────────────────────────────────────────
[17:17:54.139] 
[17:17:54.141] [FLUSH] Trigger detected, switching to LoRaWAN mode
[17:17:54.142] 
[17:17:54.155] ════════════════════════════════════════════════════
[17:17:54.156] FLUSH | records=7 | bytes=136
[17:18:00.632] UPLINK | OK | TTN received
[17:18:00.633] Total uplinks sent: 42
[17:18:00.645] ════════════════════════════════════════════════════
[17:18:00.645] 
[17:18:00.677] [RADIO] Switched back to MESH_LISTEN mode
[17:18:00.924] ────────────────────────────────────────────────────
[17:18:00.930] RX_MESH | src=0x3 | seq=75 | hops=0 | rssi=-85
[17:18:00.933] LATENCY | src=0x3 | send_ts=1775207880 | recv_ts=1775207881 | one-way ~1944 ms
[17:18:01.019] ACK | to=0x3 | seq=75
[17:18:01.028] AGG | Added to buffer | count=1/7
[17:18:01.040] ────────────────────────────────────────────────────
[17:18:01.356] [BCN] TX | rank=0 | queue=14%
[17:18:02.587] ────────────────────────────────────────────────────
[17:18:02.593] RX_MESH | src=0x3 | seq=76 | hops=0 | rssi=-87
[17:18:02.596] LATENCY | src=0x3 | send_ts=1775207882 | recv_ts=1775207883 | one-way ~1607 ms
[17:18:02.670] ACK | to=0x3 | seq=76
[17:18:02.680] AGG | Added to buffer | count=2/7
[17:18:02.691] ────────────────────────────────────────────────────
[17:18:03.120] ────────────────────────────────────────────────────
[17:18:03.126] RX_MESH | src=0x4 | seq=158 | hops=0 | rssi=-98
[17:18:03.129] LATENCY | src=0x4 | send_ts=1775207881 | recv_ts=1775207884 | one-way ~3140 ms
[17:18:03.223] ACK | to=0x4 | seq=158
[17:18:03.232] AGG | Added to buffer | count=3/7
[17:18:03.244] ────────────────────────────────────────────────────
[17:18:03.305] [BCN] RX from 0x4 | rank=1 | rssi=-98
[17:18:03.673] ────────────────────────────────────────────────────
[17:18:03.678] RX_MESH | src=0x4 | seq=159 | hops=0 | rssi=-96
[17:18:03.681] LATENCY | src=0x4 | send_ts=1775207883 | recv_ts=1775207884 | one-way ~1692 ms
[17:18:03.762] ACK | to=0x4 | seq=159
[17:18:03.771] AGG | Added to buffer | count=4/7
[17:18:03.783] ────────────────────────────────────────────────────
[17:18:04.334] ────────────────────────────────────────────────────
[17:18:04.339] RX_MESH | src=0x3 | seq=77 | hops=0 | rssi=-87
[17:18:04.342] LATENCY | src=0x3 | send_ts=1775207884 | recv_ts=1775207885 | one-way ~1353 ms
[17:18:04.417] ACK | to=0x3 | seq=77
[17:18:04.426] AGG | Added to buffer | count=5/7
[17:18:04.438] ────────────────────────────────────────────────────
[17:18:06.511] ────────────────────────────────────────────────────
[17:18:06.517] RX_MESH | src=0x3 | seq=78 | hops=0 | rssi=-86
[17:18:06.520] LATENCY | src=0x3 | send_ts=1775207886 | recv_ts=1775207887 | one-way ~1531 ms
[17:18:06.604] ACK | to=0x3 | seq=78
[17:18:06.613] AGG | Added to buffer | count=6/7
[17:18:06.625] ────────────────────────────────────────────────────
[17:18:06.760] ────────────────────────────────────────────────────
[17:18:06.766] RX_MESH | src=0x4 | seq=160 | hops=0 | rssi=-98
[17:18:06.769] LATENCY | src=0x4 | send_ts=1775207885 | recv_ts=1775207887 | one-way ~2780 ms
[17:18:06.872] ACK | to=0x4 | seq=160
[17:18:06.882] AGG | Added to buffer | count=7/7
[17:18:06.897] ────────────────────────────────────────────────────
[17:18:06.898] 
[17:18:06.899] [FLUSH] Trigger detected, switching to LoRaWAN mode
[17:18:06.899] 
[17:18:06.914] ════════════════════════════════════════════════════
[17:18:06.915] FLUSH | records=7 | bytes=136
[17:18:13.390] UPLINK | OK | TTN received
[17:18:13.391] Total uplinks sent: 43
[17:18:13.403] ════════════════════════════════════════════════════
[17:18:13.403] 
[17:18:13.436] [RADIO] Switched back to MESH_LISTEN mode
[17:18:13.499] [BCN] TX | rank=0 | queue=0%
[17:18:13.515] [DROP] Packet too short (0 bytes)
[17:18:13.703] [BCN] RX from 0x3 | rank=1 | rssi=-86
[17:18:14.293] ────────────────────────────────────────────────────
[17:18:14.298] RX_MESH | src=0x3 | seq=80 | hops=0 | rssi=-86
[17:18:14.301] LATENCY | src=0x3 | send_ts=1775207893 | recv_ts=1775207895 | one-way ~2312 ms
[17:18:14.375] ACK | to=0x3 | seq=80
[17:18:14.384] AGG | Added to buffer | count=1/7
[17:18:14.396] ────────────────────────────────────────────────────
[17:18:14.621] [BCN] RX from 0x4 | rank=1 | rssi=-96
[17:18:16.388] ────────────────────────────────────────────────────
[17:18:16.394] RX_MESH | src=0x4 | seq=162 | hops=0 | rssi=-96
[17:18:16.397] LATENCY | src=0x4 | send_ts=1775207895 | recv_ts=1775207897 | one-way ~2408 ms
[17:18:16.475] ACK | to=0x4 | seq=162
[17:18:16.484] AGG | Added to buffer | count=2/7
[17:18:16.496] ────────────────────────────────────────────────────
[17:18:17.026] ────────────────────────────────────────────────────
[17:18:17.032] RX_MESH | src=0x3 | seq=81 | hops=0 | rssi=-87
[17:18:17.035] LATENCY | src=0x3 | send_ts=1775207895 | recv_ts=1775207898 | one-way ~3046 ms
[17:18:17.109] ACK | to=0x3 | seq=81
[17:18:17.118] AGG | Added to buffer | count=3/7
[17:18:17.130] ────────────────────────────────────────────────────
[17:18:17.654] ────────────────────────────────────────────────────
[17:18:17.659] RX_MESH | src=0x4 | seq=163 | hops=0 | rssi=-95
[17:18:17.663] LATENCY | src=0x4 | send_ts=1775207897 | recv_ts=1775207898 | one-way ~1673 ms
[17:18:17.756] ACK | to=0x4 | seq=163
[17:18:17.766] AGG | Added to buffer | count=4/7
[17:18:17.777] ────────────────────────────────────────────────────
[17:18:18.660] ────────────────────────────────────────────────────
[17:18:18.665] RX_MESH | src=0x3 | seq=82 | hops=0 | rssi=-86
[17:18:18.668] LATENCY | src=0x3 | send_ts=1775207897 | recv_ts=1775207899 | one-way ~2679 ms
[17:18:18.756] ACK | to=0x3 | seq=82
[17:18:18.765] AGG | Added to buffer | count=5/7
[17:18:18.776] ────────────────────────────────────────────────────
[17:18:19.371] ────────────────────────────────────────────────────
[17:18:19.377] RX_MESH | src=0x4 | seq=164 | hops=0 | rssi=-95
[17:18:19.380] LATENCY | src=0x4 | send_ts=1775207899 | recv_ts=1775207900 | one-way ~1391 ms
[17:18:19.448] ACK | to=0x4 | seq=164
[17:18:19.456] AGG | Added to buffer | count=6/7
[17:18:19.468] ────────────────────────────────────────────────────
[17:18:20.620] ────────────────────────────────────────────────────
[17:18:20.626] RX_MESH | src=0x3 | seq=83 | hops=0 | rssi=-85
[17:18:20.629] LATENCY | src=0x3 | send_ts=1775207899 | recv_ts=1775207901 | one-way ~2640 ms
[17:18:20.728] ACK | to=0x3 | seq=83
[17:18:20.737] AGG | Added to buffer | count=7/7
[17:18:20.753] ────────────────────────────────────────────────────
[17:18:20.754] 
[17:18:20.755] [FLUSH] Trigger detected, switching to LoRaWAN mode
[17:18:20.756] 
[17:18:20.770] ════════════════════════════════════════════════════
[17:18:20.771] FLUSH | records=7 | bytes=136
[17:18:27.246] UPLINK | OK | TTN received
[17:18:27.248] Total uplinks sent: 44
[17:18:27.259] ════════════════════════════════════════════════════
[17:18:27.259] 
[17:18:27.292] [RADIO] Switched back to MESH_LISTEN mode
[17:18:27.355] [BCN] TX | rank=0 | queue=0%
[17:18:27.370] [DROP] Packet too short (0 bytes)
[17:18:27.569] [BCN] RX from 0x4 | rank=1 | rssi=-103
[17:18:27.870] ────────────────────────────────────────────────────
[17:18:27.876] RX_MESH | src=0x4 | seq=166 | hops=0 | rssi=-102
[17:18:27.879] LATENCY | src=0x4 | send_ts=1775207908 | recv_ts=1775207908 | one-way ~890 ms
[17:18:27.900] LBT | Channel busy, attempt 1/3, backing off 107 ms
[17:18:28.062] ACK | to=0x4 | seq=166
[17:18:28.071] AGG | Added to buffer | count=1/7
[17:18:28.083] ────────────────────────────────────────────────────
[17:18:28.469] ────────────────────────────────────────────────────
[17:18:28.475] RX_MESH | src=0x3 | seq=85 | hops=0 | rssi=-87
[17:18:28.478] LATENCY | src=0x3 | send_ts=1775207908 | recv_ts=1775207909 | one-way ~1489 ms
[17:18:28.566] ACK | to=0x3 | seq=85
[17:18:28.575] AGG | Added to buffer | count=2/7
[17:18:28.587] ────────────────────────────────────────────────────
[17:18:30.000] ────────────────────────────────────────────────────
[17:18:30.006] RX_MESH | src=0x4 | seq=167 | hops=0 | rssi=-97
[17:18:30.009] LATENCY | src=0x4 | send_ts=1775207910 | recv_ts=1775207911 | one-way ~1020 ms
[17:18:30.079] ACK | to=0x4 | seq=167
[17:18:30.088] AGG | Added to buffer | count=3/7
[17:18:30.100] ────────────────────────────────────────────────────
[17:18:31.467] ────────────────────────────────────────────────────
[17:18:31.472] RX_MESH | src=0x3 | seq=86 | hops=0 | rssi=-86
[17:18:31.475] LATENCY | src=0x3 | send_ts=1775207910 | recv_ts=1775207912 | one-way ~2486 ms
[17:18:31.545] ACK | to=0x3 | seq=86
[17:18:31.555] AGG | Added to buffer | count=4/7
[17:18:31.566] ────────────────────────────────────────────────────
[17:18:32.581] ────────────────────────────────────────────────────
[17:18:32.586] RX_MESH | src=0x4 | seq=168 | hops=0 | rssi=-96
[17:18:32.589] LATENCY | src=0x4 | send_ts=1775207912 | recv_ts=1775207913 | one-way ~1600 ms
[17:18:32.691] ACK | to=0x4 | seq=168
[17:18:32.700] AGG | Added to buffer | count=5/7
[17:18:32.712] ────────────────────────────────────────────────────
[17:18:32.948] ────────────────────────────────────────────────────
[17:18:32.953] RX_MESH | src=0x3 | seq=87 | hops=0 | rssi=-85
[17:18:32.956] LATENCY | src=0x3 | send_ts=1775207912 | recv_ts=1775207913 | one-way ~1967 ms
[17:18:33.028] ACK | to=0x3 | seq=87
[17:18:33.037] AGG | Added to buffer | count=6/7
[17:18:33.049] ────────────────────────────────────────────────────
[17:18:33.727] ────────────────────────────────────────────────────
[17:18:33.732] RX_MESH | src=0x4 | seq=169 | hops=0 | rssi=-95
[17:18:33.735] LATENCY | src=0x4 | send_ts=1775207914 | recv_ts=1775207914 | one-way ~746 ms
[17:18:33.811] ACK | to=0x4 | seq=169
[17:18:33.820] AGG | Added to buffer | count=7/7
[17:18:33.836] ────────────────────────────────────────────────────
[17:18:33.837] 
[17:18:33.838] [FLUSH] Trigger detected, switching to LoRaWAN mode
[17:18:33.839] 
[17:18:33.853] ════════════════════════════════════════════════════
[17:18:33.854] FLUSH | records=7 | bytes=136
[17:18:40.330] UPLINK | OK | TTN received
[17:18:40.332] Total uplinks sent: 45
[17:18:40.342] ════════════════════════════════════════════════════
[17:18:40.343] 
[17:18:40.375] [RADIO] Switched back to MESH_LISTEN mode
[17:18:40.438] [BCN] TX | rank=0 | queue=0%
[17:18:40.453] [DROP] Packet too short (0 bytes)
[17:18:40.668] [BCN] RX from 0x3 | rank=1 | rssi=-86
[17:18:41.939] [BCN] RX from 0x4 | rank=1 | rssi=-98
[17:18:42.137] ────────────────────────────────────────────────────
[17:18:42.142] RX_MESH | src=0x3 | seq=89 | hops=0 | rssi=-86
[17:18:42.145] LATENCY | src=0x3 | send_ts=1775207920 | recv_ts=1775207923 | one-way ~3156 ms
[17:18:42.230] ACK | to=0x3 | seq=89
[17:18:42.240] AGG | Added to buffer | count=1/7
[17:18:42.251] ────────────────────────────────────────────────────
[17:18:43.336] ────────────────────────────────────────────────────
[17:18:43.341] RX_MESH | src=0x4 | seq=171 | hops=0 | rssi=-96
[17:18:43.344] LATENCY | src=0x4 | send_ts=1775207922 | recv_ts=1775207924 | one-way ~2355 ms
[17:18:43.442] ACK | to=0x4 | seq=171
[17:18:43.451] AGG | Added to buffer | count=2/7
[17:18:43.463] ────────────────────────────────────────────────────
[17:18:44.229] ────────────────────────────────────────────────────
[17:18:44.234] RX_MESH | src=0x3 | seq=90 | hops=0 | rssi=-89
[17:18:44.237] LATENCY | src=0x3 | send_ts=1775207922 | recv_ts=1775207925 | one-way ~3248 ms
[17:18:44.313] ACK | to=0x3 | seq=90
[17:18:44.322] AGG | Added to buffer | count=3/7
[17:18:44.334] ────────────────────────────────────────────────────
[17:18:44.446] ────────────────────────────────────────────────────
[17:18:44.451] RX_MESH | src=0x4 | seq=172 | hops=0 | rssi=-97
[17:18:44.454] LATENCY | src=0x4 | send_ts=1775207924 | recv_ts=1775207925 | one-way ~1465 ms
[17:18:44.547] ACK | to=0x4 | seq=172
[17:18:44.556] AGG | Added to buffer | count=4/7
[17:18:44.568] ────────────────────────────────────────────────────
[17:18:47.565] ────────────────────────────────────────────────────
[17:18:47.570] RX_MESH | src=0x4 | seq=173 | hops=0 | rssi=-94
[17:18:47.575] LATENCY | src=0x4 | send_ts=1775207926 | recv_ts=1775207928 | one-way ~2584 ms
[17:18:47.630] LBT | Channel busy, attempt 1/3, backing off 129 ms
[17:18:47.814] ACK | to=0x4 | seq=173
[17:18:47.823] AGG | Added to buffer | count=5/7
[17:18:47.834] ────────────────────────────────────────────────────
[17:18:49.272] ────────────────────────────────────────────────────
[17:18:49.277] RX_MESH | src=0x4 | seq=174 | hops=0 | rssi=-95
[17:18:49.280] LATENCY | src=0x4 | send_ts=1775207928 | recv_ts=1775207930 | one-way ~2291 ms
[17:18:49.353] ACK | to=0x4 | seq=174
[17:18:49.363] AGG | Added to buffer | count=6/7
[17:18:49.374] ────────────────────────────────────────────────────
[17:18:50.502] [BCN] TX | rank=0 | queue=85%
[17:18:51.398] ────────────────────────────────────────────────────
[17:18:51.403] RX_MESH | src=0x4 | seq=175 | hops=0 | rssi=-96
[17:18:51.406] LATENCY | src=0x4 | send_ts=1775207930 | recv_ts=1775207932 | one-way ~2417 ms
[17:18:51.498] ACK | to=0x4 | seq=175
[17:18:51.508] AGG | Added to buffer | count=7/7
[17:18:51.524] ────────────────────────────────────────────────────
[17:18:51.524] 
[17:18:51.525] [FLUSH] Trigger detected, switching to LoRaWAN mode
[17:18:51.525] 
[17:18:51.540] ════════════════════════════════════════════════════
[17:18:51.541] FLUSH | records=7 | bytes=136
[17:18:58.017] UPLINK | OK | TTN received
[17:18:58.018] Total uplinks sent: 46
[17:18:58.029] ════════════════════════════════════════════════════
[17:18:58.030] 
[17:18:58.062] [RADIO] Switched back to MESH_LISTEN mode
[17:19:00.489] ────────────────────────────────────────────────────
[17:19:00.494] RX_MESH | src=0x4 | seq=177 | hops=0 | rssi=-94
[17:19:00.498] LATENCY | src=0x4 | send_ts=1775207939 | recv_ts=1775207941 | one-way ~2508 ms
[17:19:00.572] ACK | to=0x4 | seq=177
[17:19:00.581] AGG | Added to buffer | count=1/7
[17:19:00.592] ────────────────────────────────────────────────────
[17:19:00.651] [BCN] TX | rank=0 | queue=14%
[17:19:00.772] [BCN] RX from 0x3 | rank=1 | rssi=-87
[17:19:01.476] ────────────────────────────────────────────────────
[17:19:01.481] RX_MESH | src=0x4 | seq=178 | hops=0 | rssi=-95
[17:19:01.484] LATENCY | src=0x4 | send_ts=1775207941 | recv_ts=1775207942 | one-way ~1495 ms
[17:19:01.578] ACK | to=0x4 | seq=178
[17:19:01.588] AGG | Added to buffer | count=2/7
[17:19:01.599] ────────────────────────────────────────────────────
[17:19:01.938] [BCN] RX from 0x4 | rank=1 | rssi=-94
[17:19:02.498] ────────────────────────────────────────────────────
[17:19:02.503] RX_MESH | src=0x3 | seq=93 | hops=0 | rssi=-87
[17:19:02.506] LATENCY | src=0x3 | send_ts=1775207940 | recv_ts=1775207943 | one-way ~3517 ms
[17:19:02.608] ACK | to=0x3 | seq=93
[17:19:02.617] AGG | Added to buffer | count=3/7
[17:19:02.629] ────────────────────────────────────────────────────
[17:19:02.690] [BCN] RX from 0x3 | rank=1 | rssi=-87
[17:19:03.732] ────────────────────────────────────────────────────
[17:19:03.737] RX_MESH | src=0x3 | seq=94 | hops=0 | rssi=-86
[17:19:03.740] LATENCY | src=0x3 | send_ts=1775207942 | recv_ts=1775207944 | one-way ~2751 ms
[17:19:03.827] ACK | to=0x3 | seq=94
[17:19:03.837] AGG | Added to buffer | count=4/7
[17:19:03.848] ────────────────────────────────────────────────────
[17:19:04.037] ────────────────────────────────────────────────────
[17:19:04.042] RX_MESH | src=0x4 | seq=179 | hops=0 | rssi=-94
[17:19:04.046] LATENCY | src=0x4 | send_ts=1775207943 | recv_ts=1775207945 | one-way ~2056 ms
[17:19:04.117] ACK | to=0x4 | seq=179
[17:19:04.126] AGG | Added to buffer | count=5/7
[17:19:04.137] ────────────────────────────────────────────────────
[17:19:04.796] ────────────────────────────────────────────────────
[17:19:04.801] RX_MESH | src=0x4 | seq=180 | hops=0 | rssi=-95
[17:19:04.804] LATENCY | src=0x4 | send_ts=1775207945 | recv_ts=1775207945 | one-way ~815 ms
[17:19:04.878] ACK | to=0x4 | seq=180
[17:19:04.887] AGG | Added to buffer | count=6/7
[17:19:04.899] ────────────────────────────────────────────────────
[17:19:06.022] ────────────────────────────────────────────────────
[17:19:06.027] RX_MESH | src=0x3 | seq=95 | hops=0 | rssi=-85
[17:19:06.030] LATENCY | src=0x3 | send_ts=1775207944 | recv_ts=1775207947 | one-way ~3041 ms
[17:19:06.098] ACK | to=0x3 | seq=95
[17:19:06.108] AGG | Added to buffer | count=7/7
[17:19:06.124] ────────────────────────────────────────────────────
[17:19:06.124] 
[17:19:06.125] [FLUSH] Trigger detected, switching to LoRaWAN mode
[17:19:06.126] 
[17:19:06.140] ════════════════════════════════════════════════════
[17:19:06.141] FLUSH | records=7 | bytes=136
[17:19:12.617] UPLINK | OK | TTN received
[17:19:12.618] Total uplinks sent: 47
[17:19:12.630] ════════════════════════════════════════════════════
[17:19:12.630] 
[17:19:12.662] [RADIO] Switched back to MESH_LISTEN mode
[17:19:12.726] [BCN] TX | rank=0 | queue=0%
[17:19:12.741] [DROP] Packet too short (0 bytes)
[17:19:13.625] [BCN] RX from 0x3 | rank=1 | rssi=-85
[17:19:13.936] [BCN] RX from 0x4 | rank=1 | rssi=-95
[17:19:14.226] ────────────────────────────────────────────────────
[17:19:14.231] RX_MESH | src=0x3 | seq=97 | hops=0 | rssi=-86
[17:19:14.234] LATENCY | src=0x3 | send_ts=1775207953 | recv_ts=1775207955 | one-way ~2245 ms
[17:19:14.311] ACK | to=0x3 | seq=97
[17:19:14.320] AGG | Added to buffer | count=1/7
[17:19:14.332] ────────────────────────────────────────────────────
[17:19:15.985] ────────────────────────────────────────────────────
[17:19:15.990] RX_MESH | src=0x3 | seq=98 | hops=0 | rssi=-85
[17:19:15.996] LATENCY | src=0x3 | send_ts=1775207955 | recv_ts=1775207956 | one-way ~1004 ms
[17:19:16.094] ACK | to=0x3 | seq=98
[17:19:16.103] AGG | Added to buffer | count=2/7
[17:19:16.115] ────────────────────────────────────────────────────
[17:19:17.267] ────────────────────────────────────────────────────
[17:19:17.272] RX_MESH | src=0x4 | seq=182 | hops=0 | rssi=-96
[17:19:17.275] LATENCY | src=0x4 | send_ts=1775207954 | recv_ts=1775207958 | one-way ~4286 ms
[17:19:17.378] ACK | to=0x4 | seq=182
[17:19:17.387] AGG | Added to buffer | count=3/7
[17:19:17.398] ────────────────────────────────────────────────────
[17:19:18.930] ────────────────────────────────────────────────────
[17:19:18.935] RX_MESH | src=0x4 | seq=183 | hops=0 | rssi=-98
[17:19:18.938] LATENCY | src=0x4 | send_ts=1775207957 | recv_ts=1775207959 | one-way ~2949 ms
[17:19:19.010] ACK | to=0x4 | seq=183
[17:19:19.019] AGG | Added to buffer | count=4/7
[17:19:19.030] ────────────────────────────────────────────────────
[17:19:19.660] ────────────────────────────────────────────────────
[17:19:19.665] RX_MESH | src=0x3 | seq=99 | hops=0 | rssi=-84
[17:19:19.669] LATENCY | src=0x3 | send_ts=1775207957 | recv_ts=1775207960 | one-way ~3679 ms
[17:19:19.736] ACK | to=0x3 | seq=99
[17:19:19.745] AGG | Added to buffer | count=5/7
[17:19:19.757] ────────────────────────────────────────────────────
[17:19:20.930] ────────────────────────────────────────────────────
[17:19:20.935] RX_MESH | src=0x3 | seq=100 | hops=0 | rssi=-84
[17:19:20.939] LATENCY | src=0x3 | send_ts=1775207959 | recv_ts=1775207961 | one-way ~2949 ms
[17:19:21.005] ACK | to=0x3 | seq=100
[17:19:21.014] AGG | Added to buffer | count=6/7
[17:19:21.026] ────────────────────────────────────────────────────
[17:19:21.259] ────────────────────────────────────────────────────
[17:19:21.264] RX_MESH | src=0x4 | seq=184 | hops=0 | rssi=-98
[17:19:21.267] LATENCY | src=0x4 | send_ts=1775207959 | recv_ts=1775207962 | one-way ~3278 ms
[17:19:21.336] ACK | to=0x4 | seq=184
[17:19:21.345] AGG | Added to buffer | count=7/7
[17:19:21.361] ────────────────────────────────────────────────────
[17:19:21.361] 
[17:19:21.362] [FLUSH] Trigger detected, switching to LoRaWAN mode
[17:19:21.363] 
[17:19:21.377] ════════════════════════════════════════════════════
[17:19:21.378] FLUSH | records=7 | bytes=136
